<?xml version="1.0" encoding="UTF-8" ?>
<testsuite errors="1" failures="0" hostname="ruspd-student3" name="com.swiftteams.testProject.ExampleClass" tests="5" time="0.188" timestamp="2008-11-06T14:17:42">
  <properties>
[...]
</properties>
  <testcase classname="com.swiftteams.testProject.ExampleClass" name="test1" time="0.0" />
  <testcase classname="com.swiftteams.testProject.ExampleClass" name="test2" time="0.0" />
  <testcase classname="com.swiftteams.testProject.ExampleClass" name="test3" time="0.0" />
  <testcase classname="com.swiftteams.testProject.ExampleClass" name="test4" time="0.0" />
  <testcase classname="com.swiftteams.testProject.ExampleClass" name="test5" time="0.016">
    <error message="from test5" type="java.lang.NullPointerException">java.lang.NullPointerException: from test5
	at com.swiftteams.testProject.ExampleClass.test5(ExampleClass.java:23)
	at com.intellij.rt.ant.execution.AntMain2.main(AntMain2.java:17)
</error>
  </testcase>
  <system-out><![CDATA[from test1
from test2]]></system-out>
  <system-err><![CDATA[from test3
]]></system-err>
</testsuite>
