<?xml version="1.0" encoding="UTF-8" ?>
<testsuite errors="0" failures="0" hostname="ruspd-student3" name="jetbrains.buildServer.xmlReportPlugin.AntJUnitReportParserTest" tests="43" time="4.312" timestamp="2009-02-20T14:08:25">
  <properties>
[...]
</properties>
  <testcase classname="jetbrains.buildServer.xmlReportPlugin.AntJUnitReportParserTest" name="testUnexistingReport" time="1.109" />
  <testcase classname="jetbrains.buildServer.xmlReportPlugin.AntJUnitReportParserTest" name="testEmptyReport" time="0.094" />
  <testcase classname="jetbrains.buildServer.xmlReportPlugin.AntJUnitReportParserTest" name="testWrongFormatReport" time="0.062" />
  <testcase classname="jetbrains.buildServer.xmlReportPlugin.AntJUnitReportParserTest" name="testNoCases" time="0.078" />
  <testcase classname="jetbrains.buildServer.xmlReportPlugin.AntJUnitReportParserTest" name="testSingleCaseSuccess" time="0.094" />
  <testcase classname="jetbrains.buildServer.xmlReportPlugin.AntJUnitReportParserTest" name="test1CaseFailure" time="0.047" />
  <testcase classname="jetbrains.buildServer.xmlReportPlugin.AntJUnitReportParserTest" name="test1CaseError" time="0.063" />
  <testcase classname="jetbrains.buildServer.xmlReportPlugin.AntJUnitReportParserTest" name="test1CaseIn2PartsBreakTestSuiteBetweenAttrs" time="0.046" />
  <testcase classname="jetbrains.buildServer.xmlReportPlugin.AntJUnitReportParserTest" name="test1CaseIn2PartsBreakTestSuiteAfterAttrs" time="0.047" />
  <testcase classname="jetbrains.buildServer.xmlReportPlugin.AntJUnitReportParserTest" name="test1CaseIn2PartsBreakAfterTestSuite" time="0.062" />
  <testcase classname="jetbrains.buildServer.xmlReportPlugin.AntJUnitReportParserTest" name="test1CaseIn2PartsBreakAfterAttrs" time="0.062" />
  <testcase classname="jetbrains.buildServer.xmlReportPlugin.AntJUnitReportParserTest" name="test1CaseIn2PartsBreakClosing" time="0.078" />
  <testcase classname="jetbrains.buildServer.xmlReportPlugin.AntJUnitReportParserTest" name="test1CaseIn2PartsFrom1TrySuiteFrom2" time="0.219" />
  <testcase classname="jetbrains.buildServer.xmlReportPlugin.AntJUnitReportParserTest" name="test2CasesSuccess" time="0.078" />
  <testcase classname="jetbrains.buildServer.xmlReportPlugin.AntJUnitReportParserTest" name="test2CasesFirstSuccess" time="0.031" />
  <testcase classname="jetbrains.buildServer.xmlReportPlugin.AntJUnitReportParserTest" name="test2CasesSecondSuccess" time="0.031" />
  <testcase classname="jetbrains.buildServer.xmlReportPlugin.AntJUnitReportParserTest" name="test2CasesFailed" time="0.031" />
  <testcase classname="jetbrains.buildServer.xmlReportPlugin.AntJUnitReportParserTest" name="test2CasesIn2PartsFirstBreakBetweenAttrs" time="0.062" />
  <testcase classname="jetbrains.buildServer.xmlReportPlugin.AntJUnitReportParserTest" name="test2CasesIn2PartsFirstBreakFailureST" time="0.047" />
  <testcase classname="jetbrains.buildServer.xmlReportPlugin.AntJUnitReportParserTest" name="test2CasesIn2PartsFirstBreakAfterFailure" time="0.031" />
  <testcase classname="jetbrains.buildServer.xmlReportPlugin.AntJUnitReportParserTest" name="test2CasesIn2PartsBreakAfterFirst" time="0.14" />
  <testcase classname="jetbrains.buildServer.xmlReportPlugin.AntJUnitReportParserTest" name="test2CasesIn2PartsSecondBreakBetweenAttrs" time="0.047" />
  <testcase classname="jetbrains.buildServer.xmlReportPlugin.AntJUnitReportParserTest" name="test2CasesIn2PartsSecondBreakFailureMessage" time="0.047" />
  <testcase classname="jetbrains.buildServer.xmlReportPlugin.AntJUnitReportParserTest" name="test2CasesIn2PartsSecondBreakFailureST" time="0.047" />
  <testcase classname="jetbrains.buildServer.xmlReportPlugin.AntJUnitReportParserTest" name="test2CasesIn2PartsSecondBreakErrorClosing" time="0.047" />
  <testcase classname="jetbrains.buildServer.xmlReportPlugin.AntJUnitReportParserTest" name="test2CasesIn2PartsSecondBreakClosing" time="0.031" />
  <testcase classname="jetbrains.buildServer.xmlReportPlugin.AntJUnitReportParserTest" name="test2CasesIn2PartsBothFrom1TrySuiteFrom2" time="0.047" />
  <testcase classname="jetbrains.buildServer.xmlReportPlugin.AntJUnitReportParserTest" name="test2CasesIn2PartsBreakHeading" time="0.046" />
  <testcase classname="jetbrains.buildServer.xmlReportPlugin.AntJUnitReportParserTest" name="test2CasesIn2PartsBreakTestSuite" time="0.032" />
  <testcase classname="jetbrains.buildServer.xmlReportPlugin.AntJUnitReportParserTest" name="test2CasesIn2PartsBreakTestSuiteInAttr" time="0.047" />
  <testcase classname="jetbrains.buildServer.xmlReportPlugin.AntJUnitReportParserTest" name="test9CasesIn3Parts" time="0.078" />
  <testcase classname="jetbrains.buildServer.xmlReportPlugin.AntJUnitReportParserTest" name="testPrintSystemOut" time="0.047" />
  <testcase classname="jetbrains.buildServer.xmlReportPlugin.AntJUnitReportParserTest" name="testPrintlnSystemOut" time="0.046" />
  <testcase classname="jetbrains.buildServer.xmlReportPlugin.AntJUnitReportParserTest" name="testPrintSystemErr" time="0.032" />
  <testcase classname="jetbrains.buildServer.xmlReportPlugin.AntJUnitReportParserTest" name="testPrintlnSystemErr" time="0.031" />
  <testcase classname="jetbrains.buildServer.xmlReportPlugin.AntJUnitReportParserTest" name="testPrintFiveLineSystemOut" time="0.031" />
  <testcase classname="jetbrains.buildServer.xmlReportPlugin.AntJUnitReportParserTest" name="testPrintlnFiveLineSystemOut" time="0.032" />
  <testcase classname="jetbrains.buildServer.xmlReportPlugin.AntJUnitReportParserTest" name="testPrintFiveLineSystemErr" time="0.032" />
  <testcase classname="jetbrains.buildServer.xmlReportPlugin.AntJUnitReportParserTest" name="testPrintlnFiveLineSystemErr" time="0.031" />
  <testcase classname="jetbrains.buildServer.xmlReportPlugin.AntJUnitReportParserTest" name="fiveLineSystemOutAndErr" time="0.032" />
  <testcase classname="jetbrains.buildServer.xmlReportPlugin.AntJUnitReportParserTest" name="testLogCaseSystemOut" time="0.047" />
  <testcase classname="jetbrains.buildServer.xmlReportPlugin.AntJUnitReportParserTest" name="testLogCaseSystemErr" time="0.063" />
  <testcase classname="jetbrains.buildServer.xmlReportPlugin.AntJUnitReportParserTest" name="testLog2CasesSystemOut" time="0.031" />
  <system-out><![CDATA[]]></system-out>
  <system-err><![CDATA[]]></system-err>
</testsuite>
