<?xml version="1.0" encoding="UTF-8" ?>
<!--
  ~ Copyright 2000-2012 JetBrains s.r.o.
  ~
  ~ Licensed under the Apache License, Version 2.0 (the "License");
  ~ you may not use this file except in compliance with the License.
  ~ You may obtain a copy of the License at
  ~
  ~ http://www.apache.org/licenses/LICENSE-2.0
  ~
  ~ Unless required by applicable law or agreed to in writing, software
  ~ distributed under the License is distributed on an "AS IS" BASIS,
  ~ WITHOUT WARRANTIES OR CONDITIONS OF ANY KIND, either express or implied.
  ~ See the License for the specific language governing permissions and
  ~ limitations under the License.
  -->

<testsuite errors="0" failures="0" hostname="ruspd-student3" name="TestCase" tests="1" time="0.188"
           timestamp="2008-11-06T14:17:42">
  <properties/>
  <testcase classname="TestCase" name="test1" time="0.0">
    <system-out><![CDATA[from test1]]></system-out>
  </testcase>
</testsuite>
