<?xml version="1.0" encoding="UTF-8" ?>


<testsuite errors="0" failures="1" hostname="ruspd-student3" name="TestCase" tests="1" time="0.047"
           timestamp="2008-10-30T17:11:25">
  <properties/>
  <testcase classname="TestCase" name="test" time="0.047">
    <failure message="Assertion message from test" type="junit.framework.AssertionFailedError">
      junit.framework.AssertionFailedError: Assertion message from test
      at TestCase.test(Unknown Source)
    </failure>
  </testcase>
</testsuite>