<?xml version="1.0" encoding="UTF-8" ?>
<!--
  ~ Copyright 2000-2011 JetBrains s.r.o.
  ~
  ~ Licensed under the Apache License, Version 2.0 (the "License");
  ~ you may not use this file except in compliance with the License.
  ~ You may obtain a copy of the License at
  ~
  ~ http://www.apache.org/licenses/LICENSE-2.0
  ~
  ~ Unless required by applicable law or agreed to in writing, software
  ~ distributed under the License is distributed on an "AS IS" BASIS,
  ~ WITHOUT WARRANTIES OR CONDITIONS OF ANY KIND, either express or implied.
  ~ See the License for the specific language governing permissions and
  ~ limitations under the License.
  -->

<testsuite errors="0" failures="999" hostname="ruspd-student3" name="org.jetbrains.testProject.TestClass0_0"
           tests="1000" time="12.874" timestamp="2009-03-31T09:52:29">
  <properties>
[...]
</properties>
  <testcase classname="org.jetbrains.testProject.TestClass0_0" name="test0" time="0.0">
    <failure message="Assertion message form test" type="junit.framework.AssertionFailedError">
      junit.framework.AssertionFailedError: Assertion message form test
      at org.jetbrains.testProject.TestClass0_0.test0(Unknown Source)
    </failure>
  </testcase>
  <testcase classname="org.jetbrains.testProject.TestClass0_0" name="test1" time="0.0">
    <failure message="Assertion message form test" type="junit.framework.AssertionFailedError">
      junit.framework.AssertionFailedError: Assertion message form test
      at org.jetbrains.testProject.TestClass0_0.test1(Unknown Source)
    </failure>
  </testcase>
  <testcase classname="org.jetbrains.testProject.TestClass0_0" name="test2" time="0.125">
    <failure message="Assertion message form test" type="junit.framework.AssertionFailedError">
      junit.framework.AssertionFailedError: Assertion message form test
      at org.jetbrains.testProject.TestClass0_0.test2(Unknown Source)
    </failure>
  </testcase>
  <testcase classname="org.jetbrains.testProject.TestClass0_0" name="test3" time="0.0">
    <failure message="Assertion message form test" type="junit.framework.AssertionFailedError">
      junit.framework.AssertionFailedError: Assertion message form test
      at org.jetbrains.testProject.TestClass0_0.test3(Unknown Source)
    </failure>
  </testcase>
  <testcase classname="org.jetbrains.testProject.TestClass0_0" name="test4" time="0.016">
    <failure message="Assertion message form test" type="junit.framework.AssertionFailedError">
      junit.framework.AssertionFailedError: Assertion message form test
      at org.jetbrains.testProject.TestClass0_0.test4(Unknown Source)
    </failure>
  </testcase>
  <testcase classname="org.jetbrains.testProject.TestClass0_0" name="test5" time="0.0">
    <failure message="Assertion message form test" type="junit.framework.AssertionFailedError">
      junit.framework.AssertionFailedError: Assertion message form test
      at org.jetbrains.testProject.TestClass0_0.test5(Unknown Source)
    </failure>
  </testcase>
  <testcase classname="org.jetbrains.testProject.TestClass0_0" name="test6" time="0.0">
    <failure message="Assertion message form test" type="junit.framework.AssertionFailedError">
      junit.framework.AssertionFailedError: Assertion message form test
      at org.jetbrains.testProject.TestClass0_0.test6(Unknown Source)
    </failure>
  </testcase>
  <testcase classname="org.jetbrains.testProject.TestClass0_0" name="test7" time="0.0">
    <failure message="Assertion message form test" type="junit.framework.AssertionFailedError">
      junit.framework.AssertionFailedError: Assertion message form test
      at org.jetbrains.testProject.TestClass0_0.test7(Unknown Source)
    </failure>
  </testcase>
  <testcase classname="org.jetbrains.testProject.TestClass0_0" name="test8" time="0.0">
    <failure message="Assertion message form test" type="junit.framework.AssertionFailedError">
      junit.framework.AssertionFailedError: Assertion message form test
      at org.jetbrains.testProject.TestClass0_0.test8(Unknown Source)
    </failure>
  </testcase>
  <testcase classname="org.jetbrains.testProject.TestClass0_0" name="test9" time="0.0">
    <failure message="Assertion message form test" type="junit.framework.AssertionFailedError">
      junit.framework.AssertionFailedError: Assertion message form test
      at org.jetbrains.testProject.TestClass0_0.test9(Unknown Source)
    </failure>
  </testcase>
  <testcase classname="org.jetbrains.testProject.TestClass0_0" name="test10" time="0.016">
    <failure message="Assertion message form test" type="junit.framework.AssertionFailedError">
      junit.framework.AssertionFailedError: Assertion message form test
      at org.jetbrains.testProject.TestClass0_0.test10(Unknown Source)
    </failure>
  </testcase>
  <testcase classname="org.jetbrains.testProject.TestClass0_0" name="test11" time="0.0">
    <failure message="Assertion message form test" type="junit.framework.AssertionFailedError">
      junit.framework.AssertionFailedError: Assertion message form test
      at org.jetbrains.testProject.TestClass0_0.test11(Unknown Source)
    </failure>
  </testcase>
  <testcase classname="org.jetbrains.testProject.TestClass0_0" name="test12" time="0.0">
    <failure message="Assertion message form test" type="junit.framework.AssertionFailedError">
      junit.framework.AssertionFailedError: Assertion message form test
      at org.jetbrains.testProject.TestClass0_0.test12(Unknown Source)
    </failure>
  </testcase>
  <testcase classname="org.jetbrains.testProject.TestClass0_0" name="test13" time="0.0">
    <failure message="Assertion message form test" type="junit.framework.AssertionFailedError">
      junit.framework.AssertionFailedError: Assertion message form test
      at org.jetbrains.testProject.TestClass0_0.test13(Unknown Source)
    </failure>
  </testcase>
  <testcase classname="org.jetbrains.testProject.TestClass0_0" name="test14" time="0.0">
    <failure message="Assertion message form test" type="junit.framework.AssertionFailedError">
      junit.framework.AssertionFailedError: Assertion message form test
      at org.jetbrains.testProject.TestClass0_0.test14(Unknown Source)
    </failure>
  </testcase>
  <testcase classname="org.jetbrains.testProject.TestClass0_0" name="test15" time="0.015">
    <failure message="Assertion message form test" type="junit.framework.AssertionFailedError">
      junit.framework.AssertionFailedError: Assertion message form test
      at org.jetbrains.testProject.TestClass0_0.test15(Unknown Source)
    </failure>
  </testcase>
  <testcase classname="org.jetbrains.testProject.TestClass0_0" name="test16" time="0.0">
    <failure message="Assertion message form test" type="junit.framework.AssertionFailedError">
      junit.framework.AssertionFailedError: Assertion message form test
      at org.jetbrains.testProject.TestClass0_0.test16(Unknown Source)
    </failure>
  </testcase>
  <testcase classname="org.jetbrains.testProject.TestClass0_0" name="test17" time="0.0">
    <failure message="Assertion message form test" type="junit.framework.AssertionFailedError">
      junit.framework.AssertionFailedError: Assertion message form test
      at org.jetbrains.testProject.TestClass0_0.test17(Unknown Source)
    </failure>
  </testcase>
  <testcase classname="org.jetbrains.testProject.TestClass0_0" name="test18" time="0.0">
    <failure message="Assertion message form test" type="junit.framework.AssertionFailedError">
      junit.framework.AssertionFailedError: Assertion message form test
      at org.jetbrains.testProject.TestClass0_0.test18(Unknown Source)
    </failure>
  </testcase>
  <testcase classname="org.jetbrains.testProject.TestClass0_0" name="test19" time="0.0">
    <failure message="Assertion message form test" type="junit.framework.AssertionFailedError">
      junit.framework.AssertionFailedError: Assertion message form test
      at org.jetbrains.testProject.TestClass0_0.test19(Unknown Source)
    </failure>
  </testcase>
  <testcase classname="org.jetbrains.testProject.TestClass0_0" name="test20" time="0.016">
    <failure message="Assertion message form test" type="junit.framework.AssertionFailedError">
      junit.framework.AssertionFailedError: Assertion message form test
      at org.jetbrains.testProject.TestClass0_0.test20(Unknown Source)
    </failure>
  </testcase>
  <testcase classname="org.jetbrains.testProject.TestClass0_0" name="test21" time="0.0">
    <failure message="Assertion message form test" type="junit.framework.AssertionFailedError">
      junit.framework.AssertionFailedError: Assertion message form test
      at org.jetbrains.testProject.TestClass0_0.test21(Unknown Source)
    </failure>
  </testcase>
  <testcase classname="org.jetbrains.testProject.TestClass0_0" name="test22" time="0.0">
    <failure message="Assertion message form test" type="junit.framework.AssertionFailedError">
      junit.framework.AssertionFailedError: Assertion message form test
      at org.jetbrains.testProject.TestClass0_0.test22(Unknown Source)
    </failure>
  </testcase>
  <testcase classname="org.jetbrains.testProject.TestClass0_0" name="test23" time="0.0">
    <failure message="Assertion message form test" type="junit.framework.AssertionFailedError">
      junit.framework.AssertionFailedError: Assertion message form test
      at org.jetbrains.testProject.TestClass0_0.test23(Unknown Source)
    </failure>
  </testcase>
  <testcase classname="org.jetbrains.testProject.TestClass0_0" name="test24" time="0.0">
    <failure message="Assertion message form test" type="junit.framework.AssertionFailedError">
      junit.framework.AssertionFailedError: Assertion message form test
      at org.jetbrains.testProject.TestClass0_0.test24(Unknown Source)
    </failure>
  </testcase>
  <testcase classname="org.jetbrains.testProject.TestClass0_0" name="test25" time="0.015">
    <failure message="Assertion message form test" type="junit.framework.AssertionFailedError">
      junit.framework.AssertionFailedError: Assertion message form test
      at org.jetbrains.testProject.TestClass0_0.test25(Unknown Source)
    </failure>
  </testcase>
  <testcase classname="org.jetbrains.testProject.TestClass0_0" name="test26" time="0.0">
    <failure message="Assertion message form test" type="junit.framework.AssertionFailedError">
      junit.framework.AssertionFailedError: Assertion message form test
      at org.jetbrains.testProject.TestClass0_0.test26(Unknown Source)
    </failure>
  </testcase>
  <testcase classname="org.jetbrains.testProject.TestClass0_0" name="test27" time="0.0">
    <failure message="Assertion message form test" type="junit.framework.AssertionFailedError">
      junit.framework.AssertionFailedError: Assertion message form test
      at org.jetbrains.testProject.TestClass0_0.test27(Unknown Source)
    </failure>
  </testcase>
  <testcase classname="org.jetbrains.testProject.TestClass0_0" name="test28" time="0.0">
    <failure message="Assertion message form test" type="junit.framework.AssertionFailedError">
      junit.framework.AssertionFailedError: Assertion message form test
      at org.jetbrains.testProject.TestClass0_0.test28(Unknown Source)
    </failure>
  </testcase>
  <testcase classname="org.jetbrains.testProject.TestClass0_0" name="test29" time="0.0">
    <failure message="Assertion message form test" type="junit.framework.AssertionFailedError">
      junit.framework.AssertionFailedError: Assertion message form test
      at org.jetbrains.testProject.TestClass0_0.test29(Unknown Source)
    </failure>
  </testcase>
  <testcase classname="org.jetbrains.testProject.TestClass0_0" name="test30" time="0.0">
    <failure message="Assertion message form test" type="junit.framework.AssertionFailedError">
      junit.framework.AssertionFailedError: Assertion message form test
      at org.jetbrains.testProject.TestClass0_0.test30(Unknown Source)
    </failure>
  </testcase>
  <testcase classname="org.jetbrains.testProject.TestClass0_0" name="test31" time="0.016">
    <failure message="Assertion message form test" type="junit.framework.AssertionFailedError">
      junit.framework.AssertionFailedError: Assertion message form test
      at org.jetbrains.testProject.TestClass0_0.test31(Unknown Source)
    </failure>
  </testcase>
  <testcase classname="org.jetbrains.testProject.TestClass0_0" name="test32" time="0.0">
    <failure message="Assertion message form test" type="junit.framework.AssertionFailedError">
      junit.framework.AssertionFailedError: Assertion message form test
      at org.jetbrains.testProject.TestClass0_0.test32(Unknown Source)
    </failure>
  </testcase>
  <testcase classname="org.jetbrains.testProject.TestClass0_0" name="test33" time="0.0">
    <failure message="Assertion message form test" type="junit.framework.AssertionFailedError">
      junit.framework.AssertionFailedError: Assertion message form test
      at org.jetbrains.testProject.TestClass0_0.test33(Unknown Source)
    </failure>
  </testcase>
  <testcase classname="org.jetbrains.testProject.TestClass0_0" name="test34" time="0.0">
    <failure message="Assertion message form test" type="junit.framework.AssertionFailedError">
      junit.framework.AssertionFailedError: Assertion message form test
      at org.jetbrains.testProject.TestClass0_0.test34(Unknown Source)
    </failure>
  </testcase>
  <testcase classname="org.jetbrains.testProject.TestClass0_0" name="test35" time="0.016">
    <failure message="Assertion message form test" type="junit.framework.AssertionFailedError">
      junit.framework.AssertionFailedError: Assertion message form test
      at org.jetbrains.testProject.TestClass0_0.test35(Unknown Source)
    </failure>
  </testcase>
  <testcase classname="org.jetbrains.testProject.TestClass0_0" name="test36" time="0.0">
    <failure message="Assertion message form test" type="junit.framework.AssertionFailedError">
      junit.framework.AssertionFailedError: Assertion message form test
      at org.jetbrains.testProject.TestClass0_0.test36(Unknown Source)
    </failure>
  </testcase>
  <testcase classname="org.jetbrains.testProject.TestClass0_0" name="test37" time="0.0">
    <failure message="Assertion message form test" type="junit.framework.AssertionFailedError">
      junit.framework.AssertionFailedError: Assertion message form test
      at org.jetbrains.testProject.TestClass0_0.test37(Unknown Source)
    </failure>
  </testcase>
  <testcase classname="org.jetbrains.testProject.TestClass0_0" name="test38" time="0.0">
    <failure message="Assertion message form test" type="junit.framework.AssertionFailedError">
      junit.framework.AssertionFailedError: Assertion message form test
      at org.jetbrains.testProject.TestClass0_0.test38(Unknown Source)
    </failure>
  </testcase>
  <testcase classname="org.jetbrains.testProject.TestClass0_0" name="test39" time="0.0">
    <failure message="Assertion message form test" type="junit.framework.AssertionFailedError">
      junit.framework.AssertionFailedError: Assertion message form test
      at org.jetbrains.testProject.TestClass0_0.test39(Unknown Source)
    </failure>
  </testcase>
  <testcase classname="org.jetbrains.testProject.TestClass0_0" name="test40" time="0.0">
    <failure message="Assertion message form test" type="junit.framework.AssertionFailedError">
      junit.framework.AssertionFailedError: Assertion message form test
      at org.jetbrains.testProject.TestClass0_0.test40(Unknown Source)
    </failure>
  </testcase>
  <testcase classname="org.jetbrains.testProject.TestClass0_0" name="test41" time="0.234">
    <failure message="Assertion message form test" type="junit.framework.AssertionFailedError">
      junit.framework.AssertionFailedError: Assertion message form test
      at org.jetbrains.testProject.TestClass0_0.test41(Unknown Source)
    </failure>
  </testcase>
  <testcase classname="org.jetbrains.testProject.TestClass0_0" name="test42" time="0.156">
    <failure message="Assertion message form test" type="junit.framework.AssertionFailedError">
      junit.framework.AssertionFailedError: Assertion message form test
      at org.jetbrains.testProject.TestClass0_0.test42(Unknown Source)
    </failure>
  </testcase>
  <testcase classname="org.jetbrains.testProject.TestClass0_0" name="test43" time="0.234">
    <failure message="Assertion message form test" type="junit.framework.AssertionFailedError">
      junit.framework.AssertionFailedError: Assertion message form test
      at org.jetbrains.testProject.TestClass0_0.test43(Unknown Source)
    </failure>
  </testcase>
  <testcase classname="org.jetbrains.testProject.TestClass0_0" name="test44" time="0.0">
    <failure message="Assertion message form test" type="junit.framework.AssertionFailedError">
      junit.framework.AssertionFailedError: Assertion message form test
      at org.jetbrains.testProject.TestClass0_0.test44(Unknown Source)
    </failure>
  </testcase>
  <testcase classname="org.jetbrains.testProject.TestClass0_0" name="test45" time="0.0">
    <failure message="Assertion message form test" type="junit.framework.AssertionFailedError">
      junit.framework.AssertionFailedError: Assertion message form test
      at org.jetbrains.testProject.TestClass0_0.test45(Unknown Source)
    </failure>
  </testcase>
  <testcase classname="org.jetbrains.testProject.TestClass0_0" name="test46" time="0.0">
    <failure message="Assertion message form test" type="junit.framework.AssertionFailedError">
      junit.framework.AssertionFailedError: Assertion message form test
      at org.jetbrains.testProject.TestClass0_0.test46(Unknown Source)
    </failure>
  </testcase>
  <testcase classname="org.jetbrains.testProject.TestClass0_0" name="test47" time="0.0">
    <failure message="Assertion message form test" type="junit.framework.AssertionFailedError">
      junit.framework.AssertionFailedError: Assertion message form test
      at org.jetbrains.testProject.TestClass0_0.test47(Unknown Source)
    </failure>
  </testcase>
  <testcase classname="org.jetbrains.testProject.TestClass0_0" name="test48" time="0.016">
    <failure message="Assertion message form test" type="junit.framework.AssertionFailedError">
      junit.framework.AssertionFailedError: Assertion message form test
      at org.jetbrains.testProject.TestClass0_0.test48(Unknown Source)
    </failure>
  </testcase>
  <testcase classname="org.jetbrains.testProject.TestClass0_0" name="test49" time="0.0">
    <failure message="Assertion message form test" type="junit.framework.AssertionFailedError">
      junit.framework.AssertionFailedError: Assertion message form test
      at org.jetbrains.testProject.TestClass0_0.test49(Unknown Source)
    </failure>
  </testcase>
  <testcase classname="org.jetbrains.testProject.TestClass0_0" name="test50" time="0.0">
    <failure message="Assertion message form test" type="junit.framework.AssertionFailedError">
      junit.framework.AssertionFailedError: Assertion message form test
      at org.jetbrains.testProject.TestClass0_0.test50(Unknown Source)
    </failure>
  </testcase>
  <testcase classname="org.jetbrains.testProject.TestClass0_0" name="test51" time="0.0">
    <failure message="Assertion message form test" type="junit.framework.AssertionFailedError">
      junit.framework.AssertionFailedError: Assertion message form test
      at org.jetbrains.testProject.TestClass0_0.test51(Unknown Source)
    </failure>
  </testcase>
  <testcase classname="org.jetbrains.testProject.TestClass0_0" name="test52" time="0.078">
    <failure message="Assertion message form test" type="junit.framework.AssertionFailedError">
      junit.framework.AssertionFailedError: Assertion message form test
      at org.jetbrains.testProject.TestClass0_0.test52(Unknown Source)
    </failure>
  </testcase>
  <testcase classname="org.jetbrains.testProject.TestClass0_0" name="test53" time="0.015">
    <failure message="Assertion message form test" type="junit.framework.AssertionFailedError">
      junit.framework.AssertionFailedError: Assertion message form test
      at org.jetbrains.testProject.TestClass0_0.test53(Unknown Source)
    </failure>
  </testcase>
  <testcase classname="org.jetbrains.testProject.TestClass0_0" name="test54" time="0.125">
    <failure message="Assertion message form test" type="junit.framework.AssertionFailedError">
      junit.framework.AssertionFailedError: Assertion message form test
      at org.jetbrains.testProject.TestClass0_0.test54(Unknown Source)
    </failure>
  </testcase>
  <testcase classname="org.jetbrains.testProject.TestClass0_0" name="test55" time="0.0">
    <failure message="Assertion message form test" type="junit.framework.AssertionFailedError">
      junit.framework.AssertionFailedError: Assertion message form test
      at org.jetbrains.testProject.TestClass0_0.test55(Unknown Source)
    </failure>
  </testcase>
  <testcase classname="org.jetbrains.testProject.TestClass0_0" name="test56" time="0.0">
    <failure message="Assertion message form test" type="junit.framework.AssertionFailedError">
      junit.framework.AssertionFailedError: Assertion message form test
      at org.jetbrains.testProject.TestClass0_0.test56(Unknown Source)
    </failure>
  </testcase>
  <testcase classname="org.jetbrains.testProject.TestClass0_0" name="test57" time="0.0">
    <failure message="Assertion message form test" type="junit.framework.AssertionFailedError">
      junit.framework.AssertionFailedError: Assertion message form test
      at org.jetbrains.testProject.TestClass0_0.test57(Unknown Source)
    </failure>
  </testcase>
  <testcase classname="org.jetbrains.testProject.TestClass0_0" name="test58" time="0.0">
    <failure message="Assertion message form test" type="junit.framework.AssertionFailedError">
      junit.framework.AssertionFailedError: Assertion message form test
      at org.jetbrains.testProject.TestClass0_0.test58(Unknown Source)
    </failure>
  </testcase>
  <testcase classname="org.jetbrains.testProject.TestClass0_0" name="test59" time="0.0">
    <failure message="Assertion message form test" type="junit.framework.AssertionFailedError">
      junit.framework.AssertionFailedError: Assertion message form test
      at org.jetbrains.testProject.TestClass0_0.test59(Unknown Source)
    </failure>
  </testcase>
  <testcase classname="org.jetbrains.testProject.TestClass0_0" name="test60" time="0.016">
    <failure message="Assertion message form test" type="junit.framework.AssertionFailedError">
      junit.framework.AssertionFailedError: Assertion message form test
      at org.jetbrains.testProject.TestClass0_0.test60(Unknown Source)
    </failure>
  </testcase>
  <testcase classname="org.jetbrains.testProject.TestClass0_0" name="test61" time="0.0">
    <failure message="Assertion message form test" type="junit.framework.AssertionFailedError">
      junit.framework.AssertionFailedError: Assertion message form test
      at org.jetbrains.testProject.TestClass0_0.test61(Unknown Source)
    </failure>
  </testcase>
  <testcase classname="org.jetbrains.testProject.TestClass0_0" name="test62" time="0.0">
    <failure message="Assertion message form test" type="junit.framework.AssertionFailedError">
      junit.framework.AssertionFailedError: Assertion message form test
      at org.jetbrains.testProject.TestClass0_0.test62(Unknown Source)
    </failure>
  </testcase>
  <testcase classname="org.jetbrains.testProject.TestClass0_0" name="test63" time="0.0">
    <failure message="Assertion message form test" type="junit.framework.AssertionFailedError">
      junit.framework.AssertionFailedError: Assertion message form test
      at org.jetbrains.testProject.TestClass0_0.test63(Unknown Source)
    </failure>
  </testcase>
  <testcase classname="org.jetbrains.testProject.TestClass0_0" name="test64" time="0.016">
    <failure message="Assertion message form test" type="junit.framework.AssertionFailedError">
      junit.framework.AssertionFailedError: Assertion message form test
      at org.jetbrains.testProject.TestClass0_0.test64(Unknown Source)
    </failure>
  </testcase>
  <testcase classname="org.jetbrains.testProject.TestClass0_0" name="test65" time="0.0">
    <failure message="Assertion message form test" type="junit.framework.AssertionFailedError">
      junit.framework.AssertionFailedError: Assertion message form test
      at org.jetbrains.testProject.TestClass0_0.test65(Unknown Source)
    </failure>
  </testcase>
  <testcase classname="org.jetbrains.testProject.TestClass0_0" name="test66" time="0.0">
    <failure message="Assertion message form test" type="junit.framework.AssertionFailedError">
      junit.framework.AssertionFailedError: Assertion message form test
      at org.jetbrains.testProject.TestClass0_0.test66(Unknown Source)
    </failure>
  </testcase>
  <testcase classname="org.jetbrains.testProject.TestClass0_0" name="test67" time="0.0">
    <failure message="Assertion message form test" type="junit.framework.AssertionFailedError">
      junit.framework.AssertionFailedError: Assertion message form test
      at org.jetbrains.testProject.TestClass0_0.test67(Unknown Source)
    </failure>
  </testcase>
  <testcase classname="org.jetbrains.testProject.TestClass0_0" name="test68" time="0.0">
    <failure message="Assertion message form test" type="junit.framework.AssertionFailedError">
      junit.framework.AssertionFailedError: Assertion message form test
      at org.jetbrains.testProject.TestClass0_0.test68(Unknown Source)
    </failure>
  </testcase>
  <testcase classname="org.jetbrains.testProject.TestClass0_0" name="test69" time="0.015">
    <failure message="Assertion message form test" type="junit.framework.AssertionFailedError">
      junit.framework.AssertionFailedError: Assertion message form test
      at org.jetbrains.testProject.TestClass0_0.test69(Unknown Source)
    </failure>
  </testcase>
  <testcase classname="org.jetbrains.testProject.TestClass0_0" name="test70" time="0.0">
    <failure message="Assertion message form test" type="junit.framework.AssertionFailedError">
      junit.framework.AssertionFailedError: Assertion message form test
      at org.jetbrains.testProject.TestClass0_0.test70(Unknown Source)
    </failure>
  </testcase>
  <testcase classname="org.jetbrains.testProject.TestClass0_0" name="test71" time="0.0">
    <failure message="Assertion message form test" type="junit.framework.AssertionFailedError">
      junit.framework.AssertionFailedError: Assertion message form test
      at org.jetbrains.testProject.TestClass0_0.test71(Unknown Source)
    </failure>
  </testcase>
  <testcase classname="org.jetbrains.testProject.TestClass0_0" name="test72" time="0.0">
    <failure message="Assertion message form test" type="junit.framework.AssertionFailedError">
      junit.framework.AssertionFailedError: Assertion message form test
      at org.jetbrains.testProject.TestClass0_0.test72(Unknown Source)
    </failure>
  </testcase>
  <testcase classname="org.jetbrains.testProject.TestClass0_0" name="test73" time="0.0">
    <failure message="Assertion message form test" type="junit.framework.AssertionFailedError">
      junit.framework.AssertionFailedError: Assertion message form test
      at org.jetbrains.testProject.TestClass0_0.test73(Unknown Source)
    </failure>
  </testcase>
  <testcase classname="org.jetbrains.testProject.TestClass0_0" name="test74" time="0.016">
    <failure message="Assertion message form test" type="junit.framework.AssertionFailedError">
      junit.framework.AssertionFailedError: Assertion message form test
      at org.jetbrains.testProject.TestClass0_0.test74(Unknown Source)
    </failure>
  </testcase>
  <testcase classname="org.jetbrains.testProject.TestClass0_0" name="test75" time="0.0">
    <failure message="Assertion message form test" type="junit.framework.AssertionFailedError">
      junit.framework.AssertionFailedError: Assertion message form test
      at org.jetbrains.testProject.TestClass0_0.test75(Unknown Source)
    </failure>
  </testcase>
  <testcase classname="org.jetbrains.testProject.TestClass0_0" name="test76" time="0.0">
    <failure message="Assertion message form test" type="junit.framework.AssertionFailedError">
      junit.framework.AssertionFailedError: Assertion message form test
      at org.jetbrains.testProject.TestClass0_0.test76(Unknown Source)
    </failure>
  </testcase>
  <testcase classname="org.jetbrains.testProject.TestClass0_0" name="test77" time="0.0">
    <failure message="Assertion message form test" type="junit.framework.AssertionFailedError">
      junit.framework.AssertionFailedError: Assertion message form test
      at org.jetbrains.testProject.TestClass0_0.test77(Unknown Source)
    </failure>
  </testcase>
  <testcase classname="org.jetbrains.testProject.TestClass0_0" name="test78" time="0.0">
    <failure message="Assertion message form test" type="junit.framework.AssertionFailedError">
      junit.framework.AssertionFailedError: Assertion message form test
      at org.jetbrains.testProject.TestClass0_0.test78(Unknown Source)
    </failure>
  </testcase>
  <testcase classname="org.jetbrains.testProject.TestClass0_0" name="test79" time="0.016">
    <failure message="Assertion message form test" type="junit.framework.AssertionFailedError">
      junit.framework.AssertionFailedError: Assertion message form test
      at org.jetbrains.testProject.TestClass0_0.test79(Unknown Source)
    </failure>
  </testcase>
  <testcase classname="org.jetbrains.testProject.TestClass0_0" name="test80" time="0.0">
    <failure message="Assertion message form test" type="junit.framework.AssertionFailedError">
      junit.framework.AssertionFailedError: Assertion message form test
      at org.jetbrains.testProject.TestClass0_0.test80(Unknown Source)
    </failure>
  </testcase>
  <testcase classname="org.jetbrains.testProject.TestClass0_0" name="test81" time="0.0">
    <failure message="Assertion message form test" type="junit.framework.AssertionFailedError">
      junit.framework.AssertionFailedError: Assertion message form test
      at org.jetbrains.testProject.TestClass0_0.test81(Unknown Source)
    </failure>
  </testcase>
  <testcase classname="org.jetbrains.testProject.TestClass0_0" name="test82" time="0.0">
    <failure message="Assertion message form test" type="junit.framework.AssertionFailedError">
      junit.framework.AssertionFailedError: Assertion message form test
      at org.jetbrains.testProject.TestClass0_0.test82(Unknown Source)
    </failure>
  </testcase>
  <testcase classname="org.jetbrains.testProject.TestClass0_0" name="test83" time="0.0">
    <failure message="Assertion message form test" type="junit.framework.AssertionFailedError">
      junit.framework.AssertionFailedError: Assertion message form test
      at org.jetbrains.testProject.TestClass0_0.test83(Unknown Source)
    </failure>
  </testcase>
  <testcase classname="org.jetbrains.testProject.TestClass0_0" name="test84" time="0.015">
    <failure message="Assertion message form test" type="junit.framework.AssertionFailedError">
      junit.framework.AssertionFailedError: Assertion message form test
      at org.jetbrains.testProject.TestClass0_0.test84(Unknown Source)
    </failure>
  </testcase>
  <testcase classname="org.jetbrains.testProject.TestClass0_0" name="test85" time="0.0">
    <failure message="Assertion message form test" type="junit.framework.AssertionFailedError">
      junit.framework.AssertionFailedError: Assertion message form test
      at org.jetbrains.testProject.TestClass0_0.test85(Unknown Source)
    </failure>
  </testcase>
  <testcase classname="org.jetbrains.testProject.TestClass0_0" name="test86" time="0.0">
    <failure message="Assertion message form test" type="junit.framework.AssertionFailedError">
      junit.framework.AssertionFailedError: Assertion message form test
      at org.jetbrains.testProject.TestClass0_0.test86(Unknown Source)
    </failure>
  </testcase>
  <testcase classname="org.jetbrains.testProject.TestClass0_0" name="test87" time="0.0">
    <failure message="Assertion message form test" type="junit.framework.AssertionFailedError">
      junit.framework.AssertionFailedError: Assertion message form test
      at org.jetbrains.testProject.TestClass0_0.test87(Unknown Source)
    </failure>
  </testcase>
  <testcase classname="org.jetbrains.testProject.TestClass0_0" name="test88" time="0.0">
    <failure message="Assertion message form test" type="junit.framework.AssertionFailedError">
      junit.framework.AssertionFailedError: Assertion message form test
      at org.jetbrains.testProject.TestClass0_0.test88(Unknown Source)
    </failure>
  </testcase>
  <testcase classname="org.jetbrains.testProject.TestClass0_0" name="test89" time="0.125">
    <failure message="Assertion message form test" type="junit.framework.AssertionFailedError">
      junit.framework.AssertionFailedError: Assertion message form test
      at org.jetbrains.testProject.TestClass0_0.test89(Unknown Source)
    </failure>
  </testcase>
  <testcase classname="org.jetbrains.testProject.TestClass0_0" name="test90" time="0.14">
    <failure message="Assertion message form test" type="junit.framework.AssertionFailedError">
      junit.framework.AssertionFailedError: Assertion message form test
      at org.jetbrains.testProject.TestClass0_0.test90(Unknown Source)
    </failure>
  </testcase>
  <testcase classname="org.jetbrains.testProject.TestClass0_0" name="test91" time="0.094">
    <failure message="Assertion message form test" type="junit.framework.AssertionFailedError">
      junit.framework.AssertionFailedError: Assertion message form test
      at org.jetbrains.testProject.TestClass0_0.test91(Unknown Source)
    </failure>
  </testcase>
  <testcase classname="org.jetbrains.testProject.TestClass0_0" name="test92" time="0.109">
    <failure message="Assertion message form test" type="junit.framework.AssertionFailedError">
      junit.framework.AssertionFailedError: Assertion message form test
      at org.jetbrains.testProject.TestClass0_0.test92(Unknown Source)
    </failure>
  </testcase>
  <testcase classname="org.jetbrains.testProject.TestClass0_0" name="test93" time="0.0">
    <failure message="Assertion message form test" type="junit.framework.AssertionFailedError">
      junit.framework.AssertionFailedError: Assertion message form test
      at org.jetbrains.testProject.TestClass0_0.test93(Unknown Source)
    </failure>
  </testcase>
  <testcase classname="org.jetbrains.testProject.TestClass0_0" name="test94" time="0.157">
    <failure message="Assertion message form test" type="junit.framework.AssertionFailedError">
      junit.framework.AssertionFailedError: Assertion message form test
      at org.jetbrains.testProject.TestClass0_0.test94(Unknown Source)
    </failure>
  </testcase>
  <testcase classname="org.jetbrains.testProject.TestClass0_0" name="test95" time="0.0">
    <failure message="Assertion message form test" type="junit.framework.AssertionFailedError">
      junit.framework.AssertionFailedError: Assertion message form test
      at org.jetbrains.testProject.TestClass0_0.test95(Unknown Source)
    </failure>
  </testcase>
  <testcase classname="org.jetbrains.testProject.TestClass0_0" name="test96" time="0.0">
    <failure message="Assertion message form test" type="junit.framework.AssertionFailedError">
      junit.framework.AssertionFailedError: Assertion message form test
      at org.jetbrains.testProject.TestClass0_0.test96(Unknown Source)
    </failure>
  </testcase>
  <testcase classname="org.jetbrains.testProject.TestClass0_0" name="test97" time="0.0">
    <failure message="Assertion message form test" type="junit.framework.AssertionFailedError">
      junit.framework.AssertionFailedError: Assertion message form test
      at org.jetbrains.testProject.TestClass0_0.test97(Unknown Source)
    </failure>
  </testcase>
  <testcase classname="org.jetbrains.testProject.TestClass0_0" name="test98" time="0.0">
    <failure message="Assertion message form test" type="junit.framework.AssertionFailedError">
      junit.framework.AssertionFailedError: Assertion message form test
      at org.jetbrains.testProject.TestClass0_0.test98(Unknown Source)
    </failure>
  </testcase>
  <testcase classname="org.jetbrains.testProject.TestClass0_0" name="test99" time="0.015">
    <failure message="Assertion message form test" type="junit.framework.AssertionFailedError">
      junit.framework.AssertionFailedError: Assertion message form test
      at org.jetbrains.testProject.TestClass0_0.test99(Unknown Source)
    </failure>
  </testcase>
  <testcase classname="org.jetbrains.testProject.TestClass0_0" name="test100" time="0.0">
    <failure message="Assertion message form test" type="junit.framework.AssertionFailedError">
      junit.framework.AssertionFailedError: Assertion message form test
      at org.jetbrains.testProject.TestClass0_0.test100(Unknown Source)
    </failure>
  </testcase>
  <testcase classname="org.jetbrains.testProject.TestClass0_0" name="test101" time="0.0">
    <failure message="Assertion message form test" type="junit.framework.AssertionFailedError">
      junit.framework.AssertionFailedError: Assertion message form test
      at org.jetbrains.testProject.TestClass0_0.test101(Unknown Source)
    </failure>
  </testcase>
  <testcase classname="org.jetbrains.testProject.TestClass0_0" name="test102" time="0.0">
    <failure message="Assertion message form test" type="junit.framework.AssertionFailedError">
      junit.framework.AssertionFailedError: Assertion message form test
      at org.jetbrains.testProject.TestClass0_0.test102(Unknown Source)
    </failure>
  </testcase>
  <testcase classname="org.jetbrains.testProject.TestClass0_0" name="test103" time="0.0">
    <failure message="Assertion message form test" type="junit.framework.AssertionFailedError">
      junit.framework.AssertionFailedError: Assertion message form test
      at org.jetbrains.testProject.TestClass0_0.test103(Unknown Source)
    </failure>
  </testcase>
  <testcase classname="org.jetbrains.testProject.TestClass0_0" name="test104" time="0.016">
    <failure message="Assertion message form test" type="junit.framework.AssertionFailedError">
      junit.framework.AssertionFailedError: Assertion message form test
      at org.jetbrains.testProject.TestClass0_0.test104(Unknown Source)
    </failure>
  </testcase>
  <testcase classname="org.jetbrains.testProject.TestClass0_0" name="test105" time="0.14">
    <failure message="Assertion message form test" type="junit.framework.AssertionFailedError">
      junit.framework.AssertionFailedError: Assertion message form test
      at org.jetbrains.testProject.TestClass0_0.test105(Unknown Source)
    </failure>
  </testcase>
  <testcase classname="org.jetbrains.testProject.TestClass0_0" name="test106" time="0.0">
    <failure message="Assertion message form test" type="junit.framework.AssertionFailedError">
      junit.framework.AssertionFailedError: Assertion message form test
      at org.jetbrains.testProject.TestClass0_0.test106(Unknown Source)
    </failure>
  </testcase>
  <testcase classname="org.jetbrains.testProject.TestClass0_0" name="test107" time="0.0">
    <failure message="Assertion message form test" type="junit.framework.AssertionFailedError">
      junit.framework.AssertionFailedError: Assertion message form test
      at org.jetbrains.testProject.TestClass0_0.test107(Unknown Source)
    </failure>
  </testcase>
  <testcase classname="org.jetbrains.testProject.TestClass0_0" name="test108" time="0.0">
    <failure message="Assertion message form test" type="junit.framework.AssertionFailedError">
      junit.framework.AssertionFailedError: Assertion message form test
      at org.jetbrains.testProject.TestClass0_0.test108(Unknown Source)
    </failure>
  </testcase>
  <testcase classname="org.jetbrains.testProject.TestClass0_0" name="test109" time="0.0">
    <failure message="Assertion message form test" type="junit.framework.AssertionFailedError">
      junit.framework.AssertionFailedError: Assertion message form test
      at org.jetbrains.testProject.TestClass0_0.test109(Unknown Source)
    </failure>
  </testcase>
  <testcase classname="org.jetbrains.testProject.TestClass0_0" name="test110" time="0.016">
    <failure message="Assertion message form test" type="junit.framework.AssertionFailedError">
      junit.framework.AssertionFailedError: Assertion message form test
      at org.jetbrains.testProject.TestClass0_0.test110(Unknown Source)
    </failure>
  </testcase>
  <testcase classname="org.jetbrains.testProject.TestClass0_0" name="test111" time="0.0">
    <failure message="Assertion message form test" type="junit.framework.AssertionFailedError">
      junit.framework.AssertionFailedError: Assertion message form test
      at org.jetbrains.testProject.TestClass0_0.test111(Unknown Source)
    </failure>
  </testcase>
  <testcase classname="org.jetbrains.testProject.TestClass0_0" name="test112" time="0.0">
    <failure message="Assertion message form test" type="junit.framework.AssertionFailedError">
      junit.framework.AssertionFailedError: Assertion message form test
      at org.jetbrains.testProject.TestClass0_0.test112(Unknown Source)
    </failure>
  </testcase>
  <testcase classname="org.jetbrains.testProject.TestClass0_0" name="test113" time="0.0">
    <failure message="Assertion message form test" type="junit.framework.AssertionFailedError">
      junit.framework.AssertionFailedError: Assertion message form test
      at org.jetbrains.testProject.TestClass0_0.test113(Unknown Source)
    </failure>
  </testcase>
  <testcase classname="org.jetbrains.testProject.TestClass0_0" name="test114" time="0.016">
    <failure message="Assertion message form test" type="junit.framework.AssertionFailedError">
      junit.framework.AssertionFailedError: Assertion message form test
      at org.jetbrains.testProject.TestClass0_0.test114(Unknown Source)
    </failure>
  </testcase>
  <testcase classname="org.jetbrains.testProject.TestClass0_0" name="test115" time="0.0">
    <failure message="Assertion message form test" type="junit.framework.AssertionFailedError">
      junit.framework.AssertionFailedError: Assertion message form test
      at org.jetbrains.testProject.TestClass0_0.test115(Unknown Source)
    </failure>
  </testcase>
  <testcase classname="org.jetbrains.testProject.TestClass0_0" name="test116" time="0.0">
    <failure message="Assertion message form test" type="junit.framework.AssertionFailedError">
      junit.framework.AssertionFailedError: Assertion message form test
      at org.jetbrains.testProject.TestClass0_0.test116(Unknown Source)
    </failure>
  </testcase>
  <testcase classname="org.jetbrains.testProject.TestClass0_0" name="test117" time="0.0">
    <failure message="Assertion message form test" type="junit.framework.AssertionFailedError">
      junit.framework.AssertionFailedError: Assertion message form test
      at org.jetbrains.testProject.TestClass0_0.test117(Unknown Source)
    </failure>
  </testcase>
  <testcase classname="org.jetbrains.testProject.TestClass0_0" name="test118" time="0.0">
    <failure message="Assertion message form test" type="junit.framework.AssertionFailedError">
      junit.framework.AssertionFailedError: Assertion message form test
      at org.jetbrains.testProject.TestClass0_0.test118(Unknown Source)
    </failure>
  </testcase>
  <testcase classname="org.jetbrains.testProject.TestClass0_0" name="test119" time="0.015">
    <failure message="Assertion message form test" type="junit.framework.AssertionFailedError">
      junit.framework.AssertionFailedError: Assertion message form test
      at org.jetbrains.testProject.TestClass0_0.test119(Unknown Source)
    </failure>
  </testcase>
  <testcase classname="org.jetbrains.testProject.TestClass0_0" name="test120" time="0.0">
    <failure message="Assertion message form test" type="junit.framework.AssertionFailedError">
      junit.framework.AssertionFailedError: Assertion message form test
      at org.jetbrains.testProject.TestClass0_0.test120(Unknown Source)
    </failure>
  </testcase>
  <testcase classname="org.jetbrains.testProject.TestClass0_0" name="test121" time="0.0">
    <failure message="Assertion message form test" type="junit.framework.AssertionFailedError">
      junit.framework.AssertionFailedError: Assertion message form test
      at org.jetbrains.testProject.TestClass0_0.test121(Unknown Source)
    </failure>
  </testcase>
  <testcase classname="org.jetbrains.testProject.TestClass0_0" name="test122" time="0.0">
    <failure message="Assertion message form test" type="junit.framework.AssertionFailedError">
      junit.framework.AssertionFailedError: Assertion message form test
      at org.jetbrains.testProject.TestClass0_0.test122(Unknown Source)
    </failure>
  </testcase>
  <testcase classname="org.jetbrains.testProject.TestClass0_0" name="test123" time="0.0">
    <failure message="Assertion message form test" type="junit.framework.AssertionFailedError">
      junit.framework.AssertionFailedError: Assertion message form test
      at org.jetbrains.testProject.TestClass0_0.test123(Unknown Source)
    </failure>
  </testcase>
  <testcase classname="org.jetbrains.testProject.TestClass0_0" name="test124" time="0.016">
    <failure message="Assertion message form test" type="junit.framework.AssertionFailedError">
      junit.framework.AssertionFailedError: Assertion message form test
      at org.jetbrains.testProject.TestClass0_0.test124(Unknown Source)
    </failure>
  </testcase>
  <testcase classname="org.jetbrains.testProject.TestClass0_0" name="test125" time="0.0">
    <failure message="Assertion message form test" type="junit.framework.AssertionFailedError">
      junit.framework.AssertionFailedError: Assertion message form test
      at org.jetbrains.testProject.TestClass0_0.test125(Unknown Source)
    </failure>
  </testcase>
  <testcase classname="org.jetbrains.testProject.TestClass0_0" name="test126" time="0.0">
    <failure message="Assertion message form test" type="junit.framework.AssertionFailedError">
      junit.framework.AssertionFailedError: Assertion message form test
      at org.jetbrains.testProject.TestClass0_0.test126(Unknown Source)
    </failure>
  </testcase>
  <testcase classname="org.jetbrains.testProject.TestClass0_0" name="test127" time="0.016">
    <failure message="Assertion message form test" type="junit.framework.AssertionFailedError">
      junit.framework.AssertionFailedError: Assertion message form test
      at org.jetbrains.testProject.TestClass0_0.test127(Unknown Source)
    </failure>
  </testcase>
  <testcase classname="org.jetbrains.testProject.TestClass0_0" name="test128" time="0.0">
    <failure message="Assertion message form test" type="junit.framework.AssertionFailedError">
      junit.framework.AssertionFailedError: Assertion message form test
      at org.jetbrains.testProject.TestClass0_0.test128(Unknown Source)
    </failure>
  </testcase>
  <testcase classname="org.jetbrains.testProject.TestClass0_0" name="test129" time="0.0">
    <failure message="Assertion message form test" type="junit.framework.AssertionFailedError">
      junit.framework.AssertionFailedError: Assertion message form test
      at org.jetbrains.testProject.TestClass0_0.test129(Unknown Source)
    </failure>
  </testcase>
  <testcase classname="org.jetbrains.testProject.TestClass0_0" name="test130" time="0.0">
    <failure message="Assertion message form test" type="junit.framework.AssertionFailedError">
      junit.framework.AssertionFailedError: Assertion message form test
      at org.jetbrains.testProject.TestClass0_0.test130(Unknown Source)
    </failure>
  </testcase>
  <testcase classname="org.jetbrains.testProject.TestClass0_0" name="test131" time="0.015">
    <failure message="Assertion message form test" type="junit.framework.AssertionFailedError">
      junit.framework.AssertionFailedError: Assertion message form test
      at org.jetbrains.testProject.TestClass0_0.test131(Unknown Source)
    </failure>
  </testcase>
  <testcase classname="org.jetbrains.testProject.TestClass0_0" name="test132" time="0.0">
    <failure message="Assertion message form test" type="junit.framework.AssertionFailedError">
      junit.framework.AssertionFailedError: Assertion message form test
      at org.jetbrains.testProject.TestClass0_0.test132(Unknown Source)
    </failure>
  </testcase>
  <testcase classname="org.jetbrains.testProject.TestClass0_0" name="test133" time="0.0">
    <failure message="Assertion message form test" type="junit.framework.AssertionFailedError">
      junit.framework.AssertionFailedError: Assertion message form test
      at org.jetbrains.testProject.TestClass0_0.test133(Unknown Source)
    </failure>
  </testcase>
  <testcase classname="org.jetbrains.testProject.TestClass0_0" name="test134" time="0.0">
    <failure message="Assertion message form test" type="junit.framework.AssertionFailedError">
      junit.framework.AssertionFailedError: Assertion message form test
      at org.jetbrains.testProject.TestClass0_0.test134(Unknown Source)
    </failure>
  </testcase>
  <testcase classname="org.jetbrains.testProject.TestClass0_0" name="test135" time="0.0">
    <failure message="Assertion message form test" type="junit.framework.AssertionFailedError">
      junit.framework.AssertionFailedError: Assertion message form test
      at org.jetbrains.testProject.TestClass0_0.test135(Unknown Source)
    </failure>
  </testcase>
  <testcase classname="org.jetbrains.testProject.TestClass0_0" name="test136" time="0.016">
    <failure message="Assertion message form test" type="junit.framework.AssertionFailedError">
      junit.framework.AssertionFailedError: Assertion message form test
      at org.jetbrains.testProject.TestClass0_0.test136(Unknown Source)
    </failure>
  </testcase>
  <testcase classname="org.jetbrains.testProject.TestClass0_0" name="test137" time="0.0">
    <failure message="Assertion message form test" type="junit.framework.AssertionFailedError">
      junit.framework.AssertionFailedError: Assertion message form test
      at org.jetbrains.testProject.TestClass0_0.test137(Unknown Source)
    </failure>
  </testcase>
  <testcase classname="org.jetbrains.testProject.TestClass0_0" name="test138" time="0.0">
    <failure message="Assertion message form test" type="junit.framework.AssertionFailedError">
      junit.framework.AssertionFailedError: Assertion message form test
      at org.jetbrains.testProject.TestClass0_0.test138(Unknown Source)
    </failure>
  </testcase>
  <testcase classname="org.jetbrains.testProject.TestClass0_0" name="test139" time="0.0">
    <failure message="Assertion message form test" type="junit.framework.AssertionFailedError">
      junit.framework.AssertionFailedError: Assertion message form test
      at org.jetbrains.testProject.TestClass0_0.test139(Unknown Source)
    </failure>
  </testcase>
  <testcase classname="org.jetbrains.testProject.TestClass0_0" name="test140" time="0.0">
    <failure message="Assertion message form test" type="junit.framework.AssertionFailedError">
      junit.framework.AssertionFailedError: Assertion message form test
      at org.jetbrains.testProject.TestClass0_0.test140(Unknown Source)
    </failure>
  </testcase>
  <testcase classname="org.jetbrains.testProject.TestClass0_0" name="test141" time="0.062">
    <failure message="Assertion message form test" type="junit.framework.AssertionFailedError">
      junit.framework.AssertionFailedError: Assertion message form test
      at org.jetbrains.testProject.TestClass0_0.test141(Unknown Source)
    </failure>
  </testcase>
  <testcase classname="org.jetbrains.testProject.TestClass0_0" name="test142" time="0.0">
    <failure message="Assertion message form test" type="junit.framework.AssertionFailedError">
      junit.framework.AssertionFailedError: Assertion message form test
      at org.jetbrains.testProject.TestClass0_0.test142(Unknown Source)
    </failure>
  </testcase>
  <testcase classname="org.jetbrains.testProject.TestClass0_0" name="test143" time="0.016">
    <failure message="Assertion message form test" type="junit.framework.AssertionFailedError">
      junit.framework.AssertionFailedError: Assertion message form test
      at org.jetbrains.testProject.TestClass0_0.test143(Unknown Source)
    </failure>
  </testcase>
  <testcase classname="org.jetbrains.testProject.TestClass0_0" name="test144" time="0.062">
    <failure message="Assertion message form test" type="junit.framework.AssertionFailedError">
      junit.framework.AssertionFailedError: Assertion message form test
      at org.jetbrains.testProject.TestClass0_0.test144(Unknown Source)
    </failure>
  </testcase>
  <testcase classname="org.jetbrains.testProject.TestClass0_0" name="test145" time="0.0">
    <failure message="Assertion message form test" type="junit.framework.AssertionFailedError">
      junit.framework.AssertionFailedError: Assertion message form test
      at org.jetbrains.testProject.TestClass0_0.test145(Unknown Source)
    </failure>
  </testcase>
  <testcase classname="org.jetbrains.testProject.TestClass0_0" name="test146" time="0.0">
    <failure message="Assertion message form test" type="junit.framework.AssertionFailedError">
      junit.framework.AssertionFailedError: Assertion message form test
      at org.jetbrains.testProject.TestClass0_0.test146(Unknown Source)
    </failure>
  </testcase>
  <testcase classname="org.jetbrains.testProject.TestClass0_0" name="test147" time="0.0">
    <failure message="Assertion message form test" type="junit.framework.AssertionFailedError">
      junit.framework.AssertionFailedError: Assertion message form test
      at org.jetbrains.testProject.TestClass0_0.test147(Unknown Source)
    </failure>
  </testcase>
  <testcase classname="org.jetbrains.testProject.TestClass0_0" name="test148" time="0.016">
    <failure message="Assertion message form test" type="junit.framework.AssertionFailedError">
      junit.framework.AssertionFailedError: Assertion message form test
      at org.jetbrains.testProject.TestClass0_0.test148(Unknown Source)
    </failure>
  </testcase>
  <testcase classname="org.jetbrains.testProject.TestClass0_0" name="test149" time="0.0">
    <failure message="Assertion message form test" type="junit.framework.AssertionFailedError">
      junit.framework.AssertionFailedError: Assertion message form test
      at org.jetbrains.testProject.TestClass0_0.test149(Unknown Source)
    </failure>
  </testcase>
  <testcase classname="org.jetbrains.testProject.TestClass0_0" name="test150" time="0.0">
    <failure message="Assertion message form test" type="junit.framework.AssertionFailedError">
      junit.framework.AssertionFailedError: Assertion message form test
      at org.jetbrains.testProject.TestClass0_0.test150(Unknown Source)
    </failure>
  </testcase>
  <testcase classname="org.jetbrains.testProject.TestClass0_0" name="test151" time="0.344">
    <failure message="Assertion message form test" type="junit.framework.AssertionFailedError">
      junit.framework.AssertionFailedError: Assertion message form test
      at org.jetbrains.testProject.TestClass0_0.test151(Unknown Source)
    </failure>
  </testcase>
  <testcase classname="org.jetbrains.testProject.TestClass0_0" name="test152" time="0.0">
    <failure message="Assertion message form test" type="junit.framework.AssertionFailedError">
      junit.framework.AssertionFailedError: Assertion message form test
      at org.jetbrains.testProject.TestClass0_0.test152(Unknown Source)
    </failure>
  </testcase>
  <testcase classname="org.jetbrains.testProject.TestClass0_0" name="test153" time="0.0">
    <failure message="Assertion message form test" type="junit.framework.AssertionFailedError">
      junit.framework.AssertionFailedError: Assertion message form test
      at org.jetbrains.testProject.TestClass0_0.test153(Unknown Source)
    </failure>
  </testcase>
  <testcase classname="org.jetbrains.testProject.TestClass0_0" name="test154" time="0.0">
    <failure message="Assertion message form test" type="junit.framework.AssertionFailedError">
      junit.framework.AssertionFailedError: Assertion message form test
      at org.jetbrains.testProject.TestClass0_0.test154(Unknown Source)
    </failure>
  </testcase>
  <testcase classname="org.jetbrains.testProject.TestClass0_0" name="test155" time="0.0">
    <failure message="Assertion message form test" type="junit.framework.AssertionFailedError">
      junit.framework.AssertionFailedError: Assertion message form test
      at org.jetbrains.testProject.TestClass0_0.test155(Unknown Source)
    </failure>
  </testcase>
  <testcase classname="org.jetbrains.testProject.TestClass0_0" name="test156" time="0.125">
    <failure message="Assertion message form test" type="junit.framework.AssertionFailedError">
      junit.framework.AssertionFailedError: Assertion message form test
      at org.jetbrains.testProject.TestClass0_0.test156(Unknown Source)
    </failure>
  </testcase>
  <testcase classname="org.jetbrains.testProject.TestClass0_0" name="test157" time="0.046">
    <failure message="Assertion message form test" type="junit.framework.AssertionFailedError">
      junit.framework.AssertionFailedError: Assertion message form test
      at org.jetbrains.testProject.TestClass0_0.test157(Unknown Source)
    </failure>
  </testcase>
  <testcase classname="org.jetbrains.testProject.TestClass0_0" name="test158" time="0.0">
    <failure message="Assertion message form test" type="junit.framework.AssertionFailedError">
      junit.framework.AssertionFailedError: Assertion message form test
      at org.jetbrains.testProject.TestClass0_0.test158(Unknown Source)
    </failure>
  </testcase>
  <testcase classname="org.jetbrains.testProject.TestClass0_0" name="test159" time="0.0">
    <failure message="Assertion message form test" type="junit.framework.AssertionFailedError">
      junit.framework.AssertionFailedError: Assertion message form test
      at org.jetbrains.testProject.TestClass0_0.test159(Unknown Source)
    </failure>
  </testcase>
  <testcase classname="org.jetbrains.testProject.TestClass0_0" name="test160" time="0.0">
    <failure message="Assertion message form test" type="junit.framework.AssertionFailedError">
      junit.framework.AssertionFailedError: Assertion message form test
      at org.jetbrains.testProject.TestClass0_0.test160(Unknown Source)
    </failure>
  </testcase>
  <testcase classname="org.jetbrains.testProject.TestClass0_0" name="test161" time="0.094">
    <failure message="Assertion message form test" type="junit.framework.AssertionFailedError">
      junit.framework.AssertionFailedError: Assertion message form test
      at org.jetbrains.testProject.TestClass0_0.test161(Unknown Source)
    </failure>
  </testcase>
  <testcase classname="org.jetbrains.testProject.TestClass0_0" name="test162" time="0.0">
    <failure message="Assertion message form test" type="junit.framework.AssertionFailedError">
      junit.framework.AssertionFailedError: Assertion message form test
      at org.jetbrains.testProject.TestClass0_0.test162(Unknown Source)
    </failure>
  </testcase>
  <testcase classname="org.jetbrains.testProject.TestClass0_0" name="test163" time="0.0">
    <failure message="Assertion message form test" type="junit.framework.AssertionFailedError">
      junit.framework.AssertionFailedError: Assertion message form test
      at org.jetbrains.testProject.TestClass0_0.test163(Unknown Source)
    </failure>
  </testcase>
  <testcase classname="org.jetbrains.testProject.TestClass0_0" name="test164" time="0.0">
    <failure message="Assertion message form test" type="junit.framework.AssertionFailedError">
      junit.framework.AssertionFailedError: Assertion message form test
      at org.jetbrains.testProject.TestClass0_0.test164(Unknown Source)
    </failure>
  </testcase>
  <testcase classname="org.jetbrains.testProject.TestClass0_0" name="test165" time="0.125">
    <failure message="Assertion message form test" type="junit.framework.AssertionFailedError">
      junit.framework.AssertionFailedError: Assertion message form test
      at org.jetbrains.testProject.TestClass0_0.test165(Unknown Source)
    </failure>
  </testcase>
  <testcase classname="org.jetbrains.testProject.TestClass0_0" name="test166" time="0.016">
    <failure message="Assertion message form test" type="junit.framework.AssertionFailedError">
      junit.framework.AssertionFailedError: Assertion message form test
      at org.jetbrains.testProject.TestClass0_0.test166(Unknown Source)
    </failure>
  </testcase>
  <testcase classname="org.jetbrains.testProject.TestClass0_0" name="test167" time="0.0">
    <failure message="Assertion message form test" type="junit.framework.AssertionFailedError">
      junit.framework.AssertionFailedError: Assertion message form test
      at org.jetbrains.testProject.TestClass0_0.test167(Unknown Source)
    </failure>
  </testcase>
  <testcase classname="org.jetbrains.testProject.TestClass0_0" name="test168" time="0.0">
    <failure message="Assertion message form test" type="junit.framework.AssertionFailedError">
      junit.framework.AssertionFailedError: Assertion message form test
      at org.jetbrains.testProject.TestClass0_0.test168(Unknown Source)
    </failure>
  </testcase>
  <testcase classname="org.jetbrains.testProject.TestClass0_0" name="test169" time="0.0">
    <failure message="Assertion message form test" type="junit.framework.AssertionFailedError">
      junit.framework.AssertionFailedError: Assertion message form test
      at org.jetbrains.testProject.TestClass0_0.test169(Unknown Source)
    </failure>
  </testcase>
  <testcase classname="org.jetbrains.testProject.TestClass0_0" name="test170" time="0.015">
    <failure message="Assertion message form test" type="junit.framework.AssertionFailedError">
      junit.framework.AssertionFailedError: Assertion message form test
      at org.jetbrains.testProject.TestClass0_0.test170(Unknown Source)
    </failure>
  </testcase>
  <testcase classname="org.jetbrains.testProject.TestClass0_0" name="test171" time="0.0">
    <failure message="Assertion message form test" type="junit.framework.AssertionFailedError">
      junit.framework.AssertionFailedError: Assertion message form test
      at org.jetbrains.testProject.TestClass0_0.test171(Unknown Source)
    </failure>
  </testcase>
  <testcase classname="org.jetbrains.testProject.TestClass0_0" name="test172" time="0.0">
    <failure message="Assertion message form test" type="junit.framework.AssertionFailedError">
      junit.framework.AssertionFailedError: Assertion message form test
      at org.jetbrains.testProject.TestClass0_0.test172(Unknown Source)
    </failure>
  </testcase>
  <testcase classname="org.jetbrains.testProject.TestClass0_0" name="test173" time="0.0">
    <failure message="Assertion message form test" type="junit.framework.AssertionFailedError">
      junit.framework.AssertionFailedError: Assertion message form test
      at org.jetbrains.testProject.TestClass0_0.test173(Unknown Source)
    </failure>
  </testcase>
  <testcase classname="org.jetbrains.testProject.TestClass0_0" name="test174" time="0.016">
    <failure message="Assertion message form test" type="junit.framework.AssertionFailedError">
      junit.framework.AssertionFailedError: Assertion message form test
      at org.jetbrains.testProject.TestClass0_0.test174(Unknown Source)
    </failure>
  </testcase>
  <testcase classname="org.jetbrains.testProject.TestClass0_0" name="test175" time="0.0">
    <failure message="Assertion message form test" type="junit.framework.AssertionFailedError">
      junit.framework.AssertionFailedError: Assertion message form test
      at org.jetbrains.testProject.TestClass0_0.test175(Unknown Source)
    </failure>
  </testcase>
  <testcase classname="org.jetbrains.testProject.TestClass0_0" name="test176" time="0.0">
    <failure message="Assertion message form test" type="junit.framework.AssertionFailedError">
      junit.framework.AssertionFailedError: Assertion message form test
      at org.jetbrains.testProject.TestClass0_0.test176(Unknown Source)
    </failure>
  </testcase>
  <testcase classname="org.jetbrains.testProject.TestClass0_0" name="test177" time="0.0">
    <failure message="Assertion message form test" type="junit.framework.AssertionFailedError">
      junit.framework.AssertionFailedError: Assertion message form test
      at org.jetbrains.testProject.TestClass0_0.test177(Unknown Source)
    </failure>
  </testcase>
  <testcase classname="org.jetbrains.testProject.TestClass0_0" name="test178" time="0.0">
    <failure message="Assertion message form test" type="junit.framework.AssertionFailedError">
      junit.framework.AssertionFailedError: Assertion message form test
      at org.jetbrains.testProject.TestClass0_0.test178(Unknown Source)
    </failure>
  </testcase>
  <testcase classname="org.jetbrains.testProject.TestClass0_0" name="test179" time="0.0">
    <failure message="Assertion message form test" type="junit.framework.AssertionFailedError">
      junit.framework.AssertionFailedError: Assertion message form test
      at org.jetbrains.testProject.TestClass0_0.test179(Unknown Source)
    </failure>
  </testcase>
  <testcase classname="org.jetbrains.testProject.TestClass0_0" name="test180" time="0.0">
    <failure message="Assertion message form test" type="junit.framework.AssertionFailedError">
      junit.framework.AssertionFailedError: Assertion message form test
      at org.jetbrains.testProject.TestClass0_0.test180(Unknown Source)
    </failure>
  </testcase>
  <testcase classname="org.jetbrains.testProject.TestClass0_0" name="test181" time="0.0">
    <failure message="Assertion message form test" type="junit.framework.AssertionFailedError">
      junit.framework.AssertionFailedError: Assertion message form test
      at org.jetbrains.testProject.TestClass0_0.test181(Unknown Source)
    </failure>
  </testcase>
  <testcase classname="org.jetbrains.testProject.TestClass0_0" name="test182" time="0.015">
    <failure message="Assertion message form test" type="junit.framework.AssertionFailedError">
      junit.framework.AssertionFailedError: Assertion message form test
      at org.jetbrains.testProject.TestClass0_0.test182(Unknown Source)
    </failure>
  </testcase>
  <testcase classname="org.jetbrains.testProject.TestClass0_0" name="test183" time="0.0">
    <failure message="Assertion message form test" type="junit.framework.AssertionFailedError">
      junit.framework.AssertionFailedError: Assertion message form test
      at org.jetbrains.testProject.TestClass0_0.test183(Unknown Source)
    </failure>
  </testcase>
  <testcase classname="org.jetbrains.testProject.TestClass0_0" name="test184" time="0.0">
    <failure message="Assertion message form test" type="junit.framework.AssertionFailedError">
      junit.framework.AssertionFailedError: Assertion message form test
      at org.jetbrains.testProject.TestClass0_0.test184(Unknown Source)
    </failure>
  </testcase>
  <testcase classname="org.jetbrains.testProject.TestClass0_0" name="test185" time="0.063">
    <failure message="Assertion message form test" type="junit.framework.AssertionFailedError">
      junit.framework.AssertionFailedError: Assertion message form test
      at org.jetbrains.testProject.TestClass0_0.test185(Unknown Source)
    </failure>
  </testcase>
  <testcase classname="org.jetbrains.testProject.TestClass0_0" name="test186" time="0.0">
    <failure message="Assertion message form test" type="junit.framework.AssertionFailedError">
      junit.framework.AssertionFailedError: Assertion message form test
      at org.jetbrains.testProject.TestClass0_0.test186(Unknown Source)
    </failure>
  </testcase>
  <testcase classname="org.jetbrains.testProject.TestClass0_0" name="test187" time="0.0">
    <failure message="Assertion message form test" type="junit.framework.AssertionFailedError">
      junit.framework.AssertionFailedError: Assertion message form test
      at org.jetbrains.testProject.TestClass0_0.test187(Unknown Source)
    </failure>
  </testcase>
  <testcase classname="org.jetbrains.testProject.TestClass0_0" name="test188" time="0.015">
    <failure message="Assertion message form test" type="junit.framework.AssertionFailedError">
      junit.framework.AssertionFailedError: Assertion message form test
      at org.jetbrains.testProject.TestClass0_0.test188(Unknown Source)
    </failure>
  </testcase>
  <testcase classname="org.jetbrains.testProject.TestClass0_0" name="test189" time="0.0">
    <failure message="Assertion message form test" type="junit.framework.AssertionFailedError">
      junit.framework.AssertionFailedError: Assertion message form test
      at org.jetbrains.testProject.TestClass0_0.test189(Unknown Source)
    </failure>
  </testcase>
  <testcase classname="org.jetbrains.testProject.TestClass0_0" name="test190" time="0.0">
    <failure message="Assertion message form test" type="junit.framework.AssertionFailedError">
      junit.framework.AssertionFailedError: Assertion message form test
      at org.jetbrains.testProject.TestClass0_0.test190(Unknown Source)
    </failure>
  </testcase>
  <testcase classname="org.jetbrains.testProject.TestClass0_0" name="test191" time="0.0">
    <failure message="Assertion message form test" type="junit.framework.AssertionFailedError">
      junit.framework.AssertionFailedError: Assertion message form test
      at org.jetbrains.testProject.TestClass0_0.test191(Unknown Source)
    </failure>
  </testcase>
  <testcase classname="org.jetbrains.testProject.TestClass0_0" name="test192" time="0.016">
    <failure message="Assertion message form test" type="junit.framework.AssertionFailedError">
      junit.framework.AssertionFailedError: Assertion message form test
      at org.jetbrains.testProject.TestClass0_0.test192(Unknown Source)
    </failure>
  </testcase>
  <testcase classname="org.jetbrains.testProject.TestClass0_0" name="test193" time="0.0">
    <failure message="Assertion message form test" type="junit.framework.AssertionFailedError">
      junit.framework.AssertionFailedError: Assertion message form test
      at org.jetbrains.testProject.TestClass0_0.test193(Unknown Source)
    </failure>
  </testcase>
  <testcase classname="org.jetbrains.testProject.TestClass0_0" name="test194" time="0.0">
    <failure message="Assertion message form test" type="junit.framework.AssertionFailedError">
      junit.framework.AssertionFailedError: Assertion message form test
      at org.jetbrains.testProject.TestClass0_0.test194(Unknown Source)
    </failure>
  </testcase>
  <testcase classname="org.jetbrains.testProject.TestClass0_0" name="test195" time="0.0">
    <failure message="Assertion message form test" type="junit.framework.AssertionFailedError">
      junit.framework.AssertionFailedError: Assertion message form test
      at org.jetbrains.testProject.TestClass0_0.test195(Unknown Source)
    </failure>
  </testcase>
  <testcase classname="org.jetbrains.testProject.TestClass0_0" name="test196" time="0.0">
    <failure message="Assertion message form test" type="junit.framework.AssertionFailedError">
      junit.framework.AssertionFailedError: Assertion message form test
      at org.jetbrains.testProject.TestClass0_0.test196(Unknown Source)
    </failure>
  </testcase>
  <testcase classname="org.jetbrains.testProject.TestClass0_0" name="test197" time="0.0">
    <failure message="Assertion message form test" type="junit.framework.AssertionFailedError">
      junit.framework.AssertionFailedError: Assertion message form test
      at org.jetbrains.testProject.TestClass0_0.test197(Unknown Source)
    </failure>
  </testcase>
  <testcase classname="org.jetbrains.testProject.TestClass0_0" name="test198" time="0.0">
    <failure message="Assertion message form test" type="junit.framework.AssertionFailedError">
      junit.framework.AssertionFailedError: Assertion message form test
      at org.jetbrains.testProject.TestClass0_0.test198(Unknown Source)
    </failure>
  </testcase>
  <testcase classname="org.jetbrains.testProject.TestClass0_0" name="test199" time="0.14">
    <failure message="Assertion message form test" type="junit.framework.AssertionFailedError">
      junit.framework.AssertionFailedError: Assertion message form test
      at org.jetbrains.testProject.TestClass0_0.test199(Unknown Source)
    </failure>
  </testcase>
  <testcase classname="org.jetbrains.testProject.TestClass0_0" name="test200" time="0.0">
    <failure message="Assertion message form test" type="junit.framework.AssertionFailedError">
      junit.framework.AssertionFailedError: Assertion message form test
      at org.jetbrains.testProject.TestClass0_0.test200(Unknown Source)
    </failure>
  </testcase>
  <testcase classname="org.jetbrains.testProject.TestClass0_0" name="test201" time="0.0">
    <failure message="Assertion message form test" type="junit.framework.AssertionFailedError">
      junit.framework.AssertionFailedError: Assertion message form test
      at org.jetbrains.testProject.TestClass0_0.test201(Unknown Source)
    </failure>
  </testcase>
  <testcase classname="org.jetbrains.testProject.TestClass0_0" name="test202" time="0.141">
    <failure message="Assertion message form test" type="junit.framework.AssertionFailedError">
      junit.framework.AssertionFailedError: Assertion message form test
      at org.jetbrains.testProject.TestClass0_0.test202(Unknown Source)
    </failure>
  </testcase>
  <testcase classname="org.jetbrains.testProject.TestClass0_0" name="test203" time="0.047">
    <failure message="Assertion message form test" type="junit.framework.AssertionFailedError">
      junit.framework.AssertionFailedError: Assertion message form test
      at org.jetbrains.testProject.TestClass0_0.test203(Unknown Source)
    </failure>
  </testcase>
  <testcase classname="org.jetbrains.testProject.TestClass0_0" name="test204" time="0.0">
    <failure message="Assertion message form test" type="junit.framework.AssertionFailedError">
      junit.framework.AssertionFailedError: Assertion message form test
      at org.jetbrains.testProject.TestClass0_0.test204(Unknown Source)
    </failure>
  </testcase>
  <testcase classname="org.jetbrains.testProject.TestClass0_0" name="test205" time="0.015">
    <failure message="Assertion message form test" type="junit.framework.AssertionFailedError">
      junit.framework.AssertionFailedError: Assertion message form test
      at org.jetbrains.testProject.TestClass0_0.test205(Unknown Source)
    </failure>
  </testcase>
  <testcase classname="org.jetbrains.testProject.TestClass0_0" name="test206" time="0.328">
    <failure message="Assertion message form test" type="junit.framework.AssertionFailedError">
      junit.framework.AssertionFailedError: Assertion message form test
      at org.jetbrains.testProject.TestClass0_0.test206(Unknown Source)
    </failure>
  </testcase>
  <testcase classname="org.jetbrains.testProject.TestClass0_0" name="test207" time="0.047">
    <failure message="Assertion message form test" type="junit.framework.AssertionFailedError">
      junit.framework.AssertionFailedError: Assertion message form test
      at org.jetbrains.testProject.TestClass0_0.test207(Unknown Source)
    </failure>
  </testcase>
  <testcase classname="org.jetbrains.testProject.TestClass0_0" name="test208" time="0.0">
    <failure message="Assertion message form test" type="junit.framework.AssertionFailedError">
      junit.framework.AssertionFailedError: Assertion message form test
      at org.jetbrains.testProject.TestClass0_0.test208(Unknown Source)
    </failure>
  </testcase>
  <testcase classname="org.jetbrains.testProject.TestClass0_0" name="test209" time="0.0">
    <failure message="Assertion message form test" type="junit.framework.AssertionFailedError">
      junit.framework.AssertionFailedError: Assertion message form test
      at org.jetbrains.testProject.TestClass0_0.test209(Unknown Source)
    </failure>
  </testcase>
  <testcase classname="org.jetbrains.testProject.TestClass0_0" name="test210" time="0.016">
    <failure message="Assertion message form test" type="junit.framework.AssertionFailedError">
      junit.framework.AssertionFailedError: Assertion message form test
      at org.jetbrains.testProject.TestClass0_0.test210(Unknown Source)
    </failure>
  </testcase>
  <testcase classname="org.jetbrains.testProject.TestClass0_0" name="test211" time="0.0">
    <failure message="Assertion message form test" type="junit.framework.AssertionFailedError">
      junit.framework.AssertionFailedError: Assertion message form test
      at org.jetbrains.testProject.TestClass0_0.test211(Unknown Source)
    </failure>
  </testcase>
  <testcase classname="org.jetbrains.testProject.TestClass0_0" name="test212" time="0.0">
    <failure message="Assertion message form test" type="junit.framework.AssertionFailedError">
      junit.framework.AssertionFailedError: Assertion message form test
      at org.jetbrains.testProject.TestClass0_0.test212(Unknown Source)
    </failure>
  </testcase>
  <testcase classname="org.jetbrains.testProject.TestClass0_0" name="test213" time="0.016">
    <failure message="Assertion message form test" type="junit.framework.AssertionFailedError">
      junit.framework.AssertionFailedError: Assertion message form test
      at org.jetbrains.testProject.TestClass0_0.test213(Unknown Source)
    </failure>
  </testcase>
  <testcase classname="org.jetbrains.testProject.TestClass0_0" name="test214" time="0.046">
    <failure message="Assertion message form test" type="junit.framework.AssertionFailedError">
      junit.framework.AssertionFailedError: Assertion message form test
      at org.jetbrains.testProject.TestClass0_0.test214(Unknown Source)
    </failure>
  </testcase>
  <testcase classname="org.jetbrains.testProject.TestClass0_0" name="test215" time="0.0">
    <failure message="Assertion message form test" type="junit.framework.AssertionFailedError">
      junit.framework.AssertionFailedError: Assertion message form test
      at org.jetbrains.testProject.TestClass0_0.test215(Unknown Source)
    </failure>
  </testcase>
  <testcase classname="org.jetbrains.testProject.TestClass0_0" name="test216" time="0.0">
    <failure message="Assertion message form test" type="junit.framework.AssertionFailedError">
      junit.framework.AssertionFailedError: Assertion message form test
      at org.jetbrains.testProject.TestClass0_0.test216(Unknown Source)
    </failure>
  </testcase>
[...]
      junit.framework.AssertionFailedError: Assertion message form test
      at org.jetbrains.testProject.TestClass0_0.test445(Unknown Source)
    </failure>
  </testcase>
  <testcase classname="org.jetbrains.testProject.TestClass0_0" name="test446" time="0.0">
    <failure message="Assertion message form test" type="junit.framework.AssertionFailedError">
      junit.framework.AssertionFailedError: Assertion message form test
      at org.jetbrains.testProject.TestClass0_0.test446(Unknown Source)
    </failure>
  </testcase>
  <testcase classname="org.jetbrains.testProject.TestClass0_0" name="test447" time="0.0">
    <failure message="Assertion message form test" type="junit.framework.AssertionFailedError">
      junit.framework.AssertionFailedError: Assertion message form test
      at org.jetbrains.testProject.TestClass0_0.test447(Unknown Source)
    </failure>
  </testcase>
  <testcase classname="org.jetbrains.testProject.TestClass0_0" name="test448" time="0.0">
    <failure message="Assertion message form test" type="junit.framework.AssertionFailedError">
      junit.framework.AssertionFailedError: Assertion message form test
      at org.jetbrains.testProject.TestClass0_0.test448(Unknown Source)
    </failure>
  </testcase>
  <testcase classname="org.jetbrains.testProject.TestClass0_0" name="test449" time="0.0">
    <failure message="Assertion message form test" type="junit.framework.AssertionFailedError">
      junit.framework.AssertionFailedError: Assertion message form test
      at org.jetbrains.testProject.TestClass0_0.test449(Unknown Source)
    </failure>
  </testcase>
  <testcase classname="org.jetbrains.testProject.TestClass0_0" name="test450" time="0.0">
    <failure message="Assertion message form test" type="junit.framework.AssertionFailedError">
      junit.framework.AssertionFailedError: Assertion message form test
      at org.jetbrains.testProject.TestClass0_0.test450(Unknown Source)
    </failure>
  </testcase>
  <testcase classname="org.jetbrains.testProject.TestClass0_0" name="test451" time="0.156">
    <failure message="Assertion message form test" type="junit.framework.AssertionFailedError">
      junit.framework.AssertionFailedError: Assertion message form test
      at org.jetbrains.testProject.TestClass0_0.test451(Unknown Source)
    </failure>
  </testcase>
  <testcase classname="org.jetbrains.testProject.TestClass0_0" name="test452" time="0.078">
    <failure message="Assertion message form test" type="junit.framework.AssertionFailedError">
      junit.framework.AssertionFailedError: Assertion message form test
      at org.jetbrains.testProject.TestClass0_0.test452(Unknown Source)
    </failure>
  </testcase>
  <testcase classname="org.jetbrains.testProject.TestClass0_0" name="test453" time="0.0">
    <failure message="Assertion message form test" type="junit.framework.AssertionFailedError">
      junit.framework.AssertionFailedError: Assertion message form test
      at org.jetbrains.testProject.TestClass0_0.test453(Unknown Source)
    </failure>
  </testcase>
  <testcase classname="org.jetbrains.testProject.TestClass0_0" name="test454" time="0.016">
    <failure message="Assertion message form test" type="junit.framework.AssertionFailedError">
      junit.framework.AssertionFailedError: Assertion message form test
      at org.jetbrains.testProject.TestClass0_0.test454(Unknown Source)
    </failure>
  </testcase>
  <testcase classname="org.jetbrains.testProject.TestClass0_0" name="test455" time="0.015">
    <failure message="Assertion message form test" type="junit.framework.AssertionFailedError">
      junit.framework.AssertionFailedError: Assertion message form test
      at org.jetbrains.testProject.TestClass0_0.test455(Unknown Source)
    </failure>
  </testcase>
  <testcase classname="org.jetbrains.testProject.TestClass0_0" name="test456" time="0.0">
    <failure message="Assertion message form test" type="junit.framework.AssertionFailedError">
      junit.framework.AssertionFailedError: Assertion message form test
      at org.jetbrains.testProject.TestClass0_0.test456(Unknown Source)
    </failure>
  </testcase>
  <testcase classname="org.jetbrains.testProject.TestClass0_0" name="test457" time="0.047">
    <failure message="Assertion message form test" type="junit.framework.AssertionFailedError">
      junit.framework.AssertionFailedError: Assertion message form test
      at org.jetbrains.testProject.TestClass0_0.test457(Unknown Source)
    </failure>
  </testcase>
  <testcase classname="org.jetbrains.testProject.TestClass0_0" name="test458" time="0.016">
    <failure message="Assertion message form test" type="junit.framework.AssertionFailedError">
      junit.framework.AssertionFailedError: Assertion message form test
      at org.jetbrains.testProject.TestClass0_0.test458(Unknown Source)
    </failure>
  </testcase>
  <testcase classname="org.jetbrains.testProject.TestClass0_0" name="test459" time="0.062">
    <failure message="Assertion message form test" type="junit.framework.AssertionFailedError">
      junit.framework.AssertionFailedError: Assertion message form test
      at org.jetbrains.testProject.TestClass0_0.test459(Unknown Source)
    </failure>
  </testcase>
  <testcase classname="org.jetbrains.testProject.TestClass0_0" name="test460" time="0.0">
    <failure message="Assertion message form test" type="junit.framework.AssertionFailedError">
      junit.framework.AssertionFailedError: Assertion message form test
      at org.jetbrains.testProject.TestClass0_0.test460(Unknown Source)
    </failure>
  </testcase>
  <testcase classname="org.jetbrains.testProject.TestClass0_0" name="test461" time="0.0">
    <failure message="Assertion message form test" type="junit.framework.AssertionFailedError">
      junit.framework.AssertionFailedError: Assertion message form test
      at org.jetbrains.testProject.TestClass0_0.test461(Unknown Source)
    </failure>
  </testcase>
  <testcase classname="org.jetbrains.testProject.TestClass0_0" name="test462" time="0.0">
    <failure message="Assertion message form test" type="junit.framework.AssertionFailedError">
      junit.framework.AssertionFailedError: Assertion message form test
      at org.jetbrains.testProject.TestClass0_0.test462(Unknown Source)
    </failure>
  </testcase>
  <testcase classname="org.jetbrains.testProject.TestClass0_0" name="test463" time="0.0">
    <failure message="Assertion message form test" type="junit.framework.AssertionFailedError">
      junit.framework.AssertionFailedError: Assertion message form test
      at org.jetbrains.testProject.TestClass0_0.test463(Unknown Source)
    </failure>
  </testcase>
  <testcase classname="org.jetbrains.testProject.TestClass0_0" name="test464" time="0.0">
    <failure message="Assertion message form test" type="junit.framework.AssertionFailedError">
      junit.framework.AssertionFailedError: Assertion message form test
      at org.jetbrains.testProject.TestClass0_0.test464(Unknown Source)
    </failure>
  </testcase>
  <testcase classname="org.jetbrains.testProject.TestClass0_0" name="test465" time="0.016">
    <failure message="Assertion message form test" type="junit.framework.AssertionFailedError">
      junit.framework.AssertionFailedError: Assertion message form test
      at org.jetbrains.testProject.TestClass0_0.test465(Unknown Source)
    </failure>
  </testcase>
  <testcase classname="org.jetbrains.testProject.TestClass0_0" name="test466" time="0.0">
    <failure message="Assertion message form test" type="junit.framework.AssertionFailedError">
      junit.framework.AssertionFailedError: Assertion message form test
      at org.jetbrains.testProject.TestClass0_0.test466(Unknown Source)
    </failure>
  </testcase>
  <testcase classname="org.jetbrains.testProject.TestClass0_0" name="test467" time="0.0">
    <failure message="Assertion message form test" type="junit.framework.AssertionFailedError">
      junit.framework.AssertionFailedError: Assertion message form test
      at org.jetbrains.testProject.TestClass0_0.test467(Unknown Source)
    </failure>
  </testcase>
  <testcase classname="org.jetbrains.testProject.TestClass0_0" name="test468" time="0.0">
    <failure message="Assertion message form test" type="junit.framework.AssertionFailedError">
      junit.framework.AssertionFailedError: Assertion message form test
      at org.jetbrains.testProject.TestClass0_0.test468(Unknown Source)
    </failure>
  </testcase>
  <testcase classname="org.jetbrains.testProject.TestClass0_0" name="test469" time="0.016">
    <failure message="Assertion message form test" type="junit.framework.AssertionFailedError">
      junit.framework.AssertionFailedError: Assertion message form test
      at org.jetbrains.testProject.TestClass0_0.test469(Unknown Source)
    </failure>
  </testcase>
  <testcase classname="org.jetbrains.testProject.TestClass0_0" name="test470" time="0.0">
    <failure message="Assertion message form test" type="junit.framework.AssertionFailedError">
      junit.framework.AssertionFailedError: Assertion message form test
      at org.jetbrains.testProject.TestClass0_0.test470(Unknown Source)
    </failure>
  </testcase>
  <testcase classname="org.jetbrains.testProject.TestClass0_0" name="test471" time="0.0">
    <failure message="Assertion message form test" type="junit.framework.AssertionFailedError">
      junit.framework.AssertionFailedError: Assertion message form test
      at org.jetbrains.testProject.TestClass0_0.test471(Unknown Source)
    </failure>
  </testcase>
  <testcase classname="org.jetbrains.testProject.TestClass0_0" name="test472" time="0.0">
    <failure message="Assertion message form test" type="junit.framework.AssertionFailedError">
      junit.framework.AssertionFailedError: Assertion message form test
      at org.jetbrains.testProject.TestClass0_0.test472(Unknown Source)
    </failure>
  </testcase>
  <testcase classname="org.jetbrains.testProject.TestClass0_0" name="test473" time="0.0">
    <failure message="Assertion message form test" type="junit.framework.AssertionFailedError">
      junit.framework.AssertionFailedError: Assertion message form test
      at org.jetbrains.testProject.TestClass0_0.test473(Unknown Source)
    </failure>
  </testcase>
  <testcase classname="org.jetbrains.testProject.TestClass0_0" name="test474" time="0.015">
    <failure message="Assertion message form test" type="junit.framework.AssertionFailedError">
      junit.framework.AssertionFailedError: Assertion message form test
      at org.jetbrains.testProject.TestClass0_0.test474(Unknown Source)
    </failure>
  </testcase>
  <testcase classname="org.jetbrains.testProject.TestClass0_0" name="test475" time="0.0">
    <failure message="Assertion message form test" type="junit.framework.AssertionFailedError">
      junit.framework.AssertionFailedError: Assertion message form test
      at org.jetbrains.testProject.TestClass0_0.test475(Unknown Source)
    </failure>
  </testcase>
  <testcase classname="org.jetbrains.testProject.TestClass0_0" name="test476" time="0.0">
    <failure message="Assertion message form test" type="junit.framework.AssertionFailedError">
      junit.framework.AssertionFailedError: Assertion message form test
      at org.jetbrains.testProject.TestClass0_0.test476(Unknown Source)
    </failure>
  </testcase>
  <testcase classname="org.jetbrains.testProject.TestClass0_0" name="test477" time="0.0">
    <failure message="Assertion message form test" type="junit.framework.AssertionFailedError">
      junit.framework.AssertionFailedError: Assertion message form test
      at org.jetbrains.testProject.TestClass0_0.test477(Unknown Source)
    </failure>
  </testcase>
  <testcase classname="org.jetbrains.testProject.TestClass0_0" name="test478" time="0.0">
    <failure message="Assertion message form test" type="junit.framework.AssertionFailedError">
      junit.framework.AssertionFailedError: Assertion message form test
      at org.jetbrains.testProject.TestClass0_0.test478(Unknown Source)
    </failure>
  </testcase>
  <testcase classname="org.jetbrains.testProject.TestClass0_0" name="test479" time="0.016">
    <failure message="Assertion message form test" type="junit.framework.AssertionFailedError">
      junit.framework.AssertionFailedError: Assertion message form test
      at org.jetbrains.testProject.TestClass0_0.test479(Unknown Source)
    </failure>
  </testcase>
  <testcase classname="org.jetbrains.testProject.TestClass0_0" name="test480" time="0.0">
    <failure message="Assertion message form test" type="junit.framework.AssertionFailedError">
      junit.framework.AssertionFailedError: Assertion message form test
      at org.jetbrains.testProject.TestClass0_0.test480(Unknown Source)
    </failure>
  </testcase>
  <testcase classname="org.jetbrains.testProject.TestClass0_0" name="test481" time="0.0">
    <failure message="Assertion message form test" type="junit.framework.AssertionFailedError">
      junit.framework.AssertionFailedError: Assertion message form test
      at org.jetbrains.testProject.TestClass0_0.test481(Unknown Source)
    </failure>
  </testcase>
  <testcase classname="org.jetbrains.testProject.TestClass0_0" name="test482" time="0.016">
    <failure message="Assertion message form test" type="junit.framework.AssertionFailedError">
      junit.framework.AssertionFailedError: Assertion message form test
      at org.jetbrains.testProject.TestClass0_0.test482(Unknown Source)
    </failure>
  </testcase>
  <testcase classname="org.jetbrains.testProject.TestClass0_0" name="test483" time="0.015">
    <failure message="Assertion message form test" type="junit.framework.AssertionFailedError">
      junit.framework.AssertionFailedError: Assertion message form test
      at org.jetbrains.testProject.TestClass0_0.test483(Unknown Source)
    </failure>
  </testcase>
  <testcase classname="org.jetbrains.testProject.TestClass0_0" name="test484" time="0.0">
    <failure message="Assertion message form test" type="junit.framework.AssertionFailedError">
      junit.framework.AssertionFailedError: Assertion message form test
      at org.jetbrains.testProject.TestClass0_0.test484(Unknown Source)
    </failure>
  </testcase>
  <testcase classname="org.jetbrains.testProject.TestClass0_0" name="test485" time="0.0">
    <failure message="Assertion message form test" type="junit.framework.AssertionFailedError">
      junit.framework.AssertionFailedError: Assertion message form test
      at org.jetbrains.testProject.TestClass0_0.test485(Unknown Source)
    </failure>
  </testcase>
  <testcase classname="org.jetbrains.testProject.TestClass0_0" name="test486" time="0.0">
    <failure message="Assertion message form test" type="junit.framework.AssertionFailedError">
      junit.framework.AssertionFailedError: Assertion message form test
      at org.jetbrains.testProject.TestClass0_0.test486(Unknown Source)
    </failure>
  </testcase>
  <testcase classname="org.jetbrains.testProject.TestClass0_0" name="test487" time="0.0">
    <failure message="Assertion message form test" type="junit.framework.AssertionFailedError">
      junit.framework.AssertionFailedError: Assertion message form test
      at org.jetbrains.testProject.TestClass0_0.test487(Unknown Source)
    </failure>
  </testcase>
  <testcase classname="org.jetbrains.testProject.TestClass0_0" name="test488" time="0.0">
    <failure message="Assertion message form test" type="junit.framework.AssertionFailedError">
      junit.framework.AssertionFailedError: Assertion message form test
      at org.jetbrains.testProject.TestClass0_0.test488(Unknown Source)
    </failure>
  </testcase>
  <testcase classname="org.jetbrains.testProject.TestClass0_0" name="test489" time="0.0">
    <failure message="Assertion message form test" type="junit.framework.AssertionFailedError">
      junit.framework.AssertionFailedError: Assertion message form test
      at org.jetbrains.testProject.TestClass0_0.test489(Unknown Source)
    </failure>
  </testcase>
  <testcase classname="org.jetbrains.testProject.TestClass0_0" name="test490" time="0.0">
    <failure message="Assertion message form test" type="junit.framework.AssertionFailedError">
      junit.framework.AssertionFailedError: Assertion message form test
      at org.jetbrains.testProject.TestClass0_0.test490(Unknown Source)
    </failure>
  </testcase>
  <testcase classname="org.jetbrains.testProject.TestClass0_0" name="test491" time="0.0">
    <failure message="Assertion message form test" type="junit.framework.AssertionFailedError">
      junit.framework.AssertionFailedError: Assertion message form test
      at org.jetbrains.testProject.TestClass0_0.test491(Unknown Source)
    </failure>
  </testcase>
  <testcase classname="org.jetbrains.testProject.TestClass0_0" name="test492" time="0.0">
    <failure message="Assertion message form test" type="junit.framework.AssertionFailedError">
      junit.framework.AssertionFailedError: Assertion message form test
      at org.jetbrains.testProject.TestClass0_0.test492(Unknown Source)
    </failure>
  </testcase>
  <testcase classname="org.jetbrains.testProject.TestClass0_0" name="test493" time="0.0">
    <failure message="Assertion message form test" type="junit.framework.AssertionFailedError">
      junit.framework.AssertionFailedError: Assertion message form test
      at org.jetbrains.testProject.TestClass0_0.test493(Unknown Source)
    </failure>
  </testcase>
  <testcase classname="org.jetbrains.testProject.TestClass0_0" name="test494" time="0.094">
    <failure message="Assertion message form test" type="junit.framework.AssertionFailedError">
      junit.framework.AssertionFailedError: Assertion message form test
      at org.jetbrains.testProject.TestClass0_0.test494(Unknown Source)
    </failure>
  </testcase>
  <testcase classname="org.jetbrains.testProject.TestClass0_0" name="test495" time="0.0">
    <failure message="Assertion message form test" type="junit.framework.AssertionFailedError">
      junit.framework.AssertionFailedError: Assertion message form test
      at org.jetbrains.testProject.TestClass0_0.test495(Unknown Source)
    </failure>
  </testcase>
  <testcase classname="org.jetbrains.testProject.TestClass0_0" name="test496" time="0.015">
    <failure message="Assertion message form test" type="junit.framework.AssertionFailedError">
      junit.framework.AssertionFailedError: Assertion message form test
      at org.jetbrains.testProject.TestClass0_0.test496(Unknown Source)
    </failure>
  </testcase>
  <testcase classname="org.jetbrains.testProject.TestClass0_0" name="test497" time="0.0">
    <failure message="Assertion message form test" type="junit.framework.AssertionFailedError">
      junit.framework.AssertionFailedError: Assertion message form test
      at org.jetbrains.testProject.TestClass0_0.test497(Unknown Source)
    </failure>
  </testcase>
  <testcase classname="org.jetbrains.testProject.TestClass0_0" name="test498" time="0.0">
    <failure message="Assertion message form test" type="junit.framework.AssertionFailedError">
      junit.framework.AssertionFailedError: Assertion message form test
      at org.jetbrains.testProject.TestClass0_0.test498(Unknown Source)
    </failure>
  </testcase>
  <testcase classname="org.jetbrains.testProject.TestClass0_0" name="test499" time="0.0">
    <failure message="Assertion message form test" type="junit.framework.AssertionFailedError">
      junit.framework.AssertionFailedError: Assertion message form test
      at org.jetbrains.testProject.TestClass0_0.test499(Unknown Source)
    </failure>
  </testcase>