<?xml version="1.0" encoding="UTF-8"?>
<TestRun id="a0081ccd-6060-4105-a64b-9df5b38b8b6f" name="builder@US07SBUILD01 2010-07-27 16:23:38" runUser="US07SBUILD01\builder" xmlns="http://microsoft.com/schemas/VisualStudio/TeamTest/2006">
  <TestRunConfiguration name="Default Run Configuration" id="7299790f-a15c-4be3-b11c-657af97d864d">
    <Deployment userDeploymentRoot="F:\TeamCity\buildAgent\work\eee3f59bf291369f" useDefaultDeploymentRoot="false" runDeploymentRoot="F:\TeamCity\buildAgent\work\eee3f59bf291369f\builder_US07SBUILD01 2010-07-27 16_23_38" />
    <Hosts skipUnhostableTests="false" />
    <TestTypeSpecific />
  </TestRunConfiguration>
  <ResultSummary outcome="Failed">
    <Counters total="302" executed="302" passed="300" error="0" failed="2" timeout="0" aborted="0" inconclusive="0" passedButRunAborted="0" notRunnable="0" notExecuted="0" disconnected="0" warning="0" completed="0" inProgress="0" pending="0" />
  </ResultSummary>
  <Times creation="2010-07-27T16:23:38.0200670-06:00" queuing="2010-07-27T16:23:40.4710820-06:00" start="2010-07-27T16:23:41.0276870-06:00" finish="2010-07-27T16:24:25.9154540-06:00" />
  <TestDefinitions>
    <UnitTest name="GetCommandersByQuery_WithCommanders" storage="f:\teamcity\buildagent\work\eee3f59bf291369f\logitech\dvs\web\test\bin\debug\logitech.dvs.web.test.dll" id="7d8a69f3-46d6-dff8-c392-55bd86aefbf7">
      <Css projectStructure="" iteration="" />
      <Description>GetCommandersByQuery throws if username is not specified</Description>
      <Owners>
        <Owner name="" />
      </Owners>
      <Execution id="2bb3a145-e809-4513-94ad-e923f3e8ba51" />
      <TestMethod codeBase="F:/TeamCity/buildAgent/work/eee3f59bf291369f/Logitech/Dvs/Web/Test/bin/Debug/Logitech.Dvs.Web.Test.DLL" adapterTypeName="Microsoft.VisualStudio.TestTools.TestTypes.Unit.UnitTestAdapter, Microsoft.VisualStudio.QualityTools.Tips.UnitTest.Adapter" className="Logitech.Dvs.Web.Test.CommanderServiceTest, Logitech.Dvs.Web.Test, Version=1.0.0.0, Culture=neutral, PublicKeyToken=null" name="GetCommandersByQuery_WithCommanders" />
    </UnitTest>
    <UnitTest name="CanonicalizeBad" storage="f:\teamcity\buildagent\work\eee3f59bf291369f\logitech\dvs\web\test\bin\debug\logitech.dvs.web.test.dll" id="aaf31dd7-69a0-cc56-e243-ae869794fb09">
      <Css projectStructure="" iteration="" />
      <Description>TryCanonicalize fails if the supplied key contains a bad character.</Description>
      <Owners>
        <Owner name="" />
      </Owners>
      <Execution id="99e7fa07-cb2c-4ffb-b7c7-56e27e06a697" />
      <TestMethod codeBase="F:/TeamCity/buildAgent/work/eee3f59bf291369f/Logitech/Dvs/Web/Test/bin/Debug/Logitech.Dvs.Web.Test.DLL" adapterTypeName="Microsoft.VisualStudio.TestTools.TestTypes.Unit.UnitTestAdapter, Microsoft.VisualStudio.QualityTools.Tips.UnitTest.Adapter" className="Logitech.Dvs.Web.Test.ProductKeyGeneratorTest, Logitech.Dvs.Web.Test, Version=1.0.0.0, Culture=neutral, PublicKeyToken=null" name="CanonicalizeBad" />
    </UnitTest>
    <UnitTest name="SiteChangeNotification" storage="f:\teamcity\buildagent\work\eee3f59bf291369f\logitech\dvs\web\test\bin\debug\logitech.dvs.web.test.dll" id="484561d4-7ff4-2268-e9a3-02f50bd11545">
      <Css projectStructure="" iteration="" />
      <Owners>
        <Owner name="" />
      </Owners>
      <Execution id="a603d885-3795-43cb-bb29-5d5da35c5b04" />
      <TestMethod codeBase="F:/TeamCity/buildAgent/work/eee3f59bf291369f/Logitech/Dvs/Web/Test/bin/Debug/Logitech.Dvs.Web.Test.DLL" adapterTypeName="Microsoft.VisualStudio.TestTools.TestTypes.Unit.UnitTestAdapter, Microsoft.VisualStudio.QualityTools.Tips.UnitTest.Adapter" className="Logitech.Dvs.Web.Test.SiteServiceTests, Logitech.Dvs.Web.Test, Version=1.0.0.0, Culture=neutral, PublicKeyToken=null" name="SiteChangeNotification" />
    </UnitTest>
    <UnitTest name="ShareNoTitle" storage="f:\teamcity\buildagent\work\eee3f59bf291369f\logitech\dvs\web\test\bin\debug\logitech.dvs.web.test.dll" id="e6338982-8fa5-a3c8-3295-90e0b376a454">
      <Css projectStructure="" iteration="" />
      <Description>Throws (400) if a title is not provided when sharing.</Description>
      <Owners>
        <Owner name="" />
      </Owners>
      <Execution id="d4aa1b40-bd56-471c-ba76-1740fe5499ed" />
      <TestMethod codeBase="F:/TeamCity/buildAgent/work/eee3f59bf291369f/Logitech/Dvs/Web/Test/bin/Debug/Logitech.Dvs.Web.Test.DLL" adapterTypeName="Microsoft.VisualStudio.TestTools.TestTypes.Unit.UnitTestAdapter, Microsoft.VisualStudio.QualityTools.Tips.UnitTest.Adapter" className="Logitech.Dvs.Web.Test.Model.YouTubeServiceTests, Logitech.Dvs.Web.Test, Version=1.0.0.0, Culture=neutral, PublicKeyToken=null" name="ShareNoTitle" />
    </UnitTest>
    <UnitTest name="GetShareStatus" storage="f:\teamcity\buildagent\work\eee3f59bf291369f\logitech\dvs\web\test\bin\debug\logitech.dvs.web.test.dll" id="8b354b68-7b53-b58a-5aab-f89685fe4cd9">
      <Css projectStructure="" iteration="" />
      <Description>GetShareStatus returns status for a known token.</Description>
      <Owners>
        <Owner name="" />
      </Owners>
      <Execution id="4c8523c7-826e-4fec-8ad7-11680d862e26" />
      <TestMethod codeBase="F:/TeamCity/buildAgent/work/eee3f59bf291369f/Logitech/Dvs/Web/Test/bin/Debug/Logitech.Dvs.Web.Test.DLL" adapterTypeName="Microsoft.VisualStudio.TestTools.TestTypes.Unit.UnitTestAdapter, Microsoft.VisualStudio.QualityTools.Tips.UnitTest.Adapter" className="Logitech.Dvs.Web.Test.ClipServiceTests, Logitech.Dvs.Web.Test, Version=1.0.0.0, Culture=neutral, PublicKeyToken=null" name="GetShareStatus" />
    </UnitTest>
    <UnitTest name="RevokeKey_Unused" storage="f:\teamcity\buildagent\work\eee3f59bf291369f\logitech\dvs\web\test\bin\debug\logitech.dvs.web.test.dll" id="0fc815a7-55a1-8277-5c86-06e2d3a6cfc3">
      <Css projectStructure="" iteration="" />
      <Description>RevokeKey marks an unused key as such.</Description>
      <Owners>
        <Owner name="" />
      </Owners>
      <Execution id="b4cc4f2e-c3a8-481d-b661-90b6e9b4e043" />
      <TestMethod codeBase="F:/TeamCity/buildAgent/work/eee3f59bf291369f/Logitech/Dvs/Web/Test/bin/Debug/Logitech.Dvs.Web.Test.DLL" adapterTypeName="Microsoft.VisualStudio.TestTools.TestTypes.Unit.UnitTestAdapter, Microsoft.VisualStudio.QualityTools.Tips.UnitTest.Adapter" className="Logitech.Dvs.Web.Test.CommerceServiceTests, Logitech.Dvs.Web.Test, Version=1.0.0.0, Culture=neutral, PublicKeyToken=null" name="RevokeKey_Unused" />
    </UnitTest>
    <UnitTest name="GetProductRegistration_ById" storage="f:\teamcity\buildagent\work\eee3f59bf291369f\logitech\dvs\web\test\bin\debug\logitech.dvs.web.test.dll" id="98094c08-a7d2-b64f-1e29-3f79397d2a44">
      <Css projectStructure="" iteration="" />
      <Description>GetProductRegistration_ById - returns the product info</Description>
      <Owners>
        <Owner name="" />
      </Owners>
      <Execution id="81a303b3-2850-4d04-852c-7dfd3ae9bae5" />
      <TestMethod codeBase="F:/TeamCity/buildAgent/work/eee3f59bf291369f/Logitech/Dvs/Web/Test/bin/Debug/Logitech.Dvs.Web.Test.DLL" adapterTypeName="Microsoft.VisualStudio.TestTools.TestTypes.Unit.UnitTestAdapter, Microsoft.VisualStudio.QualityTools.Tips.UnitTest.Adapter" className="Logitech.Dvs.Web.Test.CommerceServiceTests, Logitech.Dvs.Web.Test, Version=1.0.0.0, Culture=neutral, PublicKeyToken=null" name="GetProductRegistration_ById" />
    </UnitTest>
    <UnitTest name="CreateProductKeyBatch_BatchEntity" storage="f:\teamcity\buildagent\work\eee3f59bf291369f\logitech\dvs\web\test\bin\debug\logitech.dvs.web.test.dll" id="f30c2e91-b62b-7795-cc3e-759b7cca1a28">
      <Css projectStructure="" iteration="" />
      <Description>CreateProductKeyBatch creates a new product key batch entity.</Description>
      <Owners>
        <Owner name="" />
      </Owners>
      <Execution id="d4a3a3f1-1956-4239-b129-420c1942f943" />
      <TestMethod codeBase="F:/TeamCity/buildAgent/work/eee3f59bf291369f/Logitech/Dvs/Web/Test/bin/Debug/Logitech.Dvs.Web.Test.DLL" adapterTypeName="Microsoft.VisualStudio.TestTools.TestTypes.Unit.UnitTestAdapter, Microsoft.VisualStudio.QualityTools.Tips.UnitTest.Adapter" className="Logitech.Dvs.Web.Test.CommerceServiceTests, Logitech.Dvs.Web.Test, Version=1.0.0.0, Culture=neutral, PublicKeyToken=null" name="CreateProductKeyBatch_BatchEntity" />
    </UnitTest>
    <UnitTest name="RegisterKey_Unused" storage="f:\teamcity\buildagent\work\eee3f59bf291369f\logitech\dvs\web\test\bin\debug\logitech.dvs.web.test.dll" id="a20a8c05-c9e8-b130-fe0a-18197f12b7d8">
      <Css projectStructure="" iteration="" />
      <Description>RegisterKey registers the unused product key for the user</Description>
      <Owners>
        <Owner name="" />
      </Owners>
      <Execution id="61d550b1-7dff-4bb1-b050-b132606ac154" />
      <TestMethod codeBase="F:/TeamCity/buildAgent/work/eee3f59bf291369f/Logitech/Dvs/Web/Test/bin/Debug/Logitech.Dvs.Web.Test.DLL" adapterTypeName="Microsoft.VisualStudio.TestTools.TestTypes.Unit.UnitTestAdapter, Microsoft.VisualStudio.QualityTools.Tips.UnitTest.Adapter" className="Logitech.Dvs.Web.Test.CommerceServiceTests, Logitech.Dvs.Web.Test, Version=1.0.0.0, Culture=neutral, PublicKeyToken=null" name="RegisterKey_Unused" />
    </UnitTest>
    <UnitTest name="ToFromHex" storage="f:\teamcity\buildagent\work\eee3f59bf291369f\logitech\dvs\web\test\bin\debug\logitech.dvs.web.test.dll" id="7d1b6eb2-17a8-965e-afc6-b3ad8586ce59">
      <Css projectStructure="" iteration="" />
      <Description>Data can be round-tripped through hexadecimal conversion.</Description>
      <Owners>
        <Owner name="" />
      </Owners>
      <Execution id="d9bfed8e-6de8-4657-b82a-cc1d7e1d96aa" />
      <TestMethod codeBase="F:/TeamCity/buildAgent/work/eee3f59bf291369f/Logitech/Dvs/Web/Test/bin/Debug/Logitech.Dvs.Web.Test.DLL" adapterTypeName="Microsoft.VisualStudio.TestTools.TestTypes.Unit.UnitTestAdapter, Microsoft.VisualStudio.QualityTools.Tips.UnitTest.Adapter" className="Logitech.Dvs.Web.Test.DigestAuthenticationTest, Logitech.Dvs.Web.Test, Version=1.0.0.0, Culture=neutral, PublicKeyToken=null" name="ToFromHex" />
    </UnitTest>
    <UnitTest name="SupportTechReturns0" storage="f:\teamcity\buildagent\work\eee3f59bf291369f\logitech\dvs\web\test\bin\debug\logitech.dvs.web.test.dll" id="74b85d73-6266-98a9-3ad5-010c26e2a7ba">
      <Css projectStructure="" iteration="" />
      <Owners>
        <Owner name="" />
      </Owners>
      <Execution id="314cbeda-6465-49ac-859b-d6105398c642" />
      <TestMethod codeBase="F:/TeamCity/buildAgent/work/eee3f59bf291369f/Logitech/Dvs/Web/Test/bin/Debug/Logitech.Dvs.Web.Test.DLL" adapterTypeName="Microsoft.VisualStudio.TestTools.TestTypes.Unit.UnitTestAdapter, Microsoft.VisualStudio.QualityTools.Tips.UnitTest.Adapter" className="Logitech.Dvs.Web.Test.SupportServiceTests, Logitech.Dvs.Web.Test, Version=1.0.0.0, Culture=neutral, PublicKeyToken=null" name="SupportTechReturns0" />
    </UnitTest>
    <UnitTest name="FindCustomers_LastName_StartsWith" storage="f:\teamcity\buildagent\work\eee3f59bf291369f\logitech\dvs\web\test\bin\debug\logitech.dvs.web.test.dll" id="84a66a25-e26d-1d6a-bb8b-512b3fae0c7e">
      <Css projectStructure="" iteration="" />
      <Description>Tests search by lastname starts with</Description>
      <Owners>
        <Owner name="" />
      </Owners>
      <Execution id="d97ed872-9ff9-4923-a10f-8100d0e086ce" />
      <TestMethod codeBase="F:/TeamCity/buildAgent/work/eee3f59bf291369f/Logitech/Dvs/Web/Test/bin/Debug/Logitech.Dvs.Web.Test.DLL" adapterTypeName="Microsoft.VisualStudio.TestTools.TestTypes.Unit.UnitTestAdapter, Microsoft.VisualStudio.QualityTools.Tips.UnitTest.Adapter" className="Logitech.Dvs.Web.Test.SupportServiceTests, Logitech.Dvs.Web.Test, Version=1.0.0.0, Culture=neutral, PublicKeyToken=null" name="FindCustomers_LastName_StartsWith" />
    </UnitTest>
    <UnitTest name="DenyRoles_IsNotAuthorized" storage="f:\teamcity\buildagent\work\eee3f59bf291369f\logitech\dvs\web\test\bin\debug\logitech.dvs.web.test.dll" id="974004cf-5b93-b1fd-cfef-4114a6b0eb5e">
      <Css projectStructure="" iteration="" />
      <Owners>
        <Owner name="" />
      </Owners>
      <Execution id="77f993fe-c2c0-4e9d-9546-823c231862b6" />
      <TestMethod codeBase="F:/TeamCity/buildAgent/work/eee3f59bf291369f/Logitech/Dvs/Web/Test/bin/Debug/Logitech.Dvs.Web.Test.DLL" adapterTypeName="Microsoft.VisualStudio.TestTools.TestTypes.Unit.UnitTestAdapter, Microsoft.VisualStudio.QualityTools.Tips.UnitTest.Adapter" className="Logitech.Dvs.Web.Test.RoleSecurityAttributeTests, Logitech.Dvs.Web.Test, Version=1.0.0.0, Culture=neutral, PublicKeyToken=null" name="DenyRoles_IsNotAuthorized" />
    </UnitTest>
    <UnitTest name="GetProductKeyCategories_ToProductKeyCategoryInfoCollection" storage="f:\teamcity\buildagent\work\eee3f59bf291369f\logitech\dvs\web\test\bin\debug\logitech.dvs.web.test.dll" id="ee13f6c0-8b34-9f2f-ac08-2c4e323be5f9">
      <Css projectStructure="" iteration="" />
      <Description>GetProductKeyCategories - tests the mapping of ProductKeyCategory Entities to ProductKeyCategoryInfoCollection</Description>
      <Owners>
        <Owner name="" />
      </Owners>
      <Execution id="20a5dc05-8071-4f75-b9ea-78026b0df54b" />
      <TestMethod codeBase="F:/TeamCity/buildAgent/work/eee3f59bf291369f/Logitech/Dvs/Web/Test/bin/Debug/Logitech.Dvs.Web.Test.DLL" adapterTypeName="Microsoft.VisualStudio.TestTools.TestTypes.Unit.UnitTestAdapter, Microsoft.VisualStudio.QualityTools.Tips.UnitTest.Adapter" className="Logitech.Dvs.Web.Test.CommerceServiceTests, Logitech.Dvs.Web.Test, Version=1.0.0.0, Culture=neutral, PublicKeyToken=null" name="GetProductKeyCategories_ToProductKeyCategoryInfoCollection" />
    </UnitTest>
    <UnitTest name="RegisterKey_Twice" storage="f:\teamcity\buildagent\work\eee3f59bf291369f\logitech\dvs\web\test\bin\debug\logitech.dvs.web.test.dll" id="5eb3cb50-06bf-c88b-62e0-45a893499431">
      <Css projectStructure="" iteration="" />
      <Description>RegisterKey doesn't change the expiration date if registration is repeated.</Description>
      <Owners>
        <Owner name="" />
      </Owners>
      <Execution id="f6e80a9e-481d-4d73-9d63-011cc692a14d" />
      <TestMethod codeBase="F:/TeamCity/buildAgent/work/eee3f59bf291369f/Logitech/Dvs/Web/Test/bin/Debug/Logitech.Dvs.Web.Test.DLL" adapterTypeName="Microsoft.VisualStudio.TestTools.TestTypes.Unit.UnitTestAdapter, Microsoft.VisualStudio.QualityTools.Tips.UnitTest.Adapter" className="Logitech.Dvs.Web.Test.CommerceServiceTests, Logitech.Dvs.Web.Test, Version=1.0.0.0, Culture=neutral, PublicKeyToken=null" name="RegisterKey_Twice" />
    </UnitTest>
    <UnitTest name="AuthenticateBadNOnceEmpty" storage="f:\teamcity\buildagent\work\eee3f59bf291369f\logitech\dvs\web\test\bin\debug\logitech.dvs.web.test.dll" id="0270e931-dbd3-44cc-9ed9-4d77c939a149">
      <Css projectStructure="" iteration="" />
      <Description>A request with a bad nonce gets a 401.</Description>
      <Owners>
        <Owner name="" />
      </Owners>
      <Execution id="20bd1d6f-c4e5-4df6-b939-f2e1272a5192" />
      <TestMethod codeBase="F:/TeamCity/buildAgent/work/eee3f59bf291369f/Logitech/Dvs/Web/Test/bin/Debug/Logitech.Dvs.Web.Test.DLL" adapterTypeName="Microsoft.VisualStudio.TestTools.TestTypes.Unit.UnitTestAdapter, Microsoft.VisualStudio.QualityTools.Tips.UnitTest.Adapter" className="Logitech.Dvs.Web.Test.DigestAuthenticationTest, Logitech.Dvs.Web.Test, Version=1.0.0.0, Culture=neutral, PublicKeyToken=null" name="AuthenticateBadNOnceEmpty" />
    </UnitTest>
    <UnitTest name="CanonicalizeCase" storage="f:\teamcity\buildagent\work\eee3f59bf291369f\logitech\dvs\web\test\bin\debug\logitech.dvs.web.test.dll" id="9fce87a9-47ce-9ef1-a54b-acbba1b150be">
      <Css projectStructure="" iteration="" />
      <Description>TryCanonicalize converts to upper case.</Description>
      <Owners>
        <Owner name="" />
      </Owners>
      <Execution id="3a3da042-a456-4791-bcdc-6eb7a75c09e9" />
      <TestMethod codeBase="F:/TeamCity/buildAgent/work/eee3f59bf291369f/Logitech/Dvs/Web/Test/bin/Debug/Logitech.Dvs.Web.Test.DLL" adapterTypeName="Microsoft.VisualStudio.TestTools.TestTypes.Unit.UnitTestAdapter, Microsoft.VisualStudio.QualityTools.Tips.UnitTest.Adapter" className="Logitech.Dvs.Web.Test.ProductKeyGeneratorTest, Logitech.Dvs.Web.Test, Version=1.0.0.0, Culture=neutral, PublicKeyToken=null" name="CanonicalizeCase" />
    </UnitTest>
    <UnitTest name="MixedRolesStillWork" storage="f:\teamcity\buildagent\work\eee3f59bf291369f\logitech\dvs\web\test\bin\debug\logitech.dvs.web.test.dll" id="b3c8bdfc-5ee6-a3a3-57fe-74c626d992e6">
      <Css projectStructure="" iteration="" />
      <Owners>
        <Owner name="" />
      </Owners>
      <Execution id="fa090bb0-e494-4706-9021-5ed9cade923a" />
      <TestMethod codeBase="F:/TeamCity/buildAgent/work/eee3f59bf291369f/Logitech/Dvs/Web/Test/bin/Debug/Logitech.Dvs.Web.Test.DLL" adapterTypeName="Microsoft.VisualStudio.TestTools.TestTypes.Unit.UnitTestAdapter, Microsoft.VisualStudio.QualityTools.Tips.UnitTest.Adapter" className="Logitech.Dvs.Web.Test.SupportServiceTests, Logitech.Dvs.Web.Test, Version=1.0.0.0, Culture=neutral, PublicKeyToken=null" name="MixedRolesStillWork" />
    </UnitTest>
    <UnitTest name="VideoKeyFrameRateIsSet" storage="f:\teamcity\buildagent\work\eee3f59bf291369f\logitech\dvs\web\test\bin\debug\logitech.dvs.web.test.dll" id="5f442f65-6874-6e7c-7235-196cce38adc5">
      <Css projectStructure="" iteration="" />
      <Owners>
        <Owner name="" />
      </Owners>
      <Execution id="dc2d9ef1-bf03-4f8e-90e0-db7fb42a7e06" />
      <TestMethod codeBase="F:/TeamCity/buildAgent/work/eee3f59bf291369f/Logitech/Dvs/Web/Test/bin/Debug/Logitech.Dvs.Web.Test.DLL" adapterTypeName="Microsoft.VisualStudio.TestTools.TestTypes.Unit.UnitTestAdapter, Microsoft.VisualStudio.QualityTools.Tips.UnitTest.Adapter" className="Logitech.Dvs.Web.Test.LiveStreamTests, Logitech.Dvs.Web.Test, Version=1.0.0.0, Culture=neutral, PublicKeyToken=null" name="VideoKeyFrameRateIsSet" />
    </UnitTest>
    <UnitTest name="GetUserByUserName_ValidUserName_NoCache" storage="f:\teamcity\buildagent\work\eee3f59bf291369f\logitech\dvs\test\bin\debug\logitech.dvs.test.dll" id="66f41b72-5e75-2f83-64ea-e4a96925a996">
      <Css projectStructure="" iteration="" />
      <Owners>
        <Owner name="" />
      </Owners>
      <Execution id="a15af3d8-190f-4cc5-836f-111be3cb5d8b" />
      <TestMethod codeBase="F:/TeamCity/buildAgent/work/eee3f59bf291369f/Logitech/Dvs/Test/bin/Debug/Logitech.Dvs.Test.DLL" adapterTypeName="Microsoft.VisualStudio.TestTools.TestTypes.Unit.UnitTestAdapter, Microsoft.VisualStudio.QualityTools.Tips.UnitTest.Adapter" className="Logitech.Dvs.Entities.Test.DvsEntityContextTests, Logitech.Dvs.Test, Version=1.0.0.0, Culture=neutral, PublicKeyToken=null" name="GetUserByUserName_ValidUserName_NoCache" />
    </UnitTest>
    <UnitTest name="UpdatePresence_StatusNotChanged" storage="f:\teamcity\buildagent\work\eee3f59bf291369f\logitech\dvs\web\test\bin\debug\logitech.dvs.web.test.dll" id="b1a5dde0-902d-b14c-1978-2a18db98df95">
      <Css projectStructure="" iteration="" />
      <Description>Presence doesn't update OnlineStatusChanged if available hasn't changed</Description>
      <Owners>
        <Owner name="" />
      </Owners>
      <Execution id="7d01d62d-55ec-4bd8-92f6-13b99f6dcd97" />
      <TestMethod codeBase="F:/TeamCity/buildAgent/work/eee3f59bf291369f/Logitech/Dvs/Web/Test/bin/Debug/Logitech.Dvs.Web.Test.DLL" adapterTypeName="Microsoft.VisualStudio.TestTools.TestTypes.Unit.UnitTestAdapter, Microsoft.VisualStudio.QualityTools.Tips.UnitTest.Adapter" className="Logitech.Dvs.Web.Test.CameraServiceTest, Logitech.Dvs.Web.Test, Version=1.0.0.0, Culture=neutral, PublicKeyToken=null" name="UpdatePresence_StatusNotChanged" />
    </UnitTest>
    <UnitTest name="GetCustomerDetailInfo_UserNotFound" storage="f:\teamcity\buildagent\work\eee3f59bf291369f\logitech\dvs\web\test\bin\debug\logitech.dvs.web.test.dll" id="cd32ee02-cad1-f47b-fc16-d6b7d0d0e743">
      <Css projectStructure="" iteration="" />
      <Description>GetCustomerDetailInfo throws if not found</Description>
      <Owners>
        <Owner name="" />
      </Owners>
      <Execution id="757e65b6-a4cd-4fff-9256-685a04e83b33" />
      <TestMethod codeBase="F:/TeamCity/buildAgent/work/eee3f59bf291369f/Logitech/Dvs/Web/Test/bin/Debug/Logitech.Dvs.Web.Test.DLL" adapterTypeName="Microsoft.VisualStudio.TestTools.TestTypes.Unit.UnitTestAdapter, Microsoft.VisualStudio.QualityTools.Tips.UnitTest.Adapter" className="Logitech.Dvs.Web.Test.SupportServiceTests, Logitech.Dvs.Web.Test, Version=1.0.0.0, Culture=neutral, PublicKeyToken=null" name="GetCustomerDetailInfo_UserNotFound" />
    </UnitTest>
    <UnitTest name="RetryLimited" storage="f:\teamcity\buildagent\work\eee3f59bf291369f\logitech\dvs\test\bin\debug\logitech.dvs.test.dll" id="50ade168-ed03-96f1-de8b-682574757345">
      <Css projectStructure="" iteration="" />
      <Description>Eventually fails with too many IOExceptions.</Description>
      <Owners>
        <Owner name="" />
      </Owners>
      <Execution id="70e39a7c-ae95-4093-accd-9dd787e4f412" />
      <TestMethod codeBase="F:/TeamCity/buildAgent/work/eee3f59bf291369f/Logitech/Dvs/Test/bin/Debug/Logitech.Dvs.Test.DLL" adapterTypeName="Microsoft.VisualStudio.TestTools.TestTypes.Unit.UnitTestAdapter, Microsoft.VisualStudio.QualityTools.Tips.UnitTest.Adapter" className="Logitech.Dvs.Test.FileObjectStoreTests, Logitech.Dvs.Test, Version=1.0.0.0, Culture=neutral, PublicKeyToken=null" name="RetryLimited" expectedException="System.IO.IOException, mscorlib, Version=2.0.0.0, Culture=neutral, PublicKeyToken=b77a5c561934e089" />
    </UnitTest>
    <UnitTest name="RoundTrip" storage="f:\teamcity\buildagent\work\eee3f59bf291369f\logitech\dvs\test\bin\debug\logitech.dvs.test.dll" id="6726775e-8c94-6dc7-4475-35d32e3bf34f">
      <Css projectStructure="" iteration="" />
      <Description>Round-trips objects.</Description>
      <Owners>
        <Owner name="" />
      </Owners>
      <Execution id="905efd6c-ee34-4e49-afde-cb456671ef7f" />
      <TestMethod codeBase="F:/TeamCity/buildAgent/work/eee3f59bf291369f/Logitech/Dvs/Test/bin/Debug/Logitech.Dvs.Test.DLL" adapterTypeName="Microsoft.VisualStudio.TestTools.TestTypes.Unit.UnitTestAdapter, Microsoft.VisualStudio.QualityTools.Tips.UnitTest.Adapter" className="Logitech.Dvs.Test.FileObjectStoreTests, Logitech.Dvs.Test, Version=1.0.0.0, Culture=neutral, PublicKeyToken=null" name="RoundTrip" />
    </UnitTest>
    <UnitTest name="GetShareStatusRemove" storage="f:\teamcity\buildagent\work\eee3f59bf291369f\logitech\dvs\web\test\bin\debug\logitech.dvs.web.test.dll" id="1b3c1621-47c1-c65d-cab3-63aef7adbcf0">
      <Css projectStructure="" iteration="" />
      <Description>GetShareStatus removes the status object when the share is completed.</Description>
      <Owners>
        <Owner name="" />
      </Owners>
      <Execution id="dce62ec1-2621-41cf-979a-1483761e1dcb" />
      <TestMethod codeBase="F:/TeamCity/buildAgent/work/eee3f59bf291369f/Logitech/Dvs/Web/Test/bin/Debug/Logitech.Dvs.Web.Test.DLL" adapterTypeName="Microsoft.VisualStudio.TestTools.TestTypes.Unit.UnitTestAdapter, Microsoft.VisualStudio.QualityTools.Tips.UnitTest.Adapter" className="Logitech.Dvs.Web.Test.ClipServiceTests, Logitech.Dvs.Web.Test, Version=1.0.0.0, Culture=neutral, PublicKeyToken=null" name="GetShareStatusRemove" />
    </UnitTest>
    <UnitTest name="DeleteFile" storage="f:\teamcity\buildagent\work\eee3f59bf291369f\logitech\dvs\test\bin\debug\logitech.dvs.test.dll" id="a44a7fa8-33ab-6b63-92a6-f63ae4eb1fe0">
      <Css projectStructure="" iteration="" />
      <Description>DeleteFile deletes a file at the specified location.</Description>
      <Owners>
        <Owner name="" />
      </Owners>
      <Execution id="69389681-1fe2-4ac9-8445-365b35ddb106" />
      <TestMethod codeBase="F:/TeamCity/buildAgent/work/eee3f59bf291369f/Logitech/Dvs/Test/bin/Debug/Logitech.Dvs.Test.DLL" adapterTypeName="Microsoft.VisualStudio.TestTools.TestTypes.Unit.UnitTestAdapter, Microsoft.VisualStudio.QualityTools.Tips.UnitTest.Adapter" className="Logitech.Dvs.Test.FileSharedStorageTests, Logitech.Dvs.Test, Version=1.0.0.0, Culture=neutral, PublicKeyToken=null" name="DeleteFile" />
    </UnitTest>
    <UnitTest name="KnownCode" storage="f:\teamcity\buildagent\work\eee3f59bf291369f\logitech\dvs\messaging\test\bin\debug\logitech.dvs.messaging.test.dll" id="70855c05-0b37-d8dd-ffc8-e452304d4a81">
      <Css projectStructure="" iteration="" />
      <Description>CustomResultCodeString is formatted correctly for a known code.</Description>
      <Owners>
        <Owner name="" />
      </Owners>
      <Execution id="52a8c096-7a8e-405b-9312-3864142368c6" />
      <TestMethod codeBase="F:/TeamCity/buildAgent/work/eee3f59bf291369f/Logitech/Dvs/Messaging/Test/bin/Debug/Logitech.Dvs.Messaging.Test.DLL" adapterTypeName="Microsoft.VisualStudio.TestTools.TestTypes.Unit.UnitTestAdapter, Microsoft.VisualStudio.QualityTools.Tips.UnitTest.Adapter" className="Logitech.Dvs.Messaging.Test.XmppExceptionTests, Logitech.Dvs.Messaging.Test, Version=1.0.0.0, Culture=neutral, PublicKeyToken=null" name="KnownCode" />
    </UnitTest>
    <UnitTest name="LengthTimeout" storage="f:\teamcity\buildagent\work\eee3f59bf291369f\logitech\dvs\web\test\bin\debug\logitech.dvs.web.test.dll" id="6d3e5c91-95f9-6859-be47-0bc8ba4028fc">
      <Css projectStructure="" iteration="" />
      <Description>Getting the Length throws if the header chunk doesn't exist within the timeout.</Description>
      <Owners>
        <Owner name="" />
      </Owners>
      <Execution id="8cc00492-7c24-4214-954b-2f5b0f2dae14" />
      <TestMethod codeBase="F:/TeamCity/buildAgent/work/eee3f59bf291369f/Logitech/Dvs/Web/Test/bin/Debug/Logitech.Dvs.Web.Test.DLL" adapterTypeName="Microsoft.VisualStudio.TestTools.TestTypes.Unit.UnitTestAdapter, Microsoft.VisualStudio.QualityTools.Tips.UnitTest.Adapter" className="Logitech.Dvs.Web.Test.ChunkOutputStreamTests, Logitech.Dvs.Web.Test, Version=1.0.0.0, Culture=neutral, PublicKeyToken=null" name="LengthTimeout" expectedException="System.TimeoutException, mscorlib, Version=2.0.0.0, Culture=neutral, PublicKeyToken=b77a5c561934e089" />
    </UnitTest>
    <UnitTest name="GenerateDifferent" storage="f:\teamcity\buildagent\work\eee3f59bf291369f\logitech\dvs\web\test\bin\debug\logitech.dvs.web.test.dll" id="f893e679-9ec3-656e-1ae3-f8ac5f6ec8cb">
      <Css projectStructure="" iteration="" />
      <Description>Successive calls to generate create different keys.</Description>
      <Owners>
        <Owner name="" />
      </Owners>
      <Execution id="d1f89839-20a1-4e21-846d-bed0e8f044b3" />
      <TestMethod codeBase="F:/TeamCity/buildAgent/work/eee3f59bf291369f/Logitech/Dvs/Web/Test/bin/Debug/Logitech.Dvs.Web.Test.DLL" adapterTypeName="Microsoft.VisualStudio.TestTools.TestTypes.Unit.UnitTestAdapter, Microsoft.VisualStudio.QualityTools.Tips.UnitTest.Adapter" className="Logitech.Dvs.Web.Test.ProductKeyGeneratorTest, Logitech.Dvs.Web.Test, Version=1.0.0.0, Culture=neutral, PublicKeyToken=null" name="GenerateDifferent" />
    </UnitTest>
    <UnitTest name="FindCustomers_MacAddress" storage="f:\teamcity\buildagent\work\eee3f59bf291369f\logitech\dvs\web\test\bin\debug\logitech.dvs.web.test.dll" id="33d3d3bf-2d62-a4b9-1265-7dfb56cd3ee4">
      <Css projectStructure="" iteration="" />
      <Description>Tests mac address</Description>
      <Owners>
        <Owner name="" />
      </Owners>
      <Execution id="f9afbb03-2ad5-4422-9811-98bc6fac5d17" />
      <TestMethod codeBase="F:/TeamCity/buildAgent/work/eee3f59bf291369f/Logitech/Dvs/Web/Test/bin/Debug/Logitech.Dvs.Web.Test.DLL" adapterTypeName="Microsoft.VisualStudio.TestTools.TestTypes.Unit.UnitTestAdapter, Microsoft.VisualStudio.QualityTools.Tips.UnitTest.Adapter" className="Logitech.Dvs.Web.Test.SupportServiceTests, Logitech.Dvs.Web.Test, Version=1.0.0.0, Culture=neutral, PublicKeyToken=null" name="FindCustomers_MacAddress" />
    </UnitTest>
    <UnitTest name="RoundTrip" storage="f:\teamcity\buildagent\work\eee3f59bf291369f\logitech\dvs\web\test\bin\debug\logitech.dvs.web.test.dll" id="5601629a-d6e3-8737-e14b-9a7a791f8a68">
      <Css projectStructure="" iteration="" />
      <Description>Data can be round-tripped through encryption and decryption.</Description>
      <Owners>
        <Owner name="" />
      </Owners>
      <Execution id="47d50aea-3e5a-44a9-87fd-eb9ecc4ccafe" />
      <TestMethod codeBase="F:/TeamCity/buildAgent/work/eee3f59bf291369f/Logitech/Dvs/Web/Test/bin/Debug/Logitech.Dvs.Web.Test.DLL" adapterTypeName="Microsoft.VisualStudio.TestTools.TestTypes.Unit.UnitTestAdapter, Microsoft.VisualStudio.QualityTools.Tips.UnitTest.Adapter" className="Logitech.Dvs.Web.Test.EncryptionServiceTests, Logitech.Dvs.Web.Test, Version=1.0.0.0, Culture=neutral, PublicKeyToken=null" name="RoundTrip" />
    </UnitTest>
    <UnitTest name="UpdateSupportUser_Role_SupportManager" storage="f:\teamcity\buildagent\work\eee3f59bf291369f\logitech\dvs\web\test\bin\debug\logitech.dvs.web.test.dll" id="75bdbe14-6c23-d779-33ae-7b4d2fe28f9a">
      <Css projectStructure="" iteration="" />
      <Description>UpdateSupportUser updates the role for a support manager</Description>
      <Owners>
        <Owner name="" />
      </Owners>
      <Execution id="11f5e1e7-4bfd-4060-afa4-bfe802bfd14c" />
      <TestMethod codeBase="F:/TeamCity/buildAgent/work/eee3f59bf291369f/Logitech/Dvs/Web/Test/bin/Debug/Logitech.Dvs.Web.Test.DLL" adapterTypeName="Microsoft.VisualStudio.TestTools.TestTypes.Unit.UnitTestAdapter, Microsoft.VisualStudio.QualityTools.Tips.UnitTest.Adapter" className="Logitech.Dvs.Web.Test.SupportServiceTests, Logitech.Dvs.Web.Test, Version=1.0.0.0, Culture=neutral, PublicKeyToken=null" name="UpdateSupportUser_Role_SupportManager" />
    </UnitTest>
    <UnitTest name="TestGetCountry" storage="f:\teamcity\buildagent\work\eee3f59bf291369f\logitech\dvs\web\test\bin\debug\logitech.dvs.web.test.dll" id="981af072-6289-0acc-a3e5-fe3d7fb25f2e">
      <Css projectStructure="" iteration="" />
      <Owners>
        <Owner name="" />
      </Owners>
      <DeploymentItems>
        <DeploymentItem filename="GeoIP.dat" />
      </DeploymentItems>
      <Execution id="37edfbd1-3ced-4af3-8bf7-5ddfd9be12bb" />
      <TestMethod codeBase="F:/TeamCity/buildAgent/work/eee3f59bf291369f/Logitech/Dvs/Web/Test/bin/Debug/Logitech.Dvs.Web.Test.DLL" adapterTypeName="Microsoft.VisualStudio.TestTools.TestTypes.Unit.UnitTestAdapter, Microsoft.VisualStudio.QualityTools.Tips.UnitTest.Adapter" className="Logitech.Dvs.Web.Test.HostIPServiceTest, Logitech.Dvs.Web.Test, Version=1.0.0.0, Culture=neutral, PublicKeyToken=null" name="TestGetCountry" />
    </UnitTest>
    <UnitTest name="RoundTripBase64" storage="f:\teamcity\buildagent\work\eee3f59bf291369f\logitech\dvs\web\test\bin\debug\logitech.dvs.web.test.dll" id="6fd82b1f-f509-acd0-818b-afaf7cff43d4">
      <Css projectStructure="" iteration="" />
      <Description>Data can be round-tripped through encryption and decryption using the base 64 variations.</Description>
      <Owners>
        <Owner name="" />
      </Owners>
      <Execution id="6daa5215-f3ec-4ec5-bdb9-c6437ea3e365" />
      <TestMethod codeBase="F:/TeamCity/buildAgent/work/eee3f59bf291369f/Logitech/Dvs/Web/Test/bin/Debug/Logitech.Dvs.Web.Test.DLL" adapterTypeName="Microsoft.VisualStudio.TestTools.TestTypes.Unit.UnitTestAdapter, Microsoft.VisualStudio.QualityTools.Tips.UnitTest.Adapter" className="Logitech.Dvs.Web.Test.EncryptionServiceTests, Logitech.Dvs.Web.Test, Version=1.0.0.0, Culture=neutral, PublicKeyToken=null" name="RoundTripBase64" />
    </UnitTest>
    <UnitTest name="FindCustomers_ExactEmail" storage="f:\teamcity\buildagent\work\eee3f59bf291369f\logitech\dvs\web\test\bin\debug\logitech.dvs.web.test.dll" id="070f280e-1211-af84-c8f7-33777304d4d5">
      <Css projectStructure="" iteration="" />
      <Description>Tests exact email</Description>
      <Owners>
        <Owner name="" />
      </Owners>
      <Execution id="55e098f9-9880-41a9-9012-6f714f78b0cc" />
      <TestMethod codeBase="F:/TeamCity/buildAgent/work/eee3f59bf291369f/Logitech/Dvs/Web/Test/bin/Debug/Logitech.Dvs.Web.Test.DLL" adapterTypeName="Microsoft.VisualStudio.TestTools.TestTypes.Unit.UnitTestAdapter, Microsoft.VisualStudio.QualityTools.Tips.UnitTest.Adapter" className="Logitech.Dvs.Web.Test.SupportServiceTests, Logitech.Dvs.Web.Test, Version=1.0.0.0, Culture=neutral, PublicKeyToken=null" name="FindCustomers_ExactEmail" />
    </UnitTest>
    <UnitTest name="CallsAuthServiceWithUserId" storage="f:\teamcity\buildagent\work\eee3f59bf291369f\logitech\dvs\web\test\bin\debug\logitech.dvs.web.test.dll" id="47ccac5f-86fa-182c-dfaa-e5b82d7dadd3">
      <Css projectStructure="" iteration="" />
      <Description>Calls auth service using the userid without throwing.</Description>
      <Owners>
        <Owner name="" />
      </Owners>
      <Execution id="210c7862-1e74-4afe-aee3-72f821b2df9a" />
      <TestMethod codeBase="F:/TeamCity/buildAgent/work/eee3f59bf291369f/Logitech/Dvs/Web/Test/bin/Debug/Logitech.Dvs.Web.Test.DLL" adapterTypeName="Microsoft.VisualStudio.TestTools.TestTypes.Unit.UnitTestAdapter, Microsoft.VisualStudio.QualityTools.Tips.UnitTest.Adapter" className="Logitech.Dvs.Web.Test.RuntimeUserResolverTests, Logitech.Dvs.Web.Test, Version=1.0.0.0, Culture=neutral, PublicKeyToken=null" name="CallsAuthServiceWithUserId" />
    </UnitTest>
    <UnitTest name="AddElemActionNull" storage="f:\teamcity\buildagent\work\eee3f59bf291369f\logitech\dvs\test\bin\debug\logitech.dvs.test.dll" id="59bd8471-ac8c-7cf1-7649-528da6ad711e">
      <Css projectStructure="" iteration="" />
      <Description>Calling add element with a null parent never invokes the action and returns null</Description>
      <Owners>
        <Owner name="" />
      </Owners>
      <Execution id="4ddf8723-f8e5-4e12-9c77-738852bca81f" />
      <TestMethod codeBase="F:/TeamCity/buildAgent/work/eee3f59bf291369f/Logitech/Dvs/Test/bin/Debug/Logitech.Dvs.Test.DLL" adapterTypeName="Microsoft.VisualStudio.TestTools.TestTypes.Unit.UnitTestAdapter, Microsoft.VisualStudio.QualityTools.Tips.UnitTest.Adapter" className="Logitech.Dvs.Test.FluentXmlExtensionsTest, Logitech.Dvs.Test, Version=1.0.0.0, Culture=neutral, PublicKeyToken=null" name="AddElemActionNull" />
    </UnitTest>
    <UnitTest name="CanonicalizeDashes" storage="f:\teamcity\buildagent\work\eee3f59bf291369f\logitech\dvs\web\test\bin\debug\logitech.dvs.web.test.dll" id="f07c8de4-5fd6-e791-9955-023ba0c6a4bb">
      <Css projectStructure="" iteration="" />
      <Description>TryCanonicalize removes dashes.</Description>
      <Owners>
        <Owner name="" />
      </Owners>
      <Execution id="a55f645b-ad06-497a-926f-ec972f7fe936" />
      <TestMethod codeBase="F:/TeamCity/buildAgent/work/eee3f59bf291369f/Logitech/Dvs/Web/Test/bin/Debug/Logitech.Dvs.Web.Test.DLL" adapterTypeName="Microsoft.VisualStudio.TestTools.TestTypes.Unit.UnitTestAdapter, Microsoft.VisualStudio.QualityTools.Tips.UnitTest.Adapter" className="Logitech.Dvs.Web.Test.ProductKeyGeneratorTest, Logitech.Dvs.Web.Test, Version=1.0.0.0, Culture=neutral, PublicKeyToken=null" name="CanonicalizeDashes" />
    </UnitTest>
    <UnitTest name="NonSupportUserReturnsNeg1" storage="f:\teamcity\buildagent\work\eee3f59bf291369f\logitech\dvs\web\test\bin\debug\logitech.dvs.web.test.dll" id="9432912d-5287-562c-a8c6-63a7ad09ea36">
      <Css projectStructure="" iteration="" />
      <Owners>
        <Owner name="" />
      </Owners>
      <Execution id="38b02e38-72b4-401d-a55e-10999cec98a3" />
      <TestMethod codeBase="F:/TeamCity/buildAgent/work/eee3f59bf291369f/Logitech/Dvs/Web/Test/bin/Debug/Logitech.Dvs.Web.Test.DLL" adapterTypeName="Microsoft.VisualStudio.TestTools.TestTypes.Unit.UnitTestAdapter, Microsoft.VisualStudio.QualityTools.Tips.UnitTest.Adapter" className="Logitech.Dvs.Web.Test.SupportServiceTests, Logitech.Dvs.Web.Test, Version=1.0.0.0, Culture=neutral, PublicKeyToken=null" name="NonSupportUserReturnsNeg1" />
    </UnitTest>
    <UnitTest name="UserWithNoDvsEntityKeyReturnsNull" storage="f:\teamcity\buildagent\work\eee3f59bf291369f\logitech\dvs\web\test\bin\debug\logitech.dvs.web.test.dll" id="797333d9-b4de-df59-a9c7-9f309f2594d5">
      <Css projectStructure="" iteration="" />
      <Description>End User name is used when the device user is used</Description>
      <Owners>
        <Owner name="" />
      </Owners>
      <Execution id="ed2617ea-9498-485c-ae1e-49171da7c619" />
      <TestMethod codeBase="F:/TeamCity/buildAgent/work/eee3f59bf291369f/Logitech/Dvs/Web/Test/bin/Debug/Logitech.Dvs.Web.Test.DLL" adapterTypeName="Microsoft.VisualStudio.TestTools.TestTypes.Unit.UnitTestAdapter, Microsoft.VisualStudio.QualityTools.Tips.UnitTest.Adapter" className="Logitech.Dvs.Web.Test.RuntimeUserResolverTests, Logitech.Dvs.Web.Test, Version=1.0.0.0, Culture=neutral, PublicKeyToken=null" name="UserWithNoDvsEntityKeyReturnsNull" />
    </UnitTest>
    <UnitTest name="GetQueryIndexParam_Invalid" storage="f:\teamcity\buildagent\work\eee3f59bf291369f\logitech\dvs\web\test\bin\debug\logitech.dvs.web.test.dll" id="016754e4-bb80-6970-89b2-50ba660633d5">
      <Css projectStructure="" iteration="" />
      <Description>GetQueryIndexParam throws if invalid</Description>
      <Owners>
        <Owner name="" />
      </Owners>
      <Execution id="ab07d712-7c23-4c8a-8987-0fd00bc6a348" />
      <TestMethod codeBase="F:/TeamCity/buildAgent/work/eee3f59bf291369f/Logitech/Dvs/Web/Test/bin/Debug/Logitech.Dvs.Web.Test.DLL" adapterTypeName="Microsoft.VisualStudio.TestTools.TestTypes.Unit.UnitTestAdapter, Microsoft.VisualStudio.QualityTools.Tips.UnitTest.Adapter" className="Logitech.Dvs.Web.Test.SupportServiceTests, Logitech.Dvs.Web.Test, Version=1.0.0.0, Culture=neutral, PublicKeyToken=null" name="GetQueryIndexParam_Invalid" />
    </UnitTest>
    <UnitTest name="StatusPending" storage="f:\teamcity\buildagent\work\eee3f59bf291369f\logitech\dvs\web\test\bin\debug\logitech.dvs.web.test.dll" id="1cd1d41b-e141-63a7-7fcc-d84f5e91d580">
      <Css projectStructure="" iteration="" />
      <Description>Sets a pending status when sharing is started.</Description>
      <Owners>
        <Owner name="" />
      </Owners>
      <Execution id="b93d693a-701e-4874-8a17-2889fcd8b612" />
      <TestMethod codeBase="F:/TeamCity/buildAgent/work/eee3f59bf291369f/Logitech/Dvs/Web/Test/bin/Debug/Logitech.Dvs.Web.Test.DLL" adapterTypeName="Microsoft.VisualStudio.TestTools.TestTypes.Unit.UnitTestAdapter, Microsoft.VisualStudio.QualityTools.Tips.UnitTest.Adapter" className="Logitech.Dvs.Web.Test.Model.YouTubeServiceTests, Logitech.Dvs.Web.Test, Version=1.0.0.0, Culture=neutral, PublicKeyToken=null" name="StatusPending" />
    </UnitTest>
    <UnitTest name="UpdateSupportUser_Role_SupportAdmin" storage="f:\teamcity\buildagent\work\eee3f59bf291369f\logitech\dvs\web\test\bin\debug\logitech.dvs.web.test.dll" id="9b99b463-ef35-95a4-d97d-44c640692673">
      <Css projectStructure="" iteration="" />
      <Description>UpdateSupportUser updates the role for a support admin</Description>
      <Owners>
        <Owner name="" />
      </Owners>
      <Execution id="1dea4941-0de1-43dd-b501-65339f8a6040" />
      <TestMethod codeBase="F:/TeamCity/buildAgent/work/eee3f59bf291369f/Logitech/Dvs/Web/Test/bin/Debug/Logitech.Dvs.Web.Test.DLL" adapterTypeName="Microsoft.VisualStudio.TestTools.TestTypes.Unit.UnitTestAdapter, Microsoft.VisualStudio.QualityTools.Tips.UnitTest.Adapter" className="Logitech.Dvs.Web.Test.SupportServiceTests, Logitech.Dvs.Web.Test, Version=1.0.0.0, Culture=neutral, PublicKeyToken=null" name="UpdateSupportUser_Role_SupportAdmin" />
    </UnitTest>
    <UnitTest name="CreateOrUpdateCommander_BadId" storage="f:\teamcity\buildagent\work\eee3f59bf291369f\logitech\dvs\web\test\bin\debug\logitech.dvs.web.test.dll" id="18b21502-278f-0892-5036-e12d53815dc8">
      <Css projectStructure="" iteration="" />
      <Description>CreateOrUpdateCommander throws if id is bad</Description>
      <Owners>
        <Owner name="" />
      </Owners>
      <Execution id="b2e893ed-4ab1-4ba1-af80-cbb0931df5f3" />
      <TestMethod codeBase="F:/TeamCity/buildAgent/work/eee3f59bf291369f/Logitech/Dvs/Web/Test/bin/Debug/Logitech.Dvs.Web.Test.DLL" adapterTypeName="Microsoft.VisualStudio.TestTools.TestTypes.Unit.UnitTestAdapter, Microsoft.VisualStudio.QualityTools.Tips.UnitTest.Adapter" className="Logitech.Dvs.Web.Test.CommanderServiceTest, Logitech.Dvs.Web.Test, Version=1.0.0.0, Culture=neutral, PublicKeyToken=null" name="CreateOrUpdateCommander_BadId" expectedException="Logitech.Dvs.Web.Services.WebProtocolException, Logitech.Dvs.Web, Version=1.0.3860.27695, Culture=neutral, PublicKeyToken=null" />
    </UnitTest>
    <UnitTest name="GetKeyInfo_Malformed" storage="f:\teamcity\buildagent\work\eee3f59bf291369f\logitech\dvs\web\test\bin\debug\logitech.dvs.web.test.dll" id="56d52520-8e5d-d88e-44b3-acef93ef55bc">
      <Css projectStructure="" iteration="" />
      <Description>GetKeyInfo throws if the specified key is malformed.</Description>
      <Owners>
        <Owner name="" />
      </Owners>
      <Execution id="5121ca76-401a-41ff-9dab-5a5a97a86c26" />
      <TestMethod codeBase="F:/TeamCity/buildAgent/work/eee3f59bf291369f/Logitech/Dvs/Web/Test/bin/Debug/Logitech.Dvs.Web.Test.DLL" adapterTypeName="Microsoft.VisualStudio.TestTools.TestTypes.Unit.UnitTestAdapter, Microsoft.VisualStudio.QualityTools.Tips.UnitTest.Adapter" className="Logitech.Dvs.Web.Test.CommerceServiceTests, Logitech.Dvs.Web.Test, Version=1.0.0.0, Culture=neutral, PublicKeyToken=null" name="GetKeyInfo_Malformed" />
    </UnitTest>
    <UnitTest name="TestWelcomeNewUserTemplate_TextOnly" storage="f:\teamcity\buildagent\work\eee3f59bf291369f\logitech\dvs\web\test\bin\debug\logitech.dvs.web.test.dll" id="adadfdb4-815b-5b39-8aa5-28696d1ce15b">
      <Css projectStructure="" iteration="" />
      <Owners>
        <Owner name="" />
      </Owners>
      <Execution id="ce56cdfb-3228-4c5e-9e70-114a846cf7c5" />
      <TestMethod codeBase="F:/TeamCity/buildAgent/work/eee3f59bf291369f/Logitech/Dvs/Web/Test/bin/Debug/Logitech.Dvs.Web.Test.DLL" adapterTypeName="Microsoft.VisualStudio.TestTools.TestTypes.Unit.UnitTestAdapter, Microsoft.VisualStudio.QualityTools.Tips.UnitTest.Adapter" className="Logitech.Dvs.Web.Test.TemplateTests, Logitech.Dvs.Web.Test, Version=1.0.0.0, Culture=neutral, PublicKeyToken=null" name="TestWelcomeNewUserTemplate_TextOnly" />
    </UnitTest>
    <UnitTest name="NoRegisteredProducts" storage="f:\teamcity\buildagent\work\eee3f59bf291369f\logitech\dvs\web\test\bin\debug\logitech.dvs.web.test.dll" id="b292346f-d637-2277-e3c0-483c4e07f90d">
      <Css projectStructure="" iteration="" />
      <Owners>
        <Owner name="" />
      </Owners>
      <Execution id="eab9ac01-30b0-479d-8e8f-35f1aa9ede95" />
      <TestMethod codeBase="F:/TeamCity/buildAgent/work/eee3f59bf291369f/Logitech/Dvs/Web/Test/bin/Debug/Logitech.Dvs.Web.Test.DLL" adapterTypeName="Microsoft.VisualStudio.TestTools.TestTypes.Unit.UnitTestAdapter, Microsoft.VisualStudio.QualityTools.Tips.UnitTest.Adapter" className="Logitech.Dvs.Web.Test.FeatureSecurityServiceTests, Logitech.Dvs.Web.Test, Version=1.0.0.0, Culture=neutral, PublicKeyToken=null" name="NoRegisteredProducts" />
    </UnitTest>
    <UnitTest name="ResourceIdIsBadOnUpdate" storage="f:\teamcity\buildagent\work\eee3f59bf291369f\logitech\dvs\web\test\bin\debug\logitech.dvs.web.test.dll" id="3e9fc949-c76f-bee7-74ee-4b5c33cc0be3">
      <Css projectStructure="" iteration="" />
      <Description>Throws and exception if the siteid in the resource uri is bad</Description>
      <Owners>
        <Owner name="" />
      </Owners>
      <Execution id="25d74577-6ed2-4262-aabf-3a078a242990" />
      <TestMethod codeBase="F:/TeamCity/buildAgent/work/eee3f59bf291369f/Logitech/Dvs/Web/Test/bin/Debug/Logitech.Dvs.Web.Test.DLL" adapterTypeName="Microsoft.VisualStudio.TestTools.TestTypes.Unit.UnitTestAdapter, Microsoft.VisualStudio.QualityTools.Tips.UnitTest.Adapter" className="Logitech.Dvs.Web.Test.SiteServiceTests, Logitech.Dvs.Web.Test, Version=1.0.0.0, Culture=neutral, PublicKeyToken=null" name="ResourceIdIsBadOnUpdate" expectedException="Logitech.Dvs.Web.Services.WebProtocolException, Logitech.Dvs.Web, Version=1.0.3860.27695, Culture=neutral, PublicKeyToken=null" />
    </UnitTest>
    <UnitTest name="SavedUserName" storage="f:\teamcity\buildagent\work\eee3f59bf291369f\logitech\dvs\web\test\bin\debug\logitech.dvs.web.test.dll" id="c5b1a520-a3f2-4d01-41f7-2598de8e4886">
      <Css projectStructure="" iteration="" />
      <Description>Includes the user name part of saved credentials if they exist.</Description>
      <Owners>
        <Owner name="" />
      </Owners>
      <Execution id="a4ad201f-5747-4be4-9580-e83cad6be774" />
      <TestMethod codeBase="F:/TeamCity/buildAgent/work/eee3f59bf291369f/Logitech/Dvs/Web/Test/bin/Debug/Logitech.Dvs.Web.Test.DLL" adapterTypeName="Microsoft.VisualStudio.TestTools.TestTypes.Unit.UnitTestAdapter, Microsoft.VisualStudio.QualityTools.Tips.UnitTest.Adapter" className="Logitech.Dvs.Web.Test.Model.YouTubeServiceTests, Logitech.Dvs.Web.Test, Version=1.0.0.0, Culture=neutral, PublicKeyToken=null" name="SavedUserName" />
    </UnitTest>
    <UnitTest name="AuthenticateXHeader" storage="f:\teamcity\buildagent\work\eee3f59bf291369f\logitech\dvs\web\test\bin\debug\logitech.dvs.web.test.dll" id="b7489c82-3f2a-65af-f22e-e210030033c3">
      <Css projectStructure="" iteration="" />
      <Description>An 'X-Authorization' header is also acceptable.</Description>
      <Owners>
        <Owner name="" />
      </Owners>
      <Execution id="50d95d02-fa17-49aa-9d53-f6289a893bd3" />
      <TestMethod codeBase="F:/TeamCity/buildAgent/work/eee3f59bf291369f/Logitech/Dvs/Web/Test/bin/Debug/Logitech.Dvs.Web.Test.DLL" adapterTypeName="Microsoft.VisualStudio.TestTools.TestTypes.Unit.UnitTestAdapter, Microsoft.VisualStudio.QualityTools.Tips.UnitTest.Adapter" className="Logitech.Dvs.Web.Test.DigestAuthenticationTest, Logitech.Dvs.Web.Test, Version=1.0.0.0, Culture=neutral, PublicKeyToken=null" name="AuthenticateXHeader" />
    </UnitTest>
    <UnitTest name="ShareToYouTubeUnknownMac" storage="f:\teamcity\buildagent\work\eee3f59bf291369f\logitech\dvs\web\test\bin\debug\logitech.dvs.web.test.dll" id="ec57ae2a-31ba-68e8-f889-184e5dfdeeca">
      <Css projectStructure="" iteration="" />
      <Description>ShareToYouTube throws (404) if the MAC address doesn't refer to a known camera.</Description>
      <Owners>
        <Owner name="" />
      </Owners>
      <Execution id="8ac2ab58-4f55-44c9-bd36-4be458555469" />
      <TestMethod codeBase="F:/TeamCity/buildAgent/work/eee3f59bf291369f/Logitech/Dvs/Web/Test/bin/Debug/Logitech.Dvs.Web.Test.DLL" adapterTypeName="Microsoft.VisualStudio.TestTools.TestTypes.Unit.UnitTestAdapter, Microsoft.VisualStudio.QualityTools.Tips.UnitTest.Adapter" className="Logitech.Dvs.Web.Test.ClipServiceTests, Logitech.Dvs.Web.Test, Version=1.0.0.0, Culture=neutral, PublicKeyToken=null" name="ShareToYouTubeUnknownMac" />
    </UnitTest>
    <UnitTest name="RegisterKey_AlreadyRegistered" storage="f:\teamcity\buildagent\work\eee3f59bf291369f\logitech\dvs\web\test\bin\debug\logitech.dvs.web.test.dll" id="e21cc24a-1178-a350-7e70-387e48227512">
      <Css projectStructure="" iteration="" />
      <Description>RegisterKey throws if the key is registered to a different user</Description>
      <Owners>
        <Owner name="" />
      </Owners>
      <Execution id="14b71f07-67f0-4a61-94ca-69b17092508c" />
      <TestMethod codeBase="F:/TeamCity/buildAgent/work/eee3f59bf291369f/Logitech/Dvs/Web/Test/bin/Debug/Logitech.Dvs.Web.Test.DLL" adapterTypeName="Microsoft.VisualStudio.TestTools.TestTypes.Unit.UnitTestAdapter, Microsoft.VisualStudio.QualityTools.Tips.UnitTest.Adapter" className="Logitech.Dvs.Web.Test.CommerceServiceTests, Logitech.Dvs.Web.Test, Version=1.0.0.0, Culture=neutral, PublicKeyToken=null" name="RegisterKey_AlreadyRegistered" />
    </UnitTest>
    <UnitTest name="ReadAll" storage="f:\teamcity\buildagent\work\eee3f59bf291369f\logitech\dvs\web\test\bin\debug\logitech.dvs.web.test.dll" id="db220476-c2ef-7fd1-d7d5-93c44f89dcf2">
      <Css projectStructure="" iteration="" />
      <Description>The stream encapsulates multiple chunks as a single stream.</Description>
      <Owners>
        <Owner name="" />
      </Owners>
      <Execution id="9a78ba16-4ffa-460f-ba81-00b41a354630" />
      <TestMethod codeBase="F:/TeamCity/buildAgent/work/eee3f59bf291369f/Logitech/Dvs/Web/Test/bin/Debug/Logitech.Dvs.Web.Test.DLL" adapterTypeName="Microsoft.VisualStudio.TestTools.TestTypes.Unit.UnitTestAdapter, Microsoft.VisualStudio.QualityTools.Tips.UnitTest.Adapter" className="Logitech.Dvs.Web.Test.ChunkOutputStreamTests, Logitech.Dvs.Web.Test, Version=1.0.0.0, Culture=neutral, PublicKeyToken=null" name="ReadAll" />
    </UnitTest>
    <UnitTest name="Send_MapServiceUnavailablePacketException" storage="f:\teamcity\buildagent\work\eee3f59bf291369f\logitech\dvs\messaging\test\bin\debug\logitech.dvs.messaging.test.dll" id="1cdb7743-0e12-84d8-a550-bf2fa200abaf">
      <Css projectStructure="" iteration="" />
      <Description>Send maps ServiceUnavailablePacketException to HTTP 503.</Description>
      <Owners>
        <Owner name="" />
      </Owners>
      <Execution id="b992cb71-5bfb-455b-ba17-603be3f37e64" />
      <TestMethod codeBase="F:/TeamCity/buildAgent/work/eee3f59bf291369f/Logitech/Dvs/Messaging/Test/bin/Debug/Logitech.Dvs.Messaging.Test.DLL" adapterTypeName="Microsoft.VisualStudio.TestTools.TestTypes.Unit.UnitTestAdapter, Microsoft.VisualStudio.QualityTools.Tips.UnitTest.Adapter" className="Logitech.Dvs.Messaging.Test.XmppMessageManagerTests, Logitech.Dvs.Messaging.Test, Version=1.0.0.0, Culture=neutral, PublicKeyToken=null" name="Send_MapServiceUnavailablePacketException" />
    </UnitTest>
    <UnitTest name="Send_MapStreamException" storage="f:\teamcity\buildagent\work\eee3f59bf291369f\logitech\dvs\messaging\test\bin\debug\logitech.dvs.messaging.test.dll" id="5d72ab7b-73fc-1285-b391-26b440fe1f67">
      <Css projectStructure="" iteration="" />
      <Description>Send maps other stream exceptions to HTTP 500.</Description>
      <Owners>
        <Owner name="" />
      </Owners>
      <Execution id="42ba136c-4779-4a7d-974e-0778f499ed0c" />
      <TestMethod codeBase="F:/TeamCity/buildAgent/work/eee3f59bf291369f/Logitech/Dvs/Messaging/Test/bin/Debug/Logitech.Dvs.Messaging.Test.DLL" adapterTypeName="Microsoft.VisualStudio.TestTools.TestTypes.Unit.UnitTestAdapter, Microsoft.VisualStudio.QualityTools.Tips.UnitTest.Adapter" className="Logitech.Dvs.Messaging.Test.XmppMessageManagerTests, Logitech.Dvs.Messaging.Test, Version=1.0.0.0, Culture=neutral, PublicKeyToken=null" name="Send_MapStreamException" />
    </UnitTest>
    <UnitTest name="UserNameForEndUser" storage="f:\teamcity\buildagent\work\eee3f59bf291369f\logitech\dvs\web\test\bin\debug\logitech.dvs.web.test.dll" id="8247ac44-63c9-d63a-9d58-a47b31aa742a">
      <Css projectStructure="" iteration="" />
      <Description>User name is used when the username is an end user</Description>
      <Owners>
        <Owner name="" />
      </Owners>
      <Execution id="0f4d7343-bf65-40ce-ad80-37dc8301a549" />
      <TestMethod codeBase="F:/TeamCity/buildAgent/work/eee3f59bf291369f/Logitech/Dvs/Web/Test/bin/Debug/Logitech.Dvs.Web.Test.DLL" adapterTypeName="Microsoft.VisualStudio.TestTools.TestTypes.Unit.UnitTestAdapter, Microsoft.VisualStudio.QualityTools.Tips.UnitTest.Adapter" className="Logitech.Dvs.Web.Test.RuntimeUserResolverTests, Logitech.Dvs.Web.Test, Version=1.0.0.0, Culture=neutral, PublicKeyToken=null" name="UserNameForEndUser" />
    </UnitTest>
    <UnitTest name="SourcesAreSet" storage="f:\teamcity\buildagent\work\eee3f59bf291369f\logitech\dvs\web\test\bin\debug\logitech.dvs.web.test.dll" id="9027abc9-6703-bdf0-b231-86f4f2886b47">
      <Css projectStructure="" iteration="" />
      <Owners>
        <Owner name="" />
      </Owners>
      <Execution id="258f7b4a-a215-4193-91a6-331ca5e60f98" />
      <TestMethod codeBase="F:/TeamCity/buildAgent/work/eee3f59bf291369f/Logitech/Dvs/Web/Test/bin/Debug/Logitech.Dvs.Web.Test.DLL" adapterTypeName="Microsoft.VisualStudio.TestTools.TestTypes.Unit.UnitTestAdapter, Microsoft.VisualStudio.QualityTools.Tips.UnitTest.Adapter" className="Logitech.Dvs.Web.Test.LiveStreamTests, Logitech.Dvs.Web.Test, Version=1.0.0.0, Culture=neutral, PublicKeyToken=null" name="SourcesAreSet" />
    </UnitTest>
    <UnitTest name="CreateFile" storage="f:\teamcity\buildagent\work\eee3f59bf291369f\logitech\dvs\test\bin\debug\logitech.dvs.test.dll" id="4a17443d-6e12-7397-1ef3-38fbdcd2efdd">
      <Css projectStructure="" iteration="" />
      <Description>CreateFile creates a file at the specified location.</Description>
      <Owners>
        <Owner name="" />
      </Owners>
      <Execution id="b6aa20d8-116c-4b3e-8843-be8f2b721353" />
      <TestMethod codeBase="F:/TeamCity/buildAgent/work/eee3f59bf291369f/Logitech/Dvs/Test/bin/Debug/Logitech.Dvs.Test.DLL" adapterTypeName="Microsoft.VisualStudio.TestTools.TestTypes.Unit.UnitTestAdapter, Microsoft.VisualStudio.QualityTools.Tips.UnitTest.Adapter" className="Logitech.Dvs.Test.FileSharedStorageTests, Logitech.Dvs.Test, Version=1.0.0.0, Culture=neutral, PublicKeyToken=null" name="CreateFile" />
    </UnitTest>
    <UnitTest name="CreateFileOverwrite" storage="f:\teamcity\buildagent\work\eee3f59bf291369f\logitech\dvs\test\bin\debug\logitech.dvs.test.dll" id="49ffba92-c8c3-ce4f-4843-8ebc2b9ed8ac">
      <Css projectStructure="" iteration="" />
      <Description>CreateFile overwrites any file at the specified location.</Description>
      <Owners>
        <Owner name="" />
      </Owners>
      <Execution id="25d4b18a-3e19-4502-afd2-9c4847f53664" />
      <TestMethod codeBase="F:/TeamCity/buildAgent/work/eee3f59bf291369f/Logitech/Dvs/Test/bin/Debug/Logitech.Dvs.Test.DLL" adapterTypeName="Microsoft.VisualStudio.TestTools.TestTypes.Unit.UnitTestAdapter, Microsoft.VisualStudio.QualityTools.Tips.UnitTest.Adapter" className="Logitech.Dvs.Test.FileSharedStorageTests, Logitech.Dvs.Test, Version=1.0.0.0, Culture=neutral, PublicKeyToken=null" name="CreateFileOverwrite" />
    </UnitTest>
    <UnitTest name="ShouldWrapMessageFalse" storage="f:\teamcity\buildagent\work\eee3f59bf291369f\logitech\dvs\web\test\bin\debug\logitech.dvs.web.test.dll" id="83ee1e3d-9439-b0e1-3510-b3601110c423">
      <Css projectStructure="" iteration="" />
      <Description>ShouldWrapMessage is false when the request header is not there.</Description>
      <Owners>
        <Owner name="" />
      </Owners>
      <Execution id="a76afa94-bc2e-43c8-943c-d3938f5e230c" />
      <TestMethod codeBase="F:/TeamCity/buildAgent/work/eee3f59bf291369f/Logitech/Dvs/Web/Test/bin/Debug/Logitech.Dvs.Web.Test.DLL" adapterTypeName="Microsoft.VisualStudio.TestTools.TestTypes.Unit.UnitTestAdapter, Microsoft.VisualStudio.QualityTools.Tips.UnitTest.Adapter" className="Logitech.Dvs.Web.Test.ResponseInspectorTests, Logitech.Dvs.Web.Test, Version=1.0.0.0, Culture=neutral, PublicKeyToken=null" name="ShouldWrapMessageFalse" />
    </UnitTest>
    <UnitTest name="Mixed_IsNotAuthorized" storage="f:\teamcity\buildagent\work\eee3f59bf291369f\logitech\dvs\web\test\bin\debug\logitech.dvs.web.test.dll" id="a6982e99-95c8-d261-2400-3b753eb23370">
      <Css projectStructure="" iteration="" />
      <Owners>
        <Owner name="" />
      </Owners>
      <Execution id="5273fb99-a2c8-4a6b-a411-bb041c614f8e" />
      <TestMethod codeBase="F:/TeamCity/buildAgent/work/eee3f59bf291369f/Logitech/Dvs/Web/Test/bin/Debug/Logitech.Dvs.Web.Test.DLL" adapterTypeName="Microsoft.VisualStudio.TestTools.TestTypes.Unit.UnitTestAdapter, Microsoft.VisualStudio.QualityTools.Tips.UnitTest.Adapter" className="Logitech.Dvs.Web.Test.RoleSecurityAttributeTests, Logitech.Dvs.Web.Test, Version=1.0.0.0, Culture=neutral, PublicKeyToken=null" name="Mixed_IsNotAuthorized" />
    </UnitTest>
    <UnitTest name="RevokeKey_NotFound" storage="f:\teamcity\buildagent\work\eee3f59bf291369f\logitech\dvs\web\test\bin\debug\logitech.dvs.web.test.dll" id="7b4a3e8a-c691-250e-17b7-5236f9b5e797">
      <Css projectStructure="" iteration="" />
      <Description>RevokeKey throws if the specified key is not in the database.</Description>
      <Owners>
        <Owner name="" />
      </Owners>
      <Execution id="58c1b0b0-8b86-4681-9df8-c23761a6b0a3" />
      <TestMethod codeBase="F:/TeamCity/buildAgent/work/eee3f59bf291369f/Logitech/Dvs/Web/Test/bin/Debug/Logitech.Dvs.Web.Test.DLL" adapterTypeName="Microsoft.VisualStudio.TestTools.TestTypes.Unit.UnitTestAdapter, Microsoft.VisualStudio.QualityTools.Tips.UnitTest.Adapter" className="Logitech.Dvs.Web.Test.CommerceServiceTests, Logitech.Dvs.Web.Test, Version=1.0.0.0, Culture=neutral, PublicKeyToken=null" name="RevokeKey_NotFound" />
    </UnitTest>
    <UnitTest name="GetPtz_Offline" storage="f:\teamcity\buildagent\work\eee3f59bf291369f\logitech\dvs\web\test\bin\debug\logitech.dvs.web.test.dll" id="11404805-0fe9-77a0-0e57-aa2bf9bd1c9c">
      <Css projectStructure="" iteration="" />
      <Description>The camera service throws (503) for an offline camera.</Description>
      <Owners>
        <Owner name="" />
      </Owners>
      <Execution id="18cf86ec-9174-4173-be8c-ed4f6dfbcce8" />
      <TestMethod codeBase="F:/TeamCity/buildAgent/work/eee3f59bf291369f/Logitech/Dvs/Web/Test/bin/Debug/Logitech.Dvs.Web.Test.DLL" adapterTypeName="Microsoft.VisualStudio.TestTools.TestTypes.Unit.UnitTestAdapter, Microsoft.VisualStudio.QualityTools.Tips.UnitTest.Adapter" className="Logitech.Dvs.Web.Test.CameraServicePtzTests, Logitech.Dvs.Web.Test, Version=1.0.0.0, Culture=neutral, PublicKeyToken=null" name="GetPtz_Offline" />
    </UnitTest>
    <UnitTest name="FileExistsWaitCreated" storage="f:\teamcity\buildagent\work\eee3f59bf291369f\logitech\dvs\web\test\bin\debug\logitech.dvs.web.test.dll" id="b311d87d-43ef-f7ee-334e-b658a2a65a7e">
      <Css projectStructure="" iteration="" />
      <Description>FileExists waits for the second file to exist before returning (it shows up later).</Description>
      <Owners>
        <Owner name="" />
      </Owners>
      <Execution id="ade311cb-883f-4125-bf28-f186bfc11222" />
      <TestMethod codeBase="F:/TeamCity/buildAgent/work/eee3f59bf291369f/Logitech/Dvs/Web/Test/bin/Debug/Logitech.Dvs.Web.Test.DLL" adapterTypeName="Microsoft.VisualStudio.TestTools.TestTypes.Unit.UnitTestAdapter, Microsoft.VisualStudio.QualityTools.Tips.UnitTest.Adapter" className="Logitech.Dvs.Web.Test.ReadChunkManagerTests, Logitech.Dvs.Web.Test, Version=1.0.0.0, Culture=neutral, PublicKeyToken=null" name="FileExistsWaitCreated" />
    </UnitTest>
    <UnitTest name="UploadBodySmall" storage="f:\teamcity\buildagent\work\eee3f59bf291369f\logitech\dvs\web\test\bin\debug\logitech.dvs.web.test.dll" id="fcd2bcf4-3942-7ca8-1f60-98693bf7bea1">
      <Css projectStructure="" iteration="" />
      <Description>The body chunk is written corectly on an upload where the body is smaller than the buffer size.</Description>
      <Owners>
        <Owner name="" />
      </Owners>
      <Execution id="119af744-39e3-41fa-8e5b-8e062d1d88a8" />
      <TestMethod codeBase="F:/TeamCity/buildAgent/work/eee3f59bf291369f/Logitech/Dvs/Web/Test/bin/Debug/Logitech.Dvs.Web.Test.DLL" adapterTypeName="Microsoft.VisualStudio.TestTools.TestTypes.Unit.UnitTestAdapter, Microsoft.VisualStudio.QualityTools.Tips.UnitTest.Adapter" className="Logitech.Dvs.Web.Test.FileRelayServiceTests, Logitech.Dvs.Web.Test, Version=1.0.0.0, Culture=neutral, PublicKeyToken=null" name="UploadBodySmall" />
    </UnitTest>
    <UnitTest name="ShareToYouTubeNoMac" storage="f:\teamcity\buildagent\work\eee3f59bf291369f\logitech\dvs\web\test\bin\debug\logitech.dvs.web.test.dll" id="e0b27599-69f7-70dc-ed6c-0fbff189e920">
      <Css projectStructure="" iteration="" />
      <Description>ShareToYouTube throws (400) if the MAC address is not specified.</Description>
      <Owners>
        <Owner name="" />
      </Owners>
      <Execution id="2c0fa857-db48-410f-9256-e09e9640fb6f" />
      <TestMethod codeBase="F:/TeamCity/buildAgent/work/eee3f59bf291369f/Logitech/Dvs/Web/Test/bin/Debug/Logitech.Dvs.Web.Test.DLL" adapterTypeName="Microsoft.VisualStudio.TestTools.TestTypes.Unit.UnitTestAdapter, Microsoft.VisualStudio.QualityTools.Tips.UnitTest.Adapter" className="Logitech.Dvs.Web.Test.ClipServiceTests, Logitech.Dvs.Web.Test, Version=1.0.0.0, Culture=neutral, PublicKeyToken=null" name="ShareToYouTubeNoMac" />
    </UnitTest>
    <UnitTest name="FindCustomers_NoResults_LastName" storage="f:\teamcity\buildagent\work\eee3f59bf291369f\logitech\dvs\web\test\bin\debug\logitech.dvs.web.test.dll" id="377ad911-bf4f-3a20-9eb8-7d308fe0b249">
      <Css projectStructure="" iteration="" />
      <Description>Tests no results lastname</Description>
      <Owners>
        <Owner name="" />
      </Owners>
      <Execution id="6beb300b-5d6d-4b61-b99d-2d2456b93566" />
      <TestMethod codeBase="F:/TeamCity/buildAgent/work/eee3f59bf291369f/Logitech/Dvs/Web/Test/bin/Debug/Logitech.Dvs.Web.Test.DLL" adapterTypeName="Microsoft.VisualStudio.TestTools.TestTypes.Unit.UnitTestAdapter, Microsoft.VisualStudio.QualityTools.Tips.UnitTest.Adapter" className="Logitech.Dvs.Web.Test.SupportServiceTests, Logitech.Dvs.Web.Test, Version=1.0.0.0, Culture=neutral, PublicKeyToken=null" name="FindCustomers_NoResults_LastName" />
    </UnitTest>
    <UnitTest name="TestAlertTemplate_TextOnly" storage="f:\teamcity\buildagent\work\eee3f59bf291369f\logitech\dvs\web\test\bin\debug\logitech.dvs.web.test.dll" id="ed16e022-71cf-584c-0610-70b051feb390">
      <Css projectStructure="" iteration="" />
      <Owners>
        <Owner name="" />
      </Owners>
      <Execution id="0e705729-6a20-44ad-94e6-b0c3ac78b611" />
      <TestMethod codeBase="F:/TeamCity/buildAgent/work/eee3f59bf291369f/Logitech/Dvs/Web/Test/bin/Debug/Logitech.Dvs.Web.Test.DLL" adapterTypeName="Microsoft.VisualStudio.TestTools.TestTypes.Unit.UnitTestAdapter, Microsoft.VisualStudio.QualityTools.Tips.UnitTest.Adapter" className="Logitech.Dvs.Web.Test.TemplateTests, Logitech.Dvs.Web.Test, Version=1.0.0.0, Culture=neutral, PublicKeyToken=null" name="TestAlertTemplate_TextOnly" />
    </UnitTest>
    <UnitTest name="Retry" storage="f:\teamcity\buildagent\work\eee3f59bf291369f\logitech\dvs\test\bin\debug\logitech.dvs.test.dll" id="4833eace-28d1-6cc3-2ee6-812c3df559f1">
      <Css projectStructure="" iteration="" />
      <Description>Is resilient to IOExceptions.</Description>
      <Owners>
        <Owner name="" />
      </Owners>
      <Execution id="69e16bf6-e5b4-4761-80ef-20a3eebaa1b2" />
      <TestMethod codeBase="F:/TeamCity/buildAgent/work/eee3f59bf291369f/Logitech/Dvs/Test/bin/Debug/Logitech.Dvs.Test.DLL" adapterTypeName="Microsoft.VisualStudio.TestTools.TestTypes.Unit.UnitTestAdapter, Microsoft.VisualStudio.QualityTools.Tips.UnitTest.Adapter" className="Logitech.Dvs.Test.FileObjectStoreTests, Logitech.Dvs.Test, Version=1.0.0.0, Culture=neutral, PublicKeyToken=null" name="Retry" />
    </UnitTest>
    <UnitTest name="DownloadSaveComplexQuery" storage="f:\teamcity\buildagent\work\eee3f59bf291369f\logitech\dvs\web\test\bin\debug\logitech.dvs.web.test.dll" id="76a58247-9f6d-874d-c96a-f28290c95de6">
      <Css projectStructure="" iteration="" />
      <Description>Download correctly parses the file name for content-disposition even when the query string is complex.</Description>
      <Owners>
        <Owner name="" />
      </Owners>
      <Execution id="13584240-b937-4eaa-8246-7d48fac7abb6" />
      <TestMethod codeBase="F:/TeamCity/buildAgent/work/eee3f59bf291369f/Logitech/Dvs/Web/Test/bin/Debug/Logitech.Dvs.Web.Test.DLL" adapterTypeName="Microsoft.VisualStudio.TestTools.TestTypes.Unit.UnitTestAdapter, Microsoft.VisualStudio.QualityTools.Tips.UnitTest.Adapter" className="Logitech.Dvs.Web.Test.FileRelayServiceTests, Logitech.Dvs.Web.Test, Version=1.0.0.0, Culture=neutral, PublicKeyToken=null" name="DownloadSaveComplexQuery" />
    </UnitTest>
    <UnitTest name="Send_MapXMPPException" storage="f:\teamcity\buildagent\work\eee3f59bf291369f\logitech\dvs\messaging\test\bin\debug\logitech.dvs.messaging.test.dll" id="ecce1bc3-8536-51d1-6a3c-e2bee57890b0">
      <Css projectStructure="" iteration="" />
      <Description>Send maps other XMPP exceptions to HTTP 500.</Description>
      <Owners>
        <Owner name="" />
      </Owners>
      <Execution id="ef119594-7baf-4a41-be07-0b2e27ec7cb8" />
      <TestMethod codeBase="F:/TeamCity/buildAgent/work/eee3f59bf291369f/Logitech/Dvs/Messaging/Test/bin/Debug/Logitech.Dvs.Messaging.Test.DLL" adapterTypeName="Microsoft.VisualStudio.TestTools.TestTypes.Unit.UnitTestAdapter, Microsoft.VisualStudio.QualityTools.Tips.UnitTest.Adapter" className="Logitech.Dvs.Messaging.Test.XmppMessageManagerTests, Logitech.Dvs.Messaging.Test, Version=1.0.0.0, Culture=neutral, PublicKeyToken=null" name="Send_MapXMPPException" />
    </UnitTest>
    <UnitTest name="AuthenticateWrongPassword" storage="f:\teamcity\buildagent\work\eee3f59bf291369f\logitech\dvs\web\test\bin\debug\logitech.dvs.web.test.dll" id="2f4d4b00-0424-b3cd-f27d-2861b9f1f0be">
      <Css projectStructure="" iteration="" />
      <Description>A request with an incorrect password digest gets a 401.</Description>
      <Owners>
        <Owner name="" />
      </Owners>
      <Execution id="95327028-bdc0-426f-89aa-8a11b18b785c" />
      <TestMethod codeBase="F:/TeamCity/buildAgent/work/eee3f59bf291369f/Logitech/Dvs/Web/Test/bin/Debug/Logitech.Dvs.Web.Test.DLL" adapterTypeName="Microsoft.VisualStudio.TestTools.TestTypes.Unit.UnitTestAdapter, Microsoft.VisualStudio.QualityTools.Tips.UnitTest.Adapter" className="Logitech.Dvs.Web.Test.DigestAuthenticationTest, Logitech.Dvs.Web.Test, Version=1.0.0.0, Culture=neutral, PublicKeyToken=null" name="AuthenticateWrongPassword" />
    </UnitTest>
    <UnitTest name="SingleExpiredTrial" storage="f:\teamcity\buildagent\work\eee3f59bf291369f\logitech\dvs\web\test\bin\debug\logitech.dvs.web.test.dll" id="e7d59232-f8fb-f888-d11d-fdf70c81ac08">
      <Css projectStructure="" iteration="" />
      <Owners>
        <Owner name="" />
      </Owners>
      <Execution id="d7051498-28a1-42e6-9f95-fcf0e8efb65f" />
      <TestMethod codeBase="F:/TeamCity/buildAgent/work/eee3f59bf291369f/Logitech/Dvs/Web/Test/bin/Debug/Logitech.Dvs.Web.Test.DLL" adapterTypeName="Microsoft.VisualStudio.TestTools.TestTypes.Unit.UnitTestAdapter, Microsoft.VisualStudio.QualityTools.Tips.UnitTest.Adapter" className="Logitech.Dvs.Web.Test.FeatureSecurityServiceTests, Logitech.Dvs.Web.Test, Version=1.0.0.0, Culture=neutral, PublicKeyToken=null" name="SingleExpiredTrial" />
    </UnitTest>
    <UnitTest name="ShouldWrapMessageFalse_BadValue" storage="f:\teamcity\buildagent\work\eee3f59bf291369f\logitech\dvs\web\test\bin\debug\logitech.dvs.web.test.dll" id="51710cc0-97ba-f137-ccac-fd5d07efc855">
      <Css projectStructure="" iteration="" />
      <Description>ShouldWrapMessage false with non-boolean value</Description>
      <Owners>
        <Owner name="" />
      </Owners>
      <Execution id="6abecfc5-eec3-46e4-9bb0-4bbbe46fb090" />
      <TestMethod codeBase="F:/TeamCity/buildAgent/work/eee3f59bf291369f/Logitech/Dvs/Web/Test/bin/Debug/Logitech.Dvs.Web.Test.DLL" adapterTypeName="Microsoft.VisualStudio.TestTools.TestTypes.Unit.UnitTestAdapter, Microsoft.VisualStudio.QualityTools.Tips.UnitTest.Adapter" className="Logitech.Dvs.Web.Test.ResponseInspectorTests, Logitech.Dvs.Web.Test, Version=1.0.0.0, Culture=neutral, PublicKeyToken=null" name="ShouldWrapMessageFalse_BadValue" />
    </UnitTest>
    <UnitTest name="AllowRoles_IsAuthorized" storage="f:\teamcity\buildagent\work\eee3f59bf291369f\logitech\dvs\web\test\bin\debug\logitech.dvs.web.test.dll" id="222eb68e-08e7-49cc-5364-2062ebb02ded">
      <Css projectStructure="" iteration="" />
      <Owners>
        <Owner name="" />
      </Owners>
      <Execution id="33ba9ed1-dc58-44e9-bf78-41fb4e2b50bc" />
      <TestMethod codeBase="F:/TeamCity/buildAgent/work/eee3f59bf291369f/Logitech/Dvs/Web/Test/bin/Debug/Logitech.Dvs.Web.Test.DLL" adapterTypeName="Microsoft.VisualStudio.TestTools.TestTypes.Unit.UnitTestAdapter, Microsoft.VisualStudio.QualityTools.Tips.UnitTest.Adapter" className="Logitech.Dvs.Web.Test.RoleSecurityAttributeTests, Logitech.Dvs.Web.Test, Version=1.0.0.0, Culture=neutral, PublicKeyToken=null" name="AllowRoles_IsAuthorized" />
    </UnitTest>
    <UnitTest name="RevokeKey_Malformed" storage="f:\teamcity\buildagent\work\eee3f59bf291369f\logitech\dvs\web\test\bin\debug\logitech.dvs.web.test.dll" id="945a0b82-102d-6f18-12a1-8e9f198bb0e7">
      <Css projectStructure="" iteration="" />
      <Description>RevokeKey throws if the specified key is malformed.</Description>
      <Owners>
        <Owner name="" />
      </Owners>
      <Execution id="2a5303f5-922e-4152-b73d-46328315e534" />
      <TestMethod codeBase="F:/TeamCity/buildAgent/work/eee3f59bf291369f/Logitech/Dvs/Web/Test/bin/Debug/Logitech.Dvs.Web.Test.DLL" adapterTypeName="Microsoft.VisualStudio.TestTools.TestTypes.Unit.UnitTestAdapter, Microsoft.VisualStudio.QualityTools.Tips.UnitTest.Adapter" className="Logitech.Dvs.Web.Test.CommerceServiceTests, Logitech.Dvs.Web.Test, Version=1.0.0.0, Culture=neutral, PublicKeyToken=null" name="RevokeKey_Malformed" />
    </UnitTest>
    <UnitTest name="ParseStreamIdFailBadMac" storage="f:\teamcity\buildagent\work\eee3f59bf291369f\logitech\dvs\web\test\bin\debug\logitech.dvs.web.test.dll" id="17df41b6-d325-fc85-51b2-9fd7a6a2bbbc">
      <Css projectStructure="" iteration="" />
      <Owners>
        <Owner name="" />
      </Owners>
      <Execution id="5e9f1a75-96ee-4e96-8ac1-f04dc0dfa93d" />
      <TestMethod codeBase="F:/TeamCity/buildAgent/work/eee3f59bf291369f/Logitech/Dvs/Web/Test/bin/Debug/Logitech.Dvs.Web.Test.DLL" adapterTypeName="Microsoft.VisualStudio.TestTools.TestTypes.Unit.UnitTestAdapter, Microsoft.VisualStudio.QualityTools.Tips.UnitTest.Adapter" className="Logitech.Dvs.Web.Test.LiveStreamTests, Logitech.Dvs.Web.Test, Version=1.0.0.0, Culture=neutral, PublicKeyToken=null" name="ParseStreamIdFailBadMac" />
    </UnitTest>
    <UnitTest name="UpdateExisting" storage="f:\teamcity\buildagent\work\eee3f59bf291369f\logitech\dvs\web\test\bin\debug\logitech.dvs.web.test.dll" id="61d5b782-8476-0d04-5f6f-a155ef2079d3">
      <Css projectStructure="" iteration="" />
      <Description>Can update existing credentials for the current user.</Description>
      <Owners>
        <Owner name="" />
      </Owners>
      <Execution id="e5bee7d3-5db4-4442-b499-5e439a374a31" />
      <TestMethod codeBase="F:/TeamCity/buildAgent/work/eee3f59bf291369f/Logitech/Dvs/Web/Test/bin/Debug/Logitech.Dvs.Web.Test.DLL" adapterTypeName="Microsoft.VisualStudio.TestTools.TestTypes.Unit.UnitTestAdapter, Microsoft.VisualStudio.QualityTools.Tips.UnitTest.Adapter" className="Logitech.Dvs.Web.Test.Model.ExternalCredentialsTests, Logitech.Dvs.Web.Test, Version=1.0.0.0, Culture=neutral, PublicKeyToken=null" name="UpdateExisting" />
    </UnitTest>
    <UnitTest name="ShareAutoKeywords" storage="f:\teamcity\buildagent\work\eee3f59bf291369f\logitech\dvs\web\test\bin\debug\logitech.dvs.web.test.dll" id="71878c70-c570-8350-9e8f-4290762d97f8">
      <Css projectStructure="" iteration="" />
      <Description>Fills in key words if none are provided when sharing.</Description>
      <Owners>
        <Owner name="" />
      </Owners>
      <Execution id="874990f3-cb58-4029-b3f7-3b8f8191646f" />
      <TestMethod codeBase="F:/TeamCity/buildAgent/work/eee3f59bf291369f/Logitech/Dvs/Web/Test/bin/Debug/Logitech.Dvs.Web.Test.DLL" adapterTypeName="Microsoft.VisualStudio.TestTools.TestTypes.Unit.UnitTestAdapter, Microsoft.VisualStudio.QualityTools.Tips.UnitTest.Adapter" className="Logitech.Dvs.Web.Test.Model.YouTubeServiceTests, Logitech.Dvs.Web.Test, Version=1.0.0.0, Culture=neutral, PublicKeyToken=null" name="ShareAutoKeywords" />
    </UnitTest>
    <UnitTest name="StopStreamIdOut" storage="f:\teamcity\buildagent\work\eee3f59bf291369f\logitech\dvs\web\test\bin\debug\logitech.dvs.web.test.dll" id="2162af3d-17b6-d8c3-a049-b758fc6ecbe6">
      <Css projectStructure="" iteration="" />
      <Owners>
        <Owner name="" />
      </Owners>
      <Execution id="b9e0f689-0a37-476c-9bca-0f961a25ab9c" />
      <TestMethod codeBase="F:/TeamCity/buildAgent/work/eee3f59bf291369f/Logitech/Dvs/Web/Test/bin/Debug/Logitech.Dvs.Web.Test.DLL" adapterTypeName="Microsoft.VisualStudio.TestTools.TestTypes.Unit.UnitTestAdapter, Microsoft.VisualStudio.QualityTools.Tips.UnitTest.Adapter" className="Logitech.Dvs.Web.Test.LiveStreamTests, Logitech.Dvs.Web.Test, Version=1.0.0.0, Culture=neutral, PublicKeyToken=null" name="StopStreamIdOut" />
    </UnitTest>
    <UnitTest name="MergeEnumerable_Multiple" storage="f:\teamcity\buildagent\work\eee3f59bf291369f\logitech\dvs\test\bin\debug\logitech.dvs.test.dll" id="bcacaa8d-7c9f-3762-0ab0-06c0f2d4905f">
      <Css projectStructure="" iteration="" />
      <Description>MergeEnumerable can enumerate a multiple sorted IEnumerable in sorted order.</Description>
      <Owners>
        <Owner name="" />
      </Owners>
      <Execution id="f068c9a2-0857-4426-9d56-77537c43912a" />
      <TestMethod codeBase="F:/TeamCity/buildAgent/work/eee3f59bf291369f/Logitech/Dvs/Test/bin/Debug/Logitech.Dvs.Test.DLL" adapterTypeName="Microsoft.VisualStudio.TestTools.TestTypes.Unit.UnitTestAdapter, Microsoft.VisualStudio.QualityTools.Tips.UnitTest.Adapter" className="Logitech.Dvs.Test.VideoFileServiceTests, Logitech.Dvs.Test, Version=1.0.0.0, Culture=neutral, PublicKeyToken=null" name="MergeEnumerable_Multiple" />
    </UnitTest>
    <UnitTest name="FileNameSafe" storage="f:\teamcity\buildagent\work\eee3f59bf291369f\logitech\dvs\test\bin\debug\logitech.dvs.test.dll" id="1a1ad031-23a0-7e4e-0ece-2782c90931bb">
      <Css projectStructure="" iteration="" />
      <Description>Sanitizes keys for use as file names.</Description>
      <Owners>
        <Owner name="" />
      </Owners>
      <Execution id="27fbd9b9-ba05-43a2-be5a-bd03fcf7b67e" />
      <TestMethod codeBase="F:/TeamCity/buildAgent/work/eee3f59bf291369f/Logitech/Dvs/Test/bin/Debug/Logitech.Dvs.Test.DLL" adapterTypeName="Microsoft.VisualStudio.TestTools.TestTypes.Unit.UnitTestAdapter, Microsoft.VisualStudio.QualityTools.Tips.UnitTest.Adapter" className="Logitech.Dvs.Test.FileObjectStoreTests, Logitech.Dvs.Test, Version=1.0.0.0, Culture=neutral, PublicKeyToken=null" name="FileNameSafe" />
    </UnitTest>
    <UnitTest name="VideoDataRateIsSet" storage="f:\teamcity\buildagent\work\eee3f59bf291369f\logitech\dvs\web\test\bin\debug\logitech.dvs.web.test.dll" id="aaa03e81-c4a1-b502-2770-5bc61c569b15">
      <Css projectStructure="" iteration="" />
      <Owners>
        <Owner name="" />
      </Owners>
      <Execution id="855e2d3a-1f8f-4024-9142-10963cf7c3f7" />
      <TestMethod codeBase="F:/TeamCity/buildAgent/work/eee3f59bf291369f/Logitech/Dvs/Web/Test/bin/Debug/Logitech.Dvs.Web.Test.DLL" adapterTypeName="Microsoft.VisualStudio.TestTools.TestTypes.Unit.UnitTestAdapter, Microsoft.VisualStudio.QualityTools.Tips.UnitTest.Adapter" className="Logitech.Dvs.Web.Test.LiveStreamTests, Logitech.Dvs.Web.Test, Version=1.0.0.0, Culture=neutral, PublicKeyToken=null" name="VideoDataRateIsSet" />
    </UnitTest>
    <UnitTest name="UploadNoData" storage="f:\teamcity\buildagent\work\eee3f59bf291369f\logitech\dvs\web\test\bin\debug\logitech.dvs.web.test.dll" id="01e483e8-fb5d-59e6-11a2-f59a1ea87dd7">
      <Css projectStructure="" iteration="" />
      <Description>Upload fails if the content-length header value is zero.</Description>
      <Owners>
        <Owner name="" />
      </Owners>
      <Execution id="93aea0d7-6bf0-4d35-a4c6-7461265955fc" />
      <TestMethod codeBase="F:/TeamCity/buildAgent/work/eee3f59bf291369f/Logitech/Dvs/Web/Test/bin/Debug/Logitech.Dvs.Web.Test.DLL" adapterTypeName="Microsoft.VisualStudio.TestTools.TestTypes.Unit.UnitTestAdapter, Microsoft.VisualStudio.QualityTools.Tips.UnitTest.Adapter" className="Logitech.Dvs.Web.Test.FileRelayServiceTests, Logitech.Dvs.Web.Test, Version=1.0.0.0, Culture=neutral, PublicKeyToken=null" name="UploadNoData" />
    </UnitTest>
    <UnitTest name="Send_MapPacketException" storage="f:\teamcity\buildagent\work\eee3f59bf291369f\logitech\dvs\messaging\test\bin\debug\logitech.dvs.messaging.test.dll" id="518be02c-49a1-5076-9386-db85ba8943b6">
      <Css projectStructure="" iteration="" />
      <Description>Send maps other packet exceptions to HTTP 500.</Description>
      <Owners>
        <Owner name="" />
      </Owners>
      <Execution id="e0eec3c6-1eb9-49f3-8df4-8d2fe198f322" />
      <TestMethod codeBase="F:/TeamCity/buildAgent/work/eee3f59bf291369f/Logitech/Dvs/Messaging/Test/bin/Debug/Logitech.Dvs.Messaging.Test.DLL" adapterTypeName="Microsoft.VisualStudio.TestTools.TestTypes.Unit.UnitTestAdapter, Microsoft.VisualStudio.QualityTools.Tips.UnitTest.Adapter" className="Logitech.Dvs.Messaging.Test.XmppMessageManagerTests, Logitech.Dvs.Messaging.Test, Version=1.0.0.0, Culture=neutral, PublicKeyToken=null" name="Send_MapPacketException" />
    </UnitTest>
    <UnitTest name="NoSavedUserName" storage="f:\teamcity\buildagent\work\eee3f59bf291369f\logitech\dvs\web\test\bin\debug\logitech.dvs.web.test.dll" id="cbb5be5f-52c6-0ace-5611-c772f8e7deee">
      <Css projectStructure="" iteration="" />
      <Description>Doesn't include the user name part of saved credentials if they don't exist.</Description>
      <Owners>
        <Owner name="" />
      </Owners>
      <Execution id="11d709ce-76c4-4547-9008-67a5f34a3614" />
      <TestMethod codeBase="F:/TeamCity/buildAgent/work/eee3f59bf291369f/Logitech/Dvs/Web/Test/bin/Debug/Logitech.Dvs.Web.Test.DLL" adapterTypeName="Microsoft.VisualStudio.TestTools.TestTypes.Unit.UnitTestAdapter, Microsoft.VisualStudio.QualityTools.Tips.UnitTest.Adapter" className="Logitech.Dvs.Web.Test.Model.YouTubeServiceTests, Logitech.Dvs.Web.Test, Version=1.0.0.0, Culture=neutral, PublicKeyToken=null" name="NoSavedUserName" />
    </UnitTest>
    <UnitTest name="AllowRoles_IsNotAuthorized" storage="f:\teamcity\buildagent\work\eee3f59bf291369f\logitech\dvs\web\test\bin\debug\logitech.dvs.web.test.dll" id="5a3091d9-a800-1de6-5284-c01298243929">
      <Css projectStructure="" iteration="" />
      <Owners>
        <Owner name="" />
      </Owners>
      <Execution id="84d2e36c-5c2d-4739-b6b8-414befc10c93" />
      <TestMethod codeBase="F:/TeamCity/buildAgent/work/eee3f59bf291369f/Logitech/Dvs/Web/Test/bin/Debug/Logitech.Dvs.Web.Test.DLL" adapterTypeName="Microsoft.VisualStudio.TestTools.TestTypes.Unit.UnitTestAdapter, Microsoft.VisualStudio.QualityTools.Tips.UnitTest.Adapter" className="Logitech.Dvs.Web.Test.RoleSecurityAttributeTests, Logitech.Dvs.Web.Test, Version=1.0.0.0, Culture=neutral, PublicKeyToken=null" name="AllowRoles_IsNotAuthorized" />
    </UnitTest>
[...]
    </UnitTestResult>
    <UnitTestResult executionId="51a306d9-9b44-4982-bf73-564d3e1138d0" testId="d1280bf6-a6ac-bfb2-1fcf-aafebc04eca5" testName="ResourceIdMatchPutData" computerName="US07SBUILD01" duration="00:00:00.0029453" startTime="2010-07-27T16:24:24.1206450-06:00" endTime="2010-07-27T16:24:24.1274805-06:00" testType="13cdc9d9-ddb5-4fa4-a97d-d965ccfc6d4b" outcome="Passed" testListId="8c84fa94-04c1-424b-9868-57a2d4851a1d">
      <Output>
      </Output>
    </UnitTestResult>
    <UnitTestResult executionId="a603d885-3795-43cb-bb29-5d5da35c5b04" testId="484561d4-7ff4-2268-e9a3-02f50bd11545" testName="SiteChangeNotification" computerName="US07SBUILD01" duration="00:00:00.3514161" startTime="2010-07-27T16:24:24.1313865-06:00" endTime="2010-07-27T16:24:24.4858560-06:00" testType="13cdc9d9-ddb5-4fa4-a97d-d965ccfc6d4b" outcome="Passed" testListId="8c84fa94-04c1-424b-9868-57a2d4851a1d">
      <Output>
      </Output>
    </UnitTestResult>
    <UnitTestResult executionId="b1078a92-52d5-48cb-97af-57dc442983e3" testId="f9171202-42d3-e721-4a22-d62f3021770b" testName="SiteNotFound" computerName="US07SBUILD01" duration="00:00:00.0138431" startTime="2010-07-27T16:24:24.4878090-06:00" endTime="2010-07-27T16:24:24.5092920-06:00" testType="13cdc9d9-ddb5-4fa4-a97d-d965ccfc6d4b" outcome="Passed" testListId="8c84fa94-04c1-424b-9868-57a2d4851a1d">
      <Output>
      </Output>
    </UnitTestResult>
    <UnitTestResult executionId="349a1324-a700-42b6-a992-b827761ba789" testId="a79f4558-938b-b381-8bd6-2b8aa952f320" testName="TestDeleteSite" computerName="US07SBUILD01" duration="00:00:00.0291333" startTime="2010-07-27T16:24:24.5112450-06:00" endTime="2010-07-27T16:24:24.5493285-06:00" testType="13cdc9d9-ddb5-4fa4-a97d-d965ccfc6d4b" outcome="Passed" testListId="8c84fa94-04c1-424b-9868-57a2d4851a1d">
      <Output>
      </Output>
    </UnitTestResult>
    <UnitTestResult executionId="28e9ea12-7bb6-4158-b547-d7052f838e5a" testId="c8c5e2b4-7393-08dc-10e2-d6faef315820" testName="TestDeleteSiteSecurity" computerName="US07SBUILD01" duration="00:00:00.0159654" startTime="2010-07-27T16:24:24.5512815-06:00" endTime="2010-07-27T16:24:24.5737410-06:00" testType="13cdc9d9-ddb5-4fa4-a97d-d965ccfc6d4b" outcome="Passed" testListId="8c84fa94-04c1-424b-9868-57a2d4851a1d">
      <Output>
      </Output>
    </UnitTestResult>
    <UnitTestResult executionId="02988631-9e45-4008-b0e0-5e24f26e2490" testId="e1225170-b56b-e33b-5d40-b101d0d60a93" testName="UpdateSite" computerName="US07SBUILD01" duration="00:00:00.0342476" startTime="2010-07-27T16:24:24.5756940-06:00" endTime="2010-07-27T16:24:24.6245190-06:00" testType="13cdc9d9-ddb5-4fa4-a97d-d965ccfc6d4b" outcome="Passed" testListId="8c84fa94-04c1-424b-9868-57a2d4851a1d">
      <Output>
      </Output>
    </UnitTestResult>
    <UnitTestResult executionId="f7fc874c-fa76-4e9e-95c3-21adeb554ad3" testId="095dd165-99bd-9bb7-cdf7-ae12a0e10509" testName="DeleteSupportUser_Succeeds" computerName="US07SBUILD01" duration="00:00:00.1340902" startTime="2010-07-27T16:24:24.6430725-06:00" endTime="2010-07-27T16:24:24.7944300-06:00" testType="13cdc9d9-ddb5-4fa4-a97d-d965ccfc6d4b" outcome="Passed" testListId="8c84fa94-04c1-424b-9868-57a2d4851a1d">
      <Output>
      </Output>
    </UnitTestResult>
    <UnitTestResult executionId="91195370-7f30-498d-9f2e-2ce4c142aae9" testId="5081daa7-0188-7815-d711-e2a9248fb260" testName="FindCustomer_First_Last" computerName="US07SBUILD01" duration="00:00:00.0916244" startTime="2010-07-27T16:24:24.7954065-06:00" endTime="2010-07-27T16:24:24.8950105-06:00" testType="13cdc9d9-ddb5-4fa4-a97d-d965ccfc6d4b" outcome="Passed" testListId="8c84fa94-04c1-424b-9868-57a2d4851a1d">
      <Output>
      </Output>
    </UnitTestResult>
    <UnitTestResult executionId="55e098f9-9880-41a9-9012-6f714f78b0cc" testId="070f280e-1211-af84-c8f7-33777304d4d5" testName="FindCustomers_ExactEmail" computerName="US07SBUILD01" duration="00:00:00.0410096" startTime="2010-07-27T16:24:24.8969635-06:00" endTime="2010-07-27T16:24:24.9438355-06:00" testType="13cdc9d9-ddb5-4fa4-a97d-d965ccfc6d4b" outcome="Passed" testListId="8c84fa94-04c1-424b-9868-57a2d4851a1d">
      <Output>
      </Output>
    </UnitTestResult>
    <UnitTestResult executionId="f64cbc4b-4908-4d01-aeb0-45e5f3cb1e5b" testId="64751159-550c-8189-f78b-5adf75923f85" testName="FindCustomers_Last_Comma_First" computerName="US07SBUILD01" duration="00:00:00.0474236" startTime="2010-07-27T16:24:24.9467650-06:00" endTime="2010-07-27T16:24:25.0043785-06:00" testType="13cdc9d9-ddb5-4fa4-a97d-d965ccfc6d4b" outcome="Passed" testListId="8c84fa94-04c1-424b-9868-57a2d4851a1d">
      <Output>
      </Output>
    </UnitTestResult>
    <UnitTestResult executionId="d97ed872-9ff9-4923-a10f-8100d0e086ce" testId="84a66a25-e26d-1d6a-bb8b-512b3fae0c7e" testName="FindCustomers_LastName_StartsWith" computerName="US07SBUILD01" duration="00:00:00.0254901" startTime="2010-07-27T16:24:25.0219565-06:00" endTime="2010-07-27T16:24:25.0395335-06:00" testType="13cdc9d9-ddb5-4fa4-a97d-d965ccfc6d4b" outcome="Passed" testListId="8c84fa94-04c1-424b-9868-57a2d4851a1d">
      <Output>
      </Output>
    </UnitTestResult>
    <UnitTestResult executionId="f9afbb03-2ad5-4422-9811-98bc6fac5d17" testId="33d3d3bf-2d62-a4b9-1265-7dfb56cd3ee4" testName="FindCustomers_MacAddress" computerName="US07SBUILD01" duration="00:00:00.0269587" startTime="2010-07-27T16:24:25.0424630-06:00" endTime="2010-07-27T16:24:25.0766405-06:00" testType="13cdc9d9-ddb5-4fa4-a97d-d965ccfc6d4b" outcome="Passed" testListId="8c84fa94-04c1-424b-9868-57a2d4851a1d">
      <Output>
      </Output>
    </UnitTestResult>
    <UnitTestResult executionId="6beb300b-5d6d-4b61-b99d-2d2456b93566" testId="377ad911-bf4f-3a20-9eb8-7d308fe0b249" testName="FindCustomers_NoResults_LastName" computerName="US07SBUILD01" duration="00:00:00.0104918" startTime="2010-07-27T16:24:25.0785935-06:00" endTime="2010-07-27T16:24:25.0971470-06:00" testType="13cdc9d9-ddb5-4fa4-a97d-d965ccfc6d4b" outcome="Passed" testListId="8c84fa94-04c1-424b-9868-57a2d4851a1d">
      <Output>
      </Output>
    </UnitTestResult>
    <UnitTestResult executionId="42822ab4-5709-4485-86af-015d186b7431" testId="98b4821c-fcd4-7d4e-5984-aa244d43b6fc" testName="FindCustomers_PartialEmail" computerName="US07SBUILD01" duration="00:00:00.0105443" startTime="2010-07-27T16:24:25.0981235-06:00" endTime="2010-07-27T16:24:25.1127710-06:00" testType="13cdc9d9-ddb5-4fa4-a97d-d965ccfc6d4b" outcome="Passed" testListId="8c84fa94-04c1-424b-9868-57a2d4851a1d">
      <Output>
      </Output>
    </UnitTestResult>
    <UnitTestResult executionId="1dd6a0a2-0aef-4d12-9c16-9ba04ff3f3e5" testId="9d256a5b-98bf-7774-3bfb-eaa9b25b373a" testName="FindCustomers_ProductKey_Delimited" computerName="US07SBUILD01" duration="00:00:00.0135095" startTime="2010-07-27T16:24:25.1166770-06:00" endTime="2010-07-27T16:24:25.1352305-06:00" testType="13cdc9d9-ddb5-4fa4-a97d-d965ccfc6d4b" outcome="Passed" testListId="8c84fa94-04c1-424b-9868-57a2d4851a1d">
      <Output>
      </Output>
    </UnitTestResult>
    <UnitTestResult executionId="757e65b6-a4cd-4fff-9256-685a04e83b33" testId="cd32ee02-cad1-f47b-fc16-d6b7d0d0e743" testName="GetCustomerDetailInfo_UserNotFound" computerName="US07SBUILD01" duration="00:00:00.0179709" startTime="2010-07-27T16:24:25.1362070-06:00" endTime="2010-07-27T16:24:25.1576900-06:00" testType="13cdc9d9-ddb5-4fa4-a97d-d965ccfc6d4b" outcome="Passed" testListId="8c84fa94-04c1-424b-9868-57a2d4851a1d">
      <Output>
      </Output>
    </UnitTestResult>
    <UnitTestResult executionId="ab07d712-7c23-4c8a-8987-0fd00bc6a348" testId="016754e4-bb80-6970-89b2-50ba660633d5" testName="GetQueryIndexParam_Invalid" computerName="US07SBUILD01" duration="00:00:00.0038387" startTime="2010-07-27T16:24:25.1586665-06:00" endTime="2010-07-27T16:24:25.1674550-06:00" testType="13cdc9d9-ddb5-4fa4-a97d-d965ccfc6d4b" outcome="Passed" testListId="8c84fa94-04c1-424b-9868-57a2d4851a1d">
      <Output>
      </Output>
    </UnitTestResult>
    <UnitTestResult executionId="f75d4d02-664a-4c5e-b597-30d4553117f9" testId="d08e75d3-cf16-798f-e223-fbe200d2c1c1" testName="GetQueryIndexParam_OutOfRange" computerName="US07SBUILD01" duration="00:00:00.0035786" startTime="2010-07-27T16:24:25.1703845-06:00" endTime="2010-07-27T16:24:25.1772200-06:00" testType="13cdc9d9-ddb5-4fa4-a97d-d965ccfc6d4b" outcome="Passed" testListId="8c84fa94-04c1-424b-9868-57a2d4851a1d">
      <Output>
      </Output>
    </UnitTestResult>
    <UnitTestResult executionId="7704b2b5-894d-4701-b66b-ced149f4fc51" testId="ae1f9064-ec2c-8cf3-b9cf-315800274251" testName="GetQueryPageSizeParam_OutOfRange" computerName="US07SBUILD01" duration="00:00:00.0033512" startTime="2010-07-27T16:24:25.1791730-06:00" endTime="2010-07-27T16:24:25.1850320-06:00" testType="13cdc9d9-ddb5-4fa4-a97d-d965ccfc6d4b" outcome="Passed" testListId="8c84fa94-04c1-424b-9868-57a2d4851a1d">
      <Output>
      </Output>
    </UnitTestResult>
    <UnitTestResult executionId="6f4d20ab-a953-492b-a7ed-9f5f59a3cf24" testId="c15ebafe-119a-8b55-613c-e54acfeaf216" testName="GetQueryPageSizeParam_ParseFails" computerName="US07SBUILD01" duration="00:00:00.0058200" startTime="2010-07-27T16:24:25.1879615-06:00" endTime="2010-07-27T16:24:25.1996795-06:00" testType="13cdc9d9-ddb5-4fa4-a97d-d965ccfc6d4b" outcome="Passed" testListId="8c84fa94-04c1-424b-9868-57a2d4851a1d">
      <Output>
      </Output>
    </UnitTestResult>
    <UnitTestResult executionId="be1d5cfd-9df1-44fa-93c6-3c6c76443813" testId="07e52639-7084-4242-a4bf-9cc2aacf4022" testName="GetSupportUserList_ReturnAll" computerName="US07SBUILD01" duration="00:00:00.0182995" startTime="2010-07-27T16:24:25.2006560-06:00" endTime="2010-07-27T16:24:25.2250685-06:00" testType="13cdc9d9-ddb5-4fa4-a97d-d965ccfc6d4b" outcome="Passed" testListId="8c84fa94-04c1-424b-9868-57a2d4851a1d">
      <Output>
      </Output>
    </UnitTestResult>
    <UnitTestResult executionId="f2788626-ac92-487b-baec-71ee3e1bf2b7" testId="025623ff-8aa4-03b9-95bf-dadf44e67d04" testName="GetSupportUserList_ReturnAll_LocationNotFound" computerName="US07SBUILD01" duration="00:00:00.0055970" startTime="2010-07-27T16:24:25.2250685-06:00" endTime="2010-07-27T16:24:25.2358100-06:00" testType="13cdc9d9-ddb5-4fa4-a97d-d965ccfc6d4b" outcome="Passed" testListId="8c84fa94-04c1-424b-9868-57a2d4851a1d">
      <Output>
      </Output>
    </UnitTestResult>
    <UnitTestResult executionId="fa090bb0-e494-4706-9021-5ed9cade923a" testId="b3c8bdfc-5ee6-a3a3-57fe-74c626d992e6" testName="MixedRolesStillWork" computerName="US07SBUILD01" duration="00:00:00.0016454" startTime="2010-07-27T16:24:25.2387395-06:00" endTime="2010-07-27T16:24:25.2436220-06:00" testType="13cdc9d9-ddb5-4fa4-a97d-d965ccfc6d4b" outcome="Passed" testListId="8c84fa94-04c1-424b-9868-57a2d4851a1d">
      <Output>
      </Output>
    </UnitTestResult>
    <UnitTestResult executionId="38b02e38-72b4-401d-a55e-10999cec98a3" testId="9432912d-5287-562c-a8c6-63a7ad09ea36" testName="NonSupportUserReturnsNeg1" computerName="US07SBUILD01" duration="00:00:00.0012068" startTime="2010-07-27T16:24:25.2436220-06:00" endTime="2010-07-27T16:24:25.2494810-06:00" testType="13cdc9d9-ddb5-4fa4-a97d-d965ccfc6d4b" outcome="Passed" testListId="8c84fa94-04c1-424b-9868-57a2d4851a1d">
      <Output>
      </Output>
    </UnitTestResult>
    <UnitTestResult executionId="ee4dbd60-385a-4852-9874-318afe690eb9" testId="c4cf1838-9271-c8fd-5d32-06e589f77ae9" testName="SupportAdminReturns2" computerName="US07SBUILD01" duration="00:00:00.0011311" startTime="2010-07-27T16:24:25.2504575-06:00" endTime="2010-07-27T16:24:25.2563165-06:00" testType="13cdc9d9-ddb5-4fa4-a97d-d965ccfc6d4b" outcome="Passed" testListId="8c84fa94-04c1-424b-9868-57a2d4851a1d">
      <Output>
      </Output>
    </UnitTestResult>
    <UnitTestResult executionId="02f80867-fb26-440e-9b93-341566a76d83" testId="2921dc7f-4373-4993-073b-6a02cff4cb8c" testName="SupportManagerReturns1" computerName="US07SBUILD01" duration="00:00:00.0011970" startTime="2010-07-27T16:24:25.2572930-06:00" endTime="2010-07-27T16:24:25.2660815-06:00" testType="13cdc9d9-ddb5-4fa4-a97d-d965ccfc6d4b" outcome="Passed" testListId="8c84fa94-04c1-424b-9868-57a2d4851a1d">
      <Output>
      </Output>
    </UnitTestResult>
    <UnitTestResult executionId="314cbeda-6465-49ac-859b-d6105398c642" testId="74b85d73-6266-98a9-3ad5-010c26e2a7ba" testName="SupportTechReturns0" computerName="US07SBUILD01" duration="00:00:00.0013188" startTime="2010-07-27T16:24:25.2768230-06:00" endTime="2010-07-27T16:24:25.2836585-06:00" testType="13cdc9d9-ddb5-4fa4-a97d-d965ccfc6d4b" outcome="Passed" testListId="8c84fa94-04c1-424b-9868-57a2d4851a1d">
      <Output>
      </Output>
    </UnitTestResult>
    <UnitTestResult executionId="19961ddd-5bc7-4e43-96d2-6390621e81b1" testId="7446a4da-08dd-641c-70aa-e66239b9ec7f" testName="UpdateSupportUser_Location_NotFound" computerName="US07SBUILD01" duration="00:00:00.0064868" startTime="2010-07-27T16:24:25.2846350-06:00" endTime="2010-07-27T16:24:25.2963530-06:00" testType="13cdc9d9-ddb5-4fa4-a97d-d965ccfc6d4b" outcome="Passed" testListId="8c84fa94-04c1-424b-9868-57a2d4851a1d">
      <Output>
      </Output>
    </UnitTestResult>
    <UnitTestResult executionId="0f350e50-5d67-4e35-991b-5f2925229872" testId="dc795418-04b0-d1d3-9a7b-cb941916f128" testName="UpdateSupportUser_Location_Succeeds" computerName="US07SBUILD01" duration="00:00:00.0054140" startTime="2010-07-27T16:24:25.2973295-06:00" endTime="2010-07-27T16:24:25.3061180-06:00" testType="13cdc9d9-ddb5-4fa4-a97d-d965ccfc6d4b" outcome="Passed" testListId="8c84fa94-04c1-424b-9868-57a2d4851a1d">
      <Output>
      </Output>
    </UnitTestResult>
    <UnitTestResult executionId="1dea4941-0de1-43dd-b501-65339f8a6040" testId="9b99b463-ef35-95a4-d97d-44c640692673" testName="UpdateSupportUser_Role_SupportAdmin" computerName="US07SBUILD01" duration="00:00:00.0046637" startTime="2010-07-27T16:24:25.3070945-06:00" endTime="2010-07-27T16:24:25.3168595-06:00" testType="13cdc9d9-ddb5-4fa4-a97d-d965ccfc6d4b" outcome="Passed" testListId="8c84fa94-04c1-424b-9868-57a2d4851a1d">
      <Output>
      </Output>
    </UnitTestResult>
    <UnitTestResult executionId="11f5e1e7-4bfd-4060-afa4-bfe802bfd14c" testId="75bdbe14-6c23-d779-33ae-7b4d2fe28f9a" testName="UpdateSupportUser_Role_SupportManager" computerName="US07SBUILD01" duration="00:00:00.0039370" startTime="2010-07-27T16:24:25.3168595-06:00" endTime="2010-07-27T16:24:25.3256480-06:00" testType="13cdc9d9-ddb5-4fa4-a97d-d965ccfc6d4b" outcome="Passed" testListId="8c84fa94-04c1-424b-9868-57a2d4851a1d">
      <Output>
      </Output>
    </UnitTestResult>
    <UnitTestResult executionId="88e58a74-61a2-4501-acf9-c2b3314e6f7b" testId="2473f402-63a0-27d8-9b50-46aa4a8bbf8c" testName="UpdateSupportUser_Role_SupportTech" computerName="US07SBUILD01" duration="00:00:00.0040544" startTime="2010-07-27T16:24:25.3266245-06:00" endTime="2010-07-27T16:24:25.3451780-06:00" testType="13cdc9d9-ddb5-4fa4-a97d-d965ccfc6d4b" outcome="Passed" testListId="8c84fa94-04c1-424b-9868-57a2d4851a1d">
      <Output>
      </Output>
    </UnitTestResult>
    <UnitTestResult executionId="c8bdf0d5-4c29-43d9-b16e-6be7cde63991" testId="39156b50-2cbc-b3bb-8515-a275e94858c0" testName="TestAlertTemplate_Image" computerName="US07SBUILD01" duration="00:00:00.2201631" startTime="2010-07-27T16:24:25.3461545-06:00" endTime="2010-07-27T16:24:25.5707495-06:00" testType="13cdc9d9-ddb5-4fa4-a97d-d965ccfc6d4b" outcome="Passed" testListId="8c84fa94-04c1-424b-9868-57a2d4851a1d">
      <Output>
      </Output>
    </UnitTestResult>
    <UnitTestResult executionId="0e705729-6a20-44ad-94e6-b0c3ac78b611" testId="ed16e022-71cf-584c-0610-70b051feb390" testName="TestAlertTemplate_TextOnly" computerName="US07SBUILD01" duration="00:00:00.0160333" startTime="2010-07-27T16:24:25.5717260-06:00" endTime="2010-07-27T16:24:25.5932090-06:00" testType="13cdc9d9-ddb5-4fa4-a97d-d965ccfc6d4b" outcome="Passed" testListId="8c84fa94-04c1-424b-9868-57a2d4851a1d">
      <Output>
      </Output>
    </UnitTestResult>
    <UnitTestResult executionId="a40b555c-f27c-425b-bf18-1304d4c87294" testId="963610ce-b904-2542-374d-4d57c3335e71" testName="TestChangePasswordTemplate_TextOnly" computerName="US07SBUILD01" duration="00:00:00.0114372" startTime="2010-07-27T16:24:25.5961385-06:00" endTime="2010-07-27T16:24:25.6127390-06:00" testType="13cdc9d9-ddb5-4fa4-a97d-d965ccfc6d4b" outcome="Passed" testListId="8c84fa94-04c1-424b-9868-57a2d4851a1d">
      <Output>
      </Output>
    </UnitTestResult>
    <UnitTestResult executionId="14f66217-3193-4dc1-bbd8-7bab0c8363ee" testId="c4da9bb7-ad2b-a073-5aef-fe6225f38e3e" testName="TestChangeUsernameTemplate_TextOnly" computerName="US07SBUILD01" duration="00:00:00.0139238" startTime="2010-07-27T16:24:25.6137155-06:00" endTime="2010-07-27T16:24:25.6342220-06:00" testType="13cdc9d9-ddb5-4fa4-a97d-d965ccfc6d4b" outcome="Passed" testListId="8c84fa94-04c1-424b-9868-57a2d4851a1d">
      <Output>
      </Output>
    </UnitTestResult>
    <UnitTestResult executionId="849b05cc-afa2-42a8-8086-17337eee3cf4" testId="662508b4-f085-f22d-3de7-0fdaafabeb6a" testName="TestResetPasswordTemplate_TextOnly" computerName="US07SBUILD01" duration="00:00:00.0246592" startTime="2010-07-27T16:24:25.6351985-06:00" endTime="2010-07-27T16:24:25.6654700-06:00" testType="13cdc9d9-ddb5-4fa4-a97d-d965ccfc6d4b" outcome="Passed" testListId="8c84fa94-04c1-424b-9868-57a2d4851a1d">
      <Output>
      </Output>
    </UnitTestResult>
    <UnitTestResult executionId="ce56cdfb-3228-4c5e-9e70-114a846cf7c5" testId="adadfdb4-815b-5b39-8aa5-28696d1ce15b" testName="TestWelcomeNewUserTemplate_TextOnly" computerName="US07SBUILD01" duration="00:00:00.0080451" startTime="2010-07-27T16:24:25.6674230-06:00" endTime="2010-07-27T16:24:25.6801175-06:00" testType="13cdc9d9-ddb5-4fa4-a97d-d965ccfc6d4b" outcome="Passed" testListId="8c84fa94-04c1-424b-9868-57a2d4851a1d">
      <Output>
      </Output>
    </UnitTestResult>
    <UnitTestResult executionId="59612160-c739-4b6b-9f67-4bdcaa6ef0cf" testId="97b5cac0-802d-5be6-5d9c-def4088fa9d7" testName="ValidateTransferXml" computerName="US07SBUILD01" duration="00:00:00.0023827" startTime="2010-07-27T16:24:25.6850000-06:00" endTime="2010-07-27T16:24:25.6918355-06:00" testType="13cdc9d9-ddb5-4fa4-a97d-d965ccfc6d4b" outcome="Passed" testListId="8c84fa94-04c1-424b-9868-57a2d4851a1d">
      <Output>
        <DebugTrace>*********************************************************************************************
﻿&lt;?xml version="1.0" encoding="utf-8"?&gt;
&lt;iq id="33" type="set"&gt;
  &lt;Transfer xmlns="urn:logitech-com:logitech-alert:device:media:recording:file"&gt;
    &lt;MediaRecording id="12345" xmlns="urn:logitech-com:logitech-alert:device:media:recording:file" /&gt;
    &lt;FileTransfer xmlns="urn:logitech-com:logitech-alert:file-transfer"&gt;
      &lt;TransferMethod type="urn:logitech-com:logitech-alert:file-transfer:method:http:post"&gt;
        &lt;Property name="Url" value="http://xdevw01.dvs.logitech.com/clips/FF-01-AB-22-33-01/12345" /&gt;
        &lt;Property name="UseOnlineAuthToken" value="1" /&gt;
      &lt;/TransferMethod&gt;
    &lt;/FileTransfer&gt;
  &lt;/Transfer&gt;
&lt;/iq&gt;
*********************************************************************************************
</DebugTrace>
      </Output>
    </UnitTestResult>
    <UnitTestResult executionId="90470020-e7b6-48b6-ab9c-2286de30d511" testId="3774576f-f7ef-72ad-6d17-57888d12ea59" testName="HeadersAreAdded" computerName="US07SBUILD01" duration="00:00:00.0032523" startTime="2010-07-27T16:24:25.6937885-06:00" endTime="2010-07-27T16:24:25.7045300-06:00" testType="13cdc9d9-ddb5-4fa4-a97d-d965ccfc6d4b" outcome="Passed" testListId="8c84fa94-04c1-424b-9868-57a2d4851a1d">
      <Output>
      </Output>
    </UnitTestResult>
  </Results>
</TestRun>