<?xml version="1.0" encoding="UTF-8" ?>
<testsuite errors="0" failures="15" hostname="ruspd-student3" name="TestClass0_0" tests="30" time="1.203"
           timestamp="2008-10-30T17:11:25">
    <properties>
[...]
</properties>
    <testcase classname="TestClass0_0" name="test0" time="0.031"/>
    <testcase classname="TestClass0_0" name="test1" time="0.047">
        <failure message="Assertion message form test" type="junit.framework.AssertionFailedError">
            junit.framework.AssertionFailedError: Assertion message form test
            at TestClass0_0.test1(Unknown Source)
        </failure>
    </testcase>
    <testcase classname="TestClass0_0" name="test2" time="0.015"/>
    <testcase classname="TestClass0_0" name="test3" time="0.047">
        <failure message="Assertion message form test" type="junit.framework.AssertionFailedError">
            junit.framework.AssertionFailedError: Assertion message form test
            at TestClass0_0.test3(Unknown Source)
        </failure>
    </testcase>
    <testcase classname="TestClass0_0" name="test4" time="0.016"/>
    <testcase classname="TestClass0_0" name="test5" time="0.031">
        <failure message="Assertion message form test" type="junit.framework.AssertionFailedError">
            junit.framework.AssertionFailedError: Assertion message form test
            at TestClass0_0.test5(Unknown Source)
        </failure>
    </testcase>
    <testcase classname="TestClass0_0" name="test6" time="0.0"/>
    <testcase classname="TestClass0_0" name="test7" time="0.032">
        <failure message="Assertion message form test" type="junit.framework.AssertionFailedError">
            junit.framework.AssertionFailedError: Assertion message form test
            at TestClass0_0.test7(Unknown Source)
        </failure>
    </testcase>
    <testcase classname="TestClass0_0" name="test8" time="0.015"/>
    <testcase classname="TestClass0_0" name="test9" time="0.032">
        <failure message="Assertion message form test" type="junit.framework.AssertionFailedError">
            junit.framework.AssertionFailedError: Assertion message form test
            at TestClass0_0.test9(Unknown Source)
        </failure>
    </testcase>
    <testcase classname="TestClass0_0" name="test10" time="0.0"/>
    <testcase classname="TestClass0_0" name="test11" time="0.015">
        <failure message="Assertion message form test" type="junit.framework.AssertionFailedError">
            junit.framework.AssertionFailedError: Assertion message form test
            at TestClass0_0.test11(Unknown Source)
        </failure>
    </testcase>
    <testcase classname="TestClass0_0" name="test12" time="0.0"/>
    <testcase classname="TestClass0_0" name="test13" time="0.031">
        <failure message="Assertion message form test" type="junit.framework.AssertionFailedError">
            junit.framework.AssertionFailedError: Assertion message form test
            at TestClass0_0.test13(Unknown Source)
        </failure>
    </testcase>
    <testcase classname="TestClass0_0" name="test14" time="0.016"/>
    <testcase classname="TestClass0_0" name="test15" time="0.031">
        <failure message="Assertion message form test" type="junit.framework.AssertionFailedError">
            junit.framework.AssertionFailedError: Assertion message form test
            at TestClass0_0.test15(Unknown Source)
        </failure>
    </testcase>
    <testcase classname="TestClass0_0" name="test16" time="0.0"/>
    <testcase classname="TestClass0_0" name="test17" time="0.016">
        <failure message="Assertion message form test" type="junit.framework.AssertionFailedError">
            junit.framework.AssertionFailedError: Assertion message form test
            at TestClass0_0.test17(Unknown Source)
        </failure>
    </testcase>
    <testcase classname="TestClass0_0" name="test18" time="0.0"/>
    <testcase classname="TestClass0_0" name="test19" time="0.031">
        <failure message="Assertion message form test" type="junit.framework.AssertionFailedError">
            junit.framework.AssertionFailedError: Assertion message form test
            at TestClass0_0.test19(Unknown Source)
        </failure>
    </testcase>
    <testcase classname="TestClass0_0" name="test20" time="0.016"/>
    <testcase classname="TestClass0_0" name="test21" time="0.016">
        <failure message="Assertion message form test" type="junit.framework.AssertionFailedError">
            junit.framework.AssertionFailedError: Assertion message form test
            at TestClass0_0.test21(Unknown Source)
        </failure>
    </testcase>
    <testcase classname="TestClass0_0" name="test22" time="0.0"/>
    <testcase classname="TestClass0_0" name="test23" time="0.016">
        <failure message="Assertion message form test" type="junit.framework.AssertionFailedError">
            junit.framework.AssertionFailedError: Assertion message form test
            at TestClass0_0.test23(Unknown Source)
        </failure>
    </testcase>
    <testcase classname="TestClass0_0" name="test24" time="0.0"/>
    <testcase classname="TestClass0_0" name="test25" time="0.031">
        <failure message="Assertion message form test" type="junit.framework.AssertionFailedError">
            junit.framework.AssertionFailedError: Assertion message form test
            at TestClass0_0.test25(Unknown Source)
        </failure>
    </testcase>
    <testcase classname="TestClass0_0" name="test26" time="0.0"/>
    <testcase classname="TestClass0_0" name="test27" time="0.015">
        <failure message="Assertion message form test" type="junit.framework.AssertionFailedError">
            junit.framework.AssertionFailedError: Assertion message form test
            at TestClass0_0.test27(Unknown Source)
        </failure>
    </testcase>
    <testcase classname="TestClass0_0" name="test28" time="0.0"/>
    <testcase classname="TestClass0_0" name="test29" time="0.016">
        <failure message="Assertion message form test" type="junit.framework.AssertionFailedError">
            junit.framework.AssertionFailedError: Assertion message form test
            at TestClass0_0.test29(Unknown Source)
        </failure>
    </testcase>
    <system-out><![CDATA[]]></system-out>
    <system-err><![CDATA[]]></system-err>
</testsuite>
